2021-09-13 19:27:30 info: =================================
2021-09-13 19:27:30 info: ======= ENV: development =======
2021-09-13 19:27:30 info: 🚀 App listening on the port 5000
2021-09-13 19:27:30 info: =================================
2021-09-13 19:28:04 info: =================================
2021-09-13 19:28:04 info: ======= ENV: development =======
2021-09-13 19:28:04 info: 🚀 App listening on the port 5000
2021-09-13 19:28:04 info: =================================
2021-09-13 19:28:06 info: MongoError: Authentication failed.
2021-09-13 19:29:11 info: =================================
2021-09-13 19:29:11 info: ======= ENV: development =======
2021-09-13 19:29:11 info: 🚀 App listening on the port 5000
2021-09-13 19:29:11 info: =================================
2021-09-13 19:29:13 info: MongoError: Authentication failed.
2021-09-13 19:29:52 info: =================================
2021-09-13 19:29:52 info: ======= ENV: development =======
2021-09-13 19:29:52 info: 🚀 App listening on the port 5000
2021-09-13 19:29:52 info: =================================
2021-09-13 19:29:54 info: MongoError: Authentication failed.
2021-09-13 19:30:32 info: =================================
2021-09-13 19:30:32 info: ======= ENV: development =======
2021-09-13 19:30:32 info: 🚀 App listening on the port 5000
2021-09-13 19:30:32 info: =================================
2021-09-13 19:31:02 info: MongooseServerSelectionError: connect ECONNREFUSED 127.0.0.1:28056
2021-09-13 19:31:29 info: =================================
2021-09-13 19:31:29 info: ======= ENV: development =======
2021-09-13 19:31:29 info: 🚀 App listening on the port 5000
2021-09-13 19:31:29 info: =================================
2021-09-13 19:31:31 info: MongoError: Authentication failed.
2021-09-13 19:32:17 info: =================================
2021-09-13 19:32:17 info: ======= ENV: development =======
2021-09-13 19:32:17 info: 🚀 App listening on the port 5000
2021-09-13 19:32:17 info: =================================
2021-09-13 19:32:17 info: MongoError: Authentication failed.
2021-09-13 19:37:46 info: =================================
2021-09-13 19:37:46 info: ======= ENV: development =======
2021-09-13 19:37:46 info: 🚀 App listening on the port 5000
2021-09-13 19:37:46 info: =================================
2021-09-13 19:37:46 info: MongoError: Authentication failed.
2021-09-13 19:38:20 info: =================================
2021-09-13 19:38:20 info: ======= ENV: development =======
2021-09-13 19:38:20 info: 🚀 App listening on the port 5000
2021-09-13 19:38:20 info: =================================
2021-09-13 19:38:20 info: MongoError: Authentication failed.
2021-09-13 19:39:08 info: =================================
2021-09-13 19:39:08 info: ======= ENV: development =======
2021-09-13 19:39:08 info: 🚀 App listening on the port 5000
2021-09-13 19:39:08 info: =================================
2021-09-13 19:39:32 info: =================================
2021-09-13 19:39:32 info: ======= ENV: development =======
2021-09-13 19:39:32 info: 🚀 App listening on the port 5000
2021-09-13 19:39:32 info: =================================
2021-09-13 19:40:02 info: =================================
2021-09-13 19:40:02 info: ======= ENV: development =======
2021-09-13 19:40:02 info: 🚀 App listening on the port 5000
2021-09-13 19:40:02 info: =================================
2021-09-13 19:40:17 info: =================================
2021-09-13 19:40:17 info: ======= ENV: development =======
2021-09-13 19:40:17 info: 🚀 App listening on the port 5000
2021-09-13 19:40:17 info: =================================
2021-09-13 19:40:25 info: =================================
2021-09-13 19:40:25 info: ======= ENV: development =======
2021-09-13 19:40:25 info: 🚀 App listening on the port 5000
2021-09-13 19:40:25 info: =================================
2021-09-13 20:16:49 info: =================================
2021-09-13 20:16:49 info: ======= ENV: development =======
2021-09-13 20:16:49 info: 🚀 App listening on the port 5000
2021-09-13 20:16:49 info: =================================
2021-09-13 20:18:34 info: =================================
2021-09-13 20:18:34 info: ======= ENV: development =======
2021-09-13 20:18:34 info: 🚀 App listening on the port 5000
2021-09-13 20:18:34 info: =================================
2021-09-13 20:19:07 info: =================================
2021-09-13 20:19:07 info: ======= ENV: development =======
2021-09-13 20:19:07 info: 🚀 App listening on the port 5000
2021-09-13 20:19:07 info: =================================
2021-09-13 20:19:43 info: =================================
2021-09-13 20:19:43 info: ======= ENV: development =======
2021-09-13 20:19:43 info: 🚀 App listening on the port 5000
2021-09-13 20:19:43 info: =================================
2021-09-13 20:20:08 info: =================================
2021-09-13 20:20:08 info: ======= ENV: development =======
2021-09-13 20:20:08 info: 🚀 App listening on the port 5000
2021-09-13 20:20:08 info: =================================
2021-09-13 20:20:13 info: =================================
2021-09-13 20:20:13 info: ======= ENV: development =======
2021-09-13 20:20:13 info: 🚀 App listening on the port 5000
2021-09-13 20:20:13 info: =================================
2021-09-13 20:20:21 info: =================================
2021-09-13 20:20:21 info: ======= ENV: development =======
2021-09-13 20:20:21 info: 🚀 App listening on the port 5000
2021-09-13 20:20:21 info: =================================
2021-09-13 20:26:58 info: [0mGET /api-docs/ [32m200[0m 8.745 ms - 981[0m
2021-09-13 20:26:58 info: [0mGET /api-docs/swagger-load.js [32m200[0m 11.891 ms - 618[0m
2021-09-13 20:26:58 info: [0mGET /api-docs/swagger-ui.css [32m200[0m 6.858 ms - -[0m
2021-09-13 20:26:58 info: [0mGET /api-docs/swagger-ui-standalone-preset.js [32m200[0m 18.299 ms - -[0m
2021-09-13 20:26:58 info: [0mGET /api-docs/swagger-ui-bundle.js [32m200[0m 7.157 ms - -[0m
2021-09-13 20:26:58 info: [0mGET /api-docs/favicon-32x32.png [32m200[0m 1.009 ms - 628[0m
2021-09-13 20:27:20 info: [0mGET /api-docs/ [32m200[0m 3.829 ms - 981[0m
2021-09-13 20:27:20 info: [0mGET /api-docs/swagger-ui.css [32m200[0m 2.144 ms - -[0m
2021-09-13 20:27:20 info: [0mGET /api-docs/swagger-load.js [32m200[0m 5.035 ms - 618[0m
2021-09-13 20:27:20 info: [0mGET /api-docs/swagger-ui-standalone-preset.js [32m200[0m 5.609 ms - -[0m
2021-09-13 20:27:20 info: [0mGET /api-docs/swagger-ui-bundle.js [32m200[0m 4.410 ms - -[0m
2021-09-13 20:27:21 info: [0mGET /api-docs/favicon-32x32.png [32m200[0m 5.305 ms - 628[0m
2021-09-13 20:27:40 info: =================================
2021-09-13 20:27:40 info: ======= ENV: development =======
2021-09-13 20:27:40 info: 🚀 App listening on the port 5000
2021-09-13 20:27:40 info: =================================
2021-09-13 20:27:42 info: [0mGET /api-docs/ [32m200[0m 13.998 ms - 981[0m
2021-09-13 20:27:42 info: [0mGET /api-docs/swagger-load.js [32m200[0m 8.515 ms - 618[0m
2021-09-13 20:27:42 info: [0mGET /api-docs/swagger-ui.css [32m200[0m 4.879 ms - -[0m
2021-09-13 20:27:42 info: [0mGET /api-docs/swagger-ui-standalone-preset.js [32m200[0m 5.959 ms - -[0m
2021-09-13 20:27:42 info: [0mGET /api-docs/swagger-ui-bundle.js [32m200[0m 7.024 ms - -[0m
2021-09-13 20:27:42 info: [0mGET /api-docs/favicon-32x32.png [32m200[0m 0.728 ms - 628[0m
2021-09-13 20:31:41 info: =================================
2021-09-13 20:31:41 info: ======= ENV: development =======
2021-09-13 20:31:41 info: 🚀 App listening on the port 5000
2021-09-13 20:31:41 info: =================================
2021-09-13 20:32:04 info: =================================
2021-09-13 20:32:04 info: ======= ENV: development =======
2021-09-13 20:32:04 info: 🚀 App listening on the port 5000
2021-09-13 20:32:04 info: =================================
2021-09-13 20:32:40 info: =================================
2021-09-13 20:32:40 info: ======= ENV: development =======
2021-09-13 20:32:40 info: 🚀 App listening on the port 5000
2021-09-13 20:32:40 info: =================================
2021-09-13 20:34:16 info: =================================
2021-09-13 20:34:16 info: ======= ENV: development =======
2021-09-13 20:34:16 info: 🚀 App listening on the port 5000
2021-09-13 20:34:16 info: =================================
2021-09-13 20:35:52 info: =================================
2021-09-13 20:35:52 info: ======= ENV: development =======
2021-09-13 20:35:52 info: 🚀 App listening on the port 5000
2021-09-13 20:35:52 info: =================================
2021-09-13 20:36:43 info: [0mOPTIONS /api/auth/signup [32m204[0m 1.878 ms - 0[0m
2021-09-13 20:36:43 error: [POST] /api/auth/signup >> StatusCode:: 400, Message:: property name should not exist, firstName should not be empty, lastName should not be empty
2021-09-13 20:36:43 info: [0mPOST /api/auth/signup [33m400[0m 34.309 ms - 105[0m
2021-09-13 20:37:18 info: [0mOPTIONS /api/auth/signup [32m204[0m 0.137 ms - 0[0m
2021-09-13 20:37:18 error: [POST] /api/auth/signup >> StatusCode:: 400, Message:: Unexpected string in JSON at position 89
2021-09-13 20:37:18 info: [0mPOST /api/auth/signup [33m400[0m 3.781 ms - 54[0m
2021-09-13 20:37:54 info: =================================
2021-09-13 20:37:54 info: ======= ENV: development =======
2021-09-13 20:37:54 info: 🚀 App listening on the port 5000
2021-09-13 20:37:54 info: =================================
2021-09-13 20:37:57 info: [0mOPTIONS /api/auth/signup [32m204[0m 1.906 ms - 0[0m
2021-09-13 20:37:57 error: [POST] /api/auth/signup >> StatusCode:: 400, Message:: Unexpected string in JSON at position 89
2021-09-13 20:37:57 info: [0mPOST /api/auth/signup [33m400[0m 24.298 ms - 54[0m
2021-09-13 20:37:59 error: [POST] /api/auth/signup >> StatusCode:: 400, Message:: Unexpected string in JSON at position 89
2021-09-13 20:37:59 info: [0mPOST /api/auth/signup [33m400[0m 2.143 ms - 54[0m
2021-09-13 20:38:13 info: [0mOPTIONS /api/auth/signup [32m204[0m 0.211 ms - 0[0m
2021-09-13 20:38:13 error: [POST] /api/auth/signup >> StatusCode:: 400, Message:: Unexpected string in JSON at position 89
2021-09-13 20:38:13 info: [0mPOST /api/auth/signup [33m400[0m 2.233 ms - 54[0m
2021-09-13 20:39:39 info: =================================
2021-09-13 20:39:39 info: ======= ENV: development =======
2021-09-13 20:39:39 info: 🚀 App listening on the port 5000
2021-09-13 20:39:39 info: =================================
2021-09-13 20:39:43 info: [0mOPTIONS /api/auth/signup [32m204[0m 1.881 ms - 0[0m
2021-09-13 20:39:43 error: [POST] /api/auth/signup >> StatusCode:: 400, Message:: Unexpected string in JSON at position 89
2021-09-13 20:39:43 info: [0mPOST /api/auth/signup [33m400[0m 22.190 ms - 54[0m
2021-09-13 20:39:45 info: [0mGET /api-docs/ [32m200[0m 10.689 ms - 981[0m
2021-09-13 20:39:46 info: [0mGET /api-docs/swagger-ui.css [32m200[0m 4.003 ms - -[0m
2021-09-13 20:39:46 info: [0mGET /api-docs/swagger-load.js [32m200[0m 2.186 ms - 618[0m
2021-09-13 20:39:46 info: [0mGET /api-docs/swagger-ui-standalone-preset.js [32m200[0m 5.868 ms - -[0m
2021-09-13 20:39:46 info: [0mGET /api-docs/swagger-ui-bundle.js [32m200[0m 1.111 ms - -[0m
2021-09-13 20:39:46 info: [0mGET /api-docs/favicon-32x32.png [36m304[0m 1.277 ms - -[0m
2021-09-13 20:40:09 info: [0mOPTIONS /api/auth/signup [32m204[0m 0.188 ms - 0[0m
2021-09-13 20:40:09 error: [POST] /api/auth/signup >> StatusCode:: 400, Message:: property name should not exist, firstName should not be empty, lastName should not be empty
2021-09-13 20:40:09 info: [0mPOST /api/auth/signup [33m400[0m 11.548 ms - 105[0m
2021-09-13 20:40:20 info: =================================
2021-09-13 20:40:20 info: ======= ENV: development =======
2021-09-13 20:40:20 info: 🚀 App listening on the port 5000
2021-09-13 20:40:20 info: =================================
2021-09-13 20:40:23 info: [0mOPTIONS /api/auth/signup [32m204[0m 1.861 ms - 0[0m
2021-09-13 20:40:23 error: [POST] /api/auth/signup >> StatusCode:: 400, Message:: Your role 'trainer' is invalid. Only trainer and user are allowed
2021-09-13 20:40:23 info: [0mPOST /api/auth/signup [33m400[0m 34.416 ms - 79[0m
2021-09-13 20:40:58 info: [0mOPTIONS /api/auth/signup [32m204[0m 0.245 ms - 0[0m
2021-09-13 20:40:58 error: [POST] /api/auth/signup >> StatusCode:: 409, Message:: OTP is either expired or wrong
2021-09-13 20:40:58 info: [0mPOST /api/auth/signup [33m409[0m 14.460 ms - 44[0m
2021-09-13 20:52:55 info: =================================
2021-09-13 20:52:55 info: ======= ENV: development =======
2021-09-13 20:52:55 info: 🚀 App listening on the port 5000
2021-09-13 20:52:55 info: =================================
2021-09-13 20:53:49 info: =================================
2021-09-13 20:53:49 info: ======= ENV: development =======
2021-09-13 20:53:49 info: 🚀 App listening on the port 5000
2021-09-13 20:53:49 info: =================================
2021-09-13 20:53:54 info: [0mOPTIONS /api/auth/signup [32m204[0m 1.817 ms - 0[0m
2021-09-13 20:53:54 error: [POST] /api/auth/signup >> StatusCode:: 409, Message:: OTP is either expired or wrong
2021-09-13 20:53:54 info: [0mPOST /api/auth/signup [33m409[0m 30.384 ms - 44[0m
2021-09-13 20:54:28 info: =================================
2021-09-13 20:54:28 info: ======= ENV: development =======
2021-09-13 20:54:28 info: 🚀 App listening on the port 5000
2021-09-13 20:54:28 info: =================================
2021-09-13 20:54:43 info: =================================
2021-09-13 20:54:43 info: ======= ENV: development =======
2021-09-13 20:54:43 info: 🚀 App listening on the port 5000
2021-09-13 20:54:43 info: =================================
2021-09-13 20:54:51 info: [0mOPTIONS /api/auth/signup [32m204[0m 1.183 ms - 0[0m
2021-09-13 20:54:51 error: [POST] /api/auth/signup >> StatusCode:: 409, Message:: OTP is either expired or wrong
2021-09-13 20:54:51 info: [0mPOST /api/auth/signup [33m409[0m 34.899 ms - 44[0m
2021-09-13 20:55:19 info: =================================
2021-09-13 20:55:19 info: ======= ENV: development =======
2021-09-13 20:55:19 info: 🚀 App listening on the port 5000
2021-09-13 20:55:19 info: =================================
2021-09-13 20:55:20 info: [0mOPTIONS /api/auth/signup [32m204[0m 1.319 ms - 0[0m
2021-09-13 20:55:20 error: [POST] /api/auth/signup >> StatusCode:: 409, Message:: OTP is either expired or wrong
2021-09-13 20:55:20 info: [0mPOST /api/auth/signup [33m409[0m 29.715 ms - 44[0m
2021-09-13 20:55:30 info: =================================
2021-09-13 20:55:30 info: ======= ENV: development =======
2021-09-13 20:55:30 info: 🚀 App listening on the port 5000
2021-09-13 20:55:30 info: =================================
2021-09-13 20:55:57 info: =================================
2021-09-13 20:55:57 info: ======= ENV: development =======
2021-09-13 20:55:57 info: 🚀 App listening on the port 5000
2021-09-13 20:55:57 info: =================================
2021-09-13 20:56:19 info: =================================
2021-09-13 20:56:19 info: ======= ENV: development =======
2021-09-13 20:56:19 info: 🚀 App listening on the port 5000
2021-09-13 20:56:19 info: =================================
2021-09-13 20:56:20 info: [0mOPTIONS /api/auth/signup [32m204[0m 1.222 ms - 0[0m
2021-09-13 20:56:20 error: [POST] /api/auth/signup >> StatusCode:: 500, Message:: User validation failed: lastName: Path `lastName` is required., firstName: Path `firstName` is required.
2021-09-13 20:56:20 info: [0mPOST /api/auth/signup [31m500[0m 134.070 ms - 118[0m
2021-09-13 20:57:05 info: [0mOPTIONS /api/auth/signup [32m204[0m 0.168 ms - 0[0m
2021-09-13 20:57:05 error: [POST] /api/auth/signup >> StatusCode:: 400, Message:: Unexpected string in JSON at position 42
2021-09-13 20:57:05 info: [0mPOST /api/auth/signup [33m400[0m 3.784 ms - 54[0m
2021-09-13 20:58:01 info: =================================
2021-09-13 20:58:01 info: ======= ENV: development =======
2021-09-13 20:58:01 info: 🚀 App listening on the port 5000
2021-09-13 20:58:01 info: =================================
2021-09-13 20:58:05 info: [0mOPTIONS /api/auth/signup [32m204[0m 1.790 ms - 0[0m
2021-09-13 20:58:05 error: [POST] /api/auth/signup >> StatusCode:: 400, Message:: Unexpected string in JSON at position 42
2021-09-13 20:58:05 info: [0mPOST /api/auth/signup [33m400[0m 21.815 ms - 54[0m
2021-09-13 20:58:44 info: =================================
2021-09-13 20:58:44 info: ======= ENV: development =======
2021-09-13 20:58:44 info: 🚀 App listening on the port 5000
2021-09-13 20:58:44 info: =================================
2021-09-13 20:58:57 info: [0mOPTIONS /api/auth/signup [32m204[0m 1.290 ms - 0[0m
2021-09-13 20:58:57 error: [POST] /api/auth/signup >> StatusCode:: 400, Message:: Unexpected string in JSON at position 42
2021-09-13 20:58:57 info: [0mPOST /api/auth/signup [33m400[0m 25.827 ms - 54[0m
2021-09-13 20:59:00 info: [0mGET /api-docs/ [32m200[0m 13.316 ms - 981[0m
2021-09-13 20:59:00 info: [0mGET /api-docs/swagger-load.js [32m200[0m 5.790 ms - 618[0m
2021-09-13 20:59:00 info: [0mGET /api-docs/swagger-ui.css [32m200[0m 7.852 ms - -[0m
2021-09-13 20:59:00 info: [0mGET /api-docs/swagger-ui-standalone-preset.js [32m200[0m 6.482 ms - -[0m
2021-09-13 20:59:00 info: [0mGET /api-docs/swagger-ui-bundle.js [32m200[0m 6.013 ms - -[0m
2021-09-13 20:59:00 info: [0mGET /api-docs/favicon-32x32.png [36m304[0m 1.203 ms - -[0m
2021-09-13 20:59:16 info: [0mGET /swagger.yaml [32m200[0m 1.802 ms - -[0m
2021-09-13 20:59:31 info: [0mOPTIONS /api/auth/signup [32m204[0m 0.218 ms - 0[0m
2021-09-13 20:59:31 error: [POST] /api/auth/signup >> StatusCode:: 400, Message:: Your role 'trainer' is invalid. Only admin, doctor and patient are allowed
2021-09-13 20:59:31 info: [0mPOST /api/auth/signup [33m400[0m 6.273 ms - 88[0m
2021-09-13 21:01:47 info: [0mGET /api-docs/ [32m200[0m 3.767 ms - 981[0m
2021-09-13 21:01:47 info: [0mGET /api-docs/swagger-ui.css [32m200[0m 1.599 ms - -[0m
2021-09-13 21:01:47 info: [0mGET /api-docs/swagger-load.js [32m200[0m 1.942 ms - 618[0m
2021-09-13 21:01:47 info: [0mGET /api-docs/swagger-ui-standalone-preset.js [32m200[0m 2.569 ms - -[0m
2021-09-13 21:01:47 info: [0mGET /api-docs/swagger-ui-bundle.js [32m200[0m 4.183 ms - -[0m
2021-09-13 21:01:47 info: [0mGET /api-docs/favicon-32x32.png [36m304[0m 1.091 ms - -[0m
2021-09-13 21:02:03 info: [0mGET /swagger.yaml [32m200[0m 1.513 ms - -[0m
2021-09-13 21:02:11 info: [0mOPTIONS /api/auth/signup [32m204[0m 0.199 ms - 0[0m
2021-09-13 21:02:11 info: [0mPOST /api/auth/signup [32m201[0m 166.508 ms - 506[0m
2021-09-13 21:02:47 info: =================================
2021-09-13 21:02:47 info: ======= ENV: development =======
2021-09-13 21:02:47 info: 🚀 App listening on the port 5000
2021-09-13 21:02:47 info: =================================
2021-09-13 21:04:01 info: [0mGET /api-docs/ [32m200[0m 9.648 ms - 981[0m
2021-09-13 21:04:01 info: [0mGET /api-docs/swagger-load.js [32m200[0m 2.342 ms - 618[0m
2021-09-13 21:04:01 info: [0mGET /api-docs/swagger-ui.css [32m200[0m 4.712 ms - -[0m
2021-09-13 21:04:01 info: [0mGET /api-docs/swagger-ui-standalone-preset.js [32m200[0m 2.659 ms - -[0m
2021-09-13 21:04:01 info: [0mGET /api-docs/swagger-ui-bundle.js [32m200[0m 3.912 ms - -[0m
2021-09-13 21:04:01 info: [0mGET /api-docs/favicon-32x32.png [36m304[0m 2.210 ms - -[0m
2021-09-13 21:04:16 info: [0mGET /swagger.yaml [32m200[0m 1.461 ms - -[0m
2021-09-13 21:04:45 info: [0mOPTIONS /api/auth/login [32m204[0m 0.398 ms - 0[0m
2021-09-13 21:04:46 info: [0mPOST /api/auth/login [32m200[0m 126.904 ms - 505[0m
2021-09-13 21:05:13 info: [0mGET /api/auth/forgot-password/raviroshanmehta%40gmail.com [32m200[0m 280.815 ms - 78[0m
2021-09-13 21:06:05 info: =================================
2021-09-13 21:06:05 info: ======= ENV: development =======
2021-09-13 21:06:05 info: 🚀 App listening on the port 5000
2021-09-13 21:06:05 info: =================================
2021-09-13 21:06:43 info: [0mOPTIONS /api/auth/login [32m204[0m 1.321 ms - 0[0m
2021-09-13 21:06:43 info: [0mPOST /api/auth/login [32m200[0m 128.945 ms - 505[0m
2021-09-13 21:07:07 info: [0mOPTIONS /api/auth/logout [32m204[0m 0.216 ms - 0[0m
2021-09-13 21:07:07 info: [0mGET /api/auth/logout [32m200[0m 11.206 ms - 293[0m
2021-09-13 21:07:23 info: [0mGET /api/get-configs/perPageRecord [32m200[0m 1.623 ms - 61[0m
2021-09-13 21:07:32 info: [0mGET /api/ [32m200[0m 1.472 ms - 58[0m
2021-09-13 21:09:34 info: =================================
2021-09-13 21:09:34 info: ======= ENV: development =======
2021-09-13 21:09:34 info: 🚀 App listening on the port 5000
2021-09-13 21:09:34 info: =================================
2021-09-13 21:09:35 info: [0mGET /api-docs/ [32m200[0m 4.634 ms - 981[0m
2021-09-13 21:09:35 info: [0mGET /api-docs/swagger-ui.css [32m200[0m 6.607 ms - -[0m
2021-09-13 21:09:35 info: [0mGET /api-docs/swagger-load.js [32m200[0m 11.141 ms - 584[0m
2021-09-13 21:09:35 info: [0mGET /api-docs/swagger-ui-standalone-preset.js [32m200[0m 7.370 ms - -[0m
2021-09-13 21:09:35 info: [0mGET /api-docs/swagger-ui-bundle.js [32m200[0m 4.685 ms - -[0m
2021-09-13 21:09:35 info: [0mGET /swagger.yaml [32m200[0m 1.160 ms - -[0m
2021-09-13 21:09:35 info: [0mGET /api-docs/favicon-32x32.png [32m200[0m 0.898 ms - 628[0m
2021-09-13 21:28:38 info: =================================
2021-09-13 21:28:38 info: ======= ENV: development =======
2021-09-13 21:28:38 info: 🚀 App listening on the port 5000
2021-09-13 21:28:38 info: =================================
2021-09-13 21:29:41 info: [0mGET / [33m404[0m 8.756 ms - 139[0m
2021-09-13 21:29:45 info: [0mGET /api-docs [36m301[0m 2.307 ms - 183[0m
2021-09-13 21:29:45 info: [0mGET /api-docs/ [32m200[0m 4.180 ms - 981[0m
2021-09-13 21:29:45 info: [0mGET /api-docs/swagger-load.js [32m200[0m 6.543 ms - 584[0m
2021-09-13 21:29:45 info: [0mGET /api-docs/swagger-ui.css [32m200[0m 8.932 ms - -[0m
2021-09-13 21:29:45 info: [0mGET /api-docs/swagger-ui-standalone-preset.js [32m200[0m 6.970 ms - -[0m
2021-09-13 21:29:45 info: [0mGET /api-docs/swagger-ui-bundle.js [32m200[0m 7.556 ms - -[0m
2021-09-13 21:29:45 info: [0mGET /swagger.yaml [32m200[0m 1.182 ms - -[0m
2021-09-13 21:29:45 info: [0mGET /api-docs/favicon-32x32.png [32m200[0m 1.217 ms - 628[0m
2021-09-13 21:35:39 info: =================================
2021-09-13 21:35:39 info: ======= ENV: development =======
2021-09-13 21:35:39 info: 🚀 App listening on the port 5000
2021-09-13 21:35:39 info: =================================
2021-09-13 21:35:44 info: =================================
2021-09-13 21:35:44 info: ======= ENV: development =======
2021-09-13 21:35:44 info: 🚀 App listening on the port 5000
2021-09-13 21:35:44 info: =================================
2021-09-13 21:35:51 info: =================================
2021-09-13 21:35:51 info: ======= ENV: development =======
2021-09-13 21:35:51 info: 🚀 App listening on the port 5000
2021-09-13 21:35:51 info: =================================
2021-09-13 21:37:19 info: =================================
2021-09-13 21:37:19 info: ======= ENV: development =======
2021-09-13 21:37:19 info: 🚀 App listening on the port 5000
2021-09-13 21:37:19 info: =================================
2021-09-13 21:38:14 info: =================================
2021-09-13 21:38:14 info: ======= ENV: development =======
2021-09-13 21:38:14 info: 🚀 App listening on the port 5000
2021-09-13 21:38:14 info: =================================
2021-09-13 21:38:27 info: =================================
2021-09-13 21:38:27 info: ======= ENV: development =======
2021-09-13 21:38:27 info: 🚀 App listening on the port 5000
2021-09-13 21:38:27 info: =================================
2021-09-13 21:38:50 info: =================================
2021-09-13 21:38:50 info: ======= ENV: development =======
2021-09-13 21:38:50 info: 🚀 App listening on the port 5000
2021-09-13 21:38:50 info: =================================
2021-09-13 21:38:55 info: =================================
2021-09-13 21:38:55 info: ======= ENV: development =======
2021-09-13 21:38:55 info: 🚀 App listening on the port 5000
2021-09-13 21:38:55 info: =================================
2021-09-13 21:39:59 info: =================================
2021-09-13 21:39:59 info: ======= ENV: development =======
2021-09-13 21:39:59 info: 🚀 App listening on the port 5000
2021-09-13 21:39:59 info: =================================
2021-09-13 21:42:08 info: =================================
2021-09-13 21:42:08 info: ======= ENV: development =======
2021-09-13 21:42:08 info: 🚀 App listening on the port 5000
2021-09-13 21:42:08 info: =================================
2021-09-13 21:42:15 info: =================================
2021-09-13 21:42:15 info: ======= ENV: development =======
2021-09-13 21:42:15 info: 🚀 App listening on the port 5000
2021-09-13 21:42:15 info: =================================
2021-09-13 21:42:27 info: =================================
2021-09-13 21:42:27 info: ======= ENV: development =======
2021-09-13 21:42:27 info: 🚀 App listening on the port 5000
2021-09-13 21:42:27 info: =================================
2021-09-13 21:42:31 info: =================================
2021-09-13 21:42:31 info: ======= ENV: development =======
2021-09-13 21:42:31 info: 🚀 App listening on the port 5000
2021-09-13 21:42:31 info: =================================
2021-09-13 21:42:45 info: =================================
2021-09-13 21:42:45 info: ======= ENV: development =======
2021-09-13 21:42:45 info: 🚀 App listening on the port 5000
2021-09-13 21:42:45 info: =================================
2021-09-13 21:43:02 info: =================================
2021-09-13 21:43:02 info: ======= ENV: development =======
2021-09-13 21:43:02 info: 🚀 App listening on the port 5000
2021-09-13 21:43:02 info: =================================
2021-09-13 21:43:18 info: =================================
2021-09-13 21:43:18 info: ======= ENV: development =======
2021-09-13 21:43:18 info: 🚀 App listening on the port 5000
2021-09-13 21:43:18 info: =================================
2021-09-13 21:43:21 info: =================================
2021-09-13 21:43:21 info: ======= ENV: development =======
2021-09-13 21:43:21 info: 🚀 App listening on the port 5000
2021-09-13 21:43:21 info: =================================
2021-09-13 21:43:25 info: =================================
2021-09-13 21:43:25 info: ======= ENV: development =======
2021-09-13 21:43:25 info: 🚀 App listening on the port 5000
2021-09-13 21:43:25 info: =================================
2021-09-13 21:43:29 info: =================================
2021-09-13 21:43:29 info: ======= ENV: development =======
2021-09-13 21:43:29 info: 🚀 App listening on the port 5000
2021-09-13 21:43:29 info: =================================
2021-09-13 21:43:35 info: =================================
2021-09-13 21:43:35 info: ======= ENV: development =======
2021-09-13 21:43:35 info: 🚀 App listening on the port 5000
2021-09-13 21:43:35 info: =================================
2021-09-13 21:43:40 info: =================================
2021-09-13 21:43:40 info: ======= ENV: development =======
2021-09-13 21:43:40 info: 🚀 App listening on the port 5000
2021-09-13 21:43:40 info: =================================
2021-09-13 21:43:44 info: =================================
2021-09-13 21:43:44 info: ======= ENV: development =======
2021-09-13 21:43:44 info: 🚀 App listening on the port 5000
2021-09-13 21:43:44 info: =================================
2021-09-13 21:44:55 info: =================================
2021-09-13 21:44:55 info: ======= ENV: development =======
2021-09-13 21:44:55 info: 🚀 App listening on the port 5000
2021-09-13 21:44:55 info: =================================
2021-09-13 21:46:24 info: =================================
2021-09-13 21:46:24 info: ======= ENV: development =======
2021-09-13 21:46:24 info: 🚀 App listening on the port 5000
2021-09-13 21:46:24 info: =================================
2021-09-13 21:46:36 info: =================================
2021-09-13 21:46:36 info: ======= ENV: development =======
2021-09-13 21:46:36 info: 🚀 App listening on the port 5000
2021-09-13 21:46:36 info: =================================
2021-09-13 21:47:05 info: =================================
2021-09-13 21:47:05 info: ======= ENV: development =======
2021-09-13 21:47:05 info: 🚀 App listening on the port 5000
2021-09-13 21:47:05 info: =================================
2021-09-13 21:47:17 info: =================================
2021-09-13 21:47:17 info: ======= ENV: development =======
2021-09-13 21:47:17 info: 🚀 App listening on the port 5000
2021-09-13 21:47:17 info: =================================
2021-09-13 21:47:23 info: =================================
2021-09-13 21:47:23 info: ======= ENV: development =======
2021-09-13 21:47:23 info: 🚀 App listening on the port 5000
2021-09-13 21:47:23 info: =================================
2021-09-13 21:47:29 info: =================================
2021-09-13 21:47:29 info: ======= ENV: development =======
2021-09-13 21:47:29 info: 🚀 App listening on the port 5000
2021-09-13 21:47:29 info: =================================
2021-09-13 21:47:56 info: =================================
2021-09-13 21:47:56 info: ======= ENV: development =======
2021-09-13 21:47:56 info: 🚀 App listening on the port 5000
2021-09-13 21:47:56 info: =================================
2021-09-13 21:48:01 info: =================================
2021-09-13 21:48:01 info: ======= ENV: development =======
2021-09-13 21:48:01 info: 🚀 App listening on the port 5000
2021-09-13 21:48:01 info: =================================
2021-09-13 21:48:08 info: =================================
2021-09-13 21:48:08 info: ======= ENV: development =======
2021-09-13 21:48:08 info: 🚀 App listening on the port 5000
2021-09-13 21:48:08 info: =================================
2021-09-13 21:49:00 info: =================================
2021-09-13 21:49:00 info: ======= ENV: development =======
2021-09-13 21:49:00 info: 🚀 App listening on the port 5000
2021-09-13 21:49:00 info: =================================
2021-09-13 21:49:04 info: =================================
2021-09-13 21:49:04 info: ======= ENV: development =======
2021-09-13 21:49:04 info: 🚀 App listening on the port 5000
2021-09-13 21:49:04 info: =================================
2021-09-13 21:49:19 info: =================================
2021-09-13 21:49:19 info: ======= ENV: development =======
2021-09-13 21:49:19 info: 🚀 App listening on the port 5000
2021-09-13 21:49:19 info: =================================
2021-09-13 21:50:20 info: =================================
2021-09-13 21:50:20 info: ======= ENV: development =======
2021-09-13 21:50:20 info: 🚀 App listening on the port 5000
2021-09-13 21:50:20 info: =================================
2021-09-13 21:50:24 info: =================================
2021-09-13 21:50:24 info: ======= ENV: development =======
2021-09-13 21:50:24 info: 🚀 App listening on the port 5000
2021-09-13 21:50:24 info: =================================
2021-09-13 21:50:47 info: =================================
2021-09-13 21:50:47 info: ======= ENV: development =======
2021-09-13 21:50:47 info: 🚀 App listening on the port 5000
2021-09-13 21:50:47 info: =================================
2021-09-13 21:52:48 info: =================================
2021-09-13 21:52:48 info: ======= ENV: development =======
2021-09-13 21:52:48 info: 🚀 App listening on the port 5000
2021-09-13 21:52:48 info: =================================
2021-09-13 21:53:26 info: =================================
2021-09-13 21:53:26 info: ======= ENV: development =======
2021-09-13 21:53:26 info: 🚀 App listening on the port 5000
2021-09-13 21:53:26 info: =================================
2021-09-13 21:53:57 info: =================================
2021-09-13 21:53:57 info: ======= ENV: development =======
2021-09-13 21:53:57 info: 🚀 App listening on the port 5000
2021-09-13 21:53:57 info: =================================
2021-09-13 21:54:08 info: =================================
2021-09-13 21:54:08 info: ======= ENV: development =======
2021-09-13 21:54:08 info: 🚀 App listening on the port 5000
2021-09-13 21:54:08 info: =================================
2021-09-13 21:54:11 info: =================================
2021-09-13 21:54:11 info: ======= ENV: development =======
2021-09-13 21:54:11 info: 🚀 App listening on the port 5000
2021-09-13 21:54:11 info: =================================
2021-09-13 21:54:22 info: =================================
2021-09-13 21:54:22 info: ======= ENV: development =======
2021-09-13 21:54:22 info: 🚀 App listening on the port 5000
2021-09-13 21:54:22 info: =================================
2021-09-13 21:54:35 info: =================================
2021-09-13 21:54:35 info: ======= ENV: development =======
2021-09-13 21:54:35 info: 🚀 App listening on the port 5000
2021-09-13 21:54:35 info: =================================
2021-09-13 21:54:39 info: =================================
2021-09-13 21:54:39 info: ======= ENV: development =======
2021-09-13 21:54:39 info: 🚀 App listening on the port 5000
2021-09-13 21:54:39 info: =================================
2021-09-13 21:54:52 info: =================================
2021-09-13 21:54:52 info: ======= ENV: development =======
2021-09-13 21:54:52 info: 🚀 App listening on the port 5000
2021-09-13 21:54:52 info: =================================
2021-09-13 21:55:15 info: =================================
2021-09-13 21:55:15 info: ======= ENV: development =======
2021-09-13 21:55:15 info: 🚀 App listening on the port 5000
2021-09-13 21:55:15 info: =================================
2021-09-13 21:55:30 info: =================================
2021-09-13 21:55:30 info: ======= ENV: development =======
2021-09-13 21:55:30 info: 🚀 App listening on the port 5000
2021-09-13 21:55:30 info: =================================
2021-09-13 21:55:42 info: =================================
2021-09-13 21:55:42 info: ======= ENV: development =======
2021-09-13 21:55:42 info: 🚀 App listening on the port 5000
2021-09-13 21:55:42 info: =================================
2021-09-13 21:55:50 info: =================================
2021-09-13 21:55:50 info: ======= ENV: development =======
2021-09-13 21:55:50 info: 🚀 App listening on the port 5000
2021-09-13 21:55:50 info: =================================
2021-09-13 21:55:56 info: =================================
2021-09-13 21:55:56 info: ======= ENV: development =======
2021-09-13 21:55:56 info: 🚀 App listening on the port 5000
2021-09-13 21:55:56 info: =================================
2021-09-13 21:56:00 info: =================================
2021-09-13 21:56:00 info: ======= ENV: development =======
2021-09-13 21:56:00 info: 🚀 App listening on the port 5000
2021-09-13 21:56:00 info: =================================
2021-09-13 21:56:03 info: =================================
2021-09-13 21:56:03 info: ======= ENV: development =======
2021-09-13 21:56:03 info: 🚀 App listening on the port 5000
2021-09-13 21:56:03 info: =================================
2021-09-13 21:56:10 info: =================================
2021-09-13 21:56:10 info: ======= ENV: development =======
2021-09-13 21:56:10 info: 🚀 App listening on the port 5000
2021-09-13 21:56:10 info: =================================
2021-09-13 21:56:13 info: =================================
2021-09-13 21:56:13 info: ======= ENV: development =======
2021-09-13 21:56:13 info: 🚀 App listening on the port 5000
2021-09-13 21:56:13 info: =================================
2021-09-13 21:56:24 info: =================================
2021-09-13 21:56:24 info: ======= ENV: development =======
2021-09-13 21:56:24 info: 🚀 App listening on the port 5000
2021-09-13 21:56:24 info: =================================
2021-09-13 21:56:30 info: =================================
2021-09-13 21:56:30 info: ======= ENV: development =======
2021-09-13 21:56:30 info: 🚀 App listening on the port 5000
2021-09-13 21:56:30 info: =================================
2021-09-13 21:56:37 info: =================================
2021-09-13 21:56:37 info: ======= ENV: development =======
2021-09-13 21:56:37 info: 🚀 App listening on the port 5000
2021-09-13 21:56:37 info: =================================
2021-09-13 21:56:45 info: =================================
2021-09-13 21:56:45 info: ======= ENV: development =======
2021-09-13 21:56:45 info: 🚀 App listening on the port 5000
2021-09-13 21:56:45 info: =================================
2021-09-13 21:57:04 info: =================================
2021-09-13 21:57:04 info: ======= ENV: development =======
2021-09-13 21:57:04 info: 🚀 App listening on the port 5000
2021-09-13 21:57:04 info: =================================
2021-09-13 21:57:07 info: =================================
2021-09-13 21:57:07 info: ======= ENV: development =======
2021-09-13 21:57:07 info: 🚀 App listening on the port 5000
2021-09-13 21:57:07 info: =================================
2021-09-13 21:57:13 info: =================================
2021-09-13 21:57:13 info: ======= ENV: development =======
2021-09-13 21:57:13 info: 🚀 App listening on the port 5000
2021-09-13 21:57:13 info: =================================
2021-09-13 21:57:26 info: =================================
2021-09-13 21:57:26 info: ======= ENV: development =======
2021-09-13 21:57:26 info: 🚀 App listening on the port 5000
2021-09-13 21:57:26 info: =================================
2021-09-13 21:57:32 info: =================================
2021-09-13 21:57:32 info: ======= ENV: development =======
2021-09-13 21:57:32 info: 🚀 App listening on the port 5000
2021-09-13 21:57:32 info: =================================
2021-09-13 21:59:03 info: =================================
2021-09-13 21:59:03 info: ======= ENV: development =======
2021-09-13 21:59:03 info: 🚀 App listening on the port 5000
2021-09-13 21:59:03 info: =================================
2021-09-13 21:59:12 info: =================================
2021-09-13 21:59:12 info: ======= ENV: development =======
2021-09-13 21:59:12 info: 🚀 App listening on the port 5000
2021-09-13 21:59:12 info: =================================
2021-09-13 21:59:25 info: =================================
2021-09-13 21:59:25 info: ======= ENV: development =======
2021-09-13 21:59:25 info: 🚀 App listening on the port 5000
2021-09-13 21:59:25 info: =================================
2021-09-13 21:59:38 info: =================================
2021-09-13 21:59:38 info: ======= ENV: development =======
2021-09-13 21:59:38 info: 🚀 App listening on the port 5000
2021-09-13 21:59:38 info: =================================
2021-09-13 21:59:54 info: =================================
2021-09-13 21:59:54 info: ======= ENV: development =======
2021-09-13 21:59:54 info: 🚀 App listening on the port 5000
2021-09-13 21:59:54 info: =================================
2021-09-13 22:00:01 info: =================================
2021-09-13 22:00:01 info: ======= ENV: development =======
2021-09-13 22:00:01 info: 🚀 App listening on the port 5000
2021-09-13 22:00:01 info: =================================
2021-09-13 22:10:33 info: =================================
2021-09-13 22:10:33 info: ======= ENV: development =======
2021-09-13 22:10:33 info: 🚀 App listening on the port 5000
2021-09-13 22:10:33 info: =================================
2021-09-13 22:16:30 info: [0mGET / [33m404[0m 11.469 ms - 139[0m
2021-09-13 22:16:36 info: [0mGET /api-docs [36m301[0m 2.845 ms - 183[0m
2021-09-13 22:16:36 info: [0mGET /api-docs/ [32m200[0m 2.721 ms - 981[0m
2021-09-13 22:16:36 info: [0mGET /api-docs/swagger-ui.css [32m200[0m 5.638 ms - -[0m
2021-09-13 22:16:36 info: [0mGET /api-docs/swagger-load.js [32m200[0m 13.858 ms - 584[0m
2021-09-13 22:16:36 info: [0mGET /api-docs/swagger-ui-standalone-preset.js [32m200[0m 11.885 ms - -[0m
2021-09-13 22:16:36 info: [0mGET /api-docs/swagger-ui-bundle.js [32m200[0m 14.110 ms - -[0m
2021-09-13 22:16:36 info: [0mGET /swagger.yaml [32m200[0m 2.587 ms - -[0m
2021-09-13 22:16:36 info: [0mGET /api-docs/favicon-32x32.png [32m200[0m 0.900 ms - 628[0m
2021-09-13 22:16:46 info: [0mPOST /api/auth/generate-otp [32m201[0m 182.797 ms - 86[0m
2021-09-13 22:17:19 info: [0mPOST /api/auth/verify-otp [32m200[0m 23.919 ms - 109[0m
2021-09-13 22:17:40 info: [0mPOST /api/auth/signup [32m201[0m 177.791 ms - 499[0m
2021-09-13 22:17:55 info: [0mPOST /api/auth/login [32m200[0m 139.714 ms - 498[0m
2021-09-13 22:18:03 info: [0mPOST /api/auth/social-login [32m200[0m 36.080 ms - 481[0m
2021-09-13 22:18:43 info: [0mGET /api/auth/logout [32m200[0m 13.528 ms - 278[0m
2021-09-13 22:23:46 info: =================================
2021-09-13 22:23:46 info: ======= ENV: development =======
2021-09-13 22:23:46 info: 🚀 App listening on the port 5000
2021-09-13 22:23:46 info: =================================
2021-09-13 22:24:17 info: [0mGET /api/auth/logout [32m200[0m 35.698 ms - 286[0m
2021-09-13 22:26:54 info: =================================
2021-09-13 22:26:54 info: ======= ENV: development =======
2021-09-13 22:26:54 info: 🚀 App listening on the port 5000
2021-09-13 22:26:54 info: =================================
2021-09-13 22:27:09 info: =================================
2021-09-13 22:27:09 info: ======= ENV: development =======
2021-09-13 22:27:09 info: 🚀 App listening on the port 5000
2021-09-13 22:27:09 info: =================================
2021-09-13 22:28:45 info: =================================
2021-09-13 22:28:45 info: ======= ENV: development =======
2021-09-13 22:28:45 info: 🚀 App listening on the port 5000
2021-09-13 22:28:45 info: =================================
2021-09-13 22:29:13 info: =================================
2021-09-13 22:29:13 info: ======= ENV: development =======
2021-09-13 22:29:13 info: 🚀 App listening on the port 5000
2021-09-13 22:29:13 info: =================================
2021-09-13 22:29:16 info: =================================
2021-09-13 22:29:17 info: ======= ENV: development =======
2021-09-13 22:29:17 info: 🚀 App listening on the port 5000
2021-09-13 22:29:17 info: =================================
2021-09-13 22:29:56 info: =================================
2021-09-13 22:29:56 info: ======= ENV: development =======
2021-09-13 22:29:56 info: 🚀 App listening on the port 5000
2021-09-13 22:29:56 info: =================================
2021-09-13 22:30:02 info: =================================
2021-09-13 22:30:02 info: ======= ENV: development =======
2021-09-13 22:30:02 info: 🚀 App listening on the port 5000
2021-09-13 22:30:02 info: =================================
2021-09-13 22:30:07 info: =================================
2021-09-13 22:30:07 info: ======= ENV: development =======
2021-09-13 22:30:07 info: 🚀 App listening on the port 5000
2021-09-13 22:30:07 info: =================================
2021-09-13 22:30:10 info: =================================
2021-09-13 22:30:10 info: ======= ENV: development =======
2021-09-13 22:30:10 info: 🚀 App listening on the port 5000
2021-09-13 22:30:10 info: =================================
2021-09-13 22:30:28 info: =================================
2021-09-13 22:30:28 info: ======= ENV: development =======
2021-09-13 22:30:28 info: 🚀 App listening on the port 5000
2021-09-13 22:30:28 info: =================================
2021-09-13 22:30:34 info: =================================
2021-09-13 22:30:34 info: ======= ENV: development =======
2021-09-13 22:30:34 info: 🚀 App listening on the port 5000
2021-09-13 22:30:34 info: =================================
2021-09-13 22:30:41 info: =================================
2021-09-13 22:30:41 info: ======= ENV: development =======
2021-09-13 22:30:41 info: 🚀 App listening on the port 5000
2021-09-13 22:30:41 info: =================================
2021-09-13 22:30:54 info: =================================
2021-09-13 22:30:54 info: ======= ENV: development =======
2021-09-13 22:30:54 info: 🚀 App listening on the port 5000
2021-09-13 22:30:54 info: =================================
2021-09-13 22:31:40 info: =================================
2021-09-13 22:31:40 info: ======= ENV: development =======
2021-09-13 22:31:40 info: 🚀 App listening on the port 5000
2021-09-13 22:31:40 info: =================================
2021-09-13 22:32:10 info: =================================
2021-09-13 22:32:10 info: ======= ENV: development =======
2021-09-13 22:32:10 info: 🚀 App listening on the port 5000
2021-09-13 22:32:10 info: =================================
2021-09-13 22:32:28 info: =================================
2021-09-13 22:32:28 info: ======= ENV: development =======
2021-09-13 22:32:28 info: 🚀 App listening on the port 5000
2021-09-13 22:32:28 info: =================================
2021-09-13 22:33:00 info: =================================
2021-09-13 22:33:00 info: ======= ENV: development =======
2021-09-13 22:33:00 info: 🚀 App listening on the port 5000
2021-09-13 22:33:00 info: =================================
2021-09-13 22:34:04 info: =================================
2021-09-13 22:34:04 info: ======= ENV: development =======
2021-09-13 22:34:04 info: 🚀 App listening on the port 5000
2021-09-13 22:34:04 info: =================================
2021-09-13 22:34:15 info: =================================
2021-09-13 22:34:15 info: ======= ENV: development =======
2021-09-13 22:34:15 info: 🚀 App listening on the port 5000
2021-09-13 22:34:15 info: =================================
2021-09-13 22:34:23 info: =================================
2021-09-13 22:34:23 info: ======= ENV: development =======
2021-09-13 22:34:23 info: 🚀 App listening on the port 5000
2021-09-13 22:34:23 info: =================================
2021-09-13 22:34:36 info: =================================
2021-09-13 22:34:36 info: ======= ENV: development =======
2021-09-13 22:34:36 info: 🚀 App listening on the port 5000
2021-09-13 22:34:36 info: =================================
2021-09-13 22:34:47 info: =================================
2021-09-13 22:34:47 info: ======= ENV: development =======
2021-09-13 22:34:47 info: 🚀 App listening on the port 5000
2021-09-13 22:34:47 info: =================================
2021-09-13 22:34:57 info: =================================
2021-09-13 22:34:57 info: ======= ENV: development =======
2021-09-13 22:34:57 info: 🚀 App listening on the port 5000
2021-09-13 22:34:57 info: =================================
2021-09-13 22:35:07 info: =================================
2021-09-13 22:35:07 info: ======= ENV: development =======
2021-09-13 22:35:07 info: 🚀 App listening on the port 5000
2021-09-13 22:35:07 info: =================================
2021-09-13 22:35:11 info: =================================
2021-09-13 22:35:11 info: ======= ENV: development =======
2021-09-13 22:35:11 info: 🚀 App listening on the port 5000
2021-09-13 22:35:11 info: =================================
2021-09-13 22:35:17 info: =================================
2021-09-13 22:35:17 info: ======= ENV: development =======
2021-09-13 22:35:17 info: 🚀 App listening on the port 5000
2021-09-13 22:35:17 info: =================================
2021-09-13 22:36:36 info: =================================
2021-09-13 22:40:54 info: =================================
2021-09-13 22:40:54 info: ======= ENV: development =======
2021-09-13 22:40:54 info: 🚀 App listening on the port 5000
2021-09-13 22:40:54 info: =================================
2021-09-13 22:41:31 info: =================================
2021-09-13 22:41:31 info: ======= ENV: development =======
2021-09-13 22:41:31 info: 🚀 App listening on the port 5000
2021-09-13 22:41:31 info: =================================
2021-09-13 22:41:39 info: [0mGET / [33m404[0m 9.288 ms - 139[0m
2021-09-13 22:41:45 info: [0mGET /api-docs/ [36m304[0m 2.127 ms - -[0m
2021-09-13 22:41:45 info: [0mGET /api-docs/swagger-ui.css [36m304[0m 2.016 ms - -[0m
2021-09-13 22:41:45 info: [0mGET /api-docs/swagger-ui-bundle.js [36m304[0m 0.802 ms - -[0m
2021-09-13 22:41:45 info: [0mGET /api-docs/swagger-ui-standalone-preset.js [36m304[0m 1.229 ms - -[0m
2021-09-13 22:41:45 info: [0mGET /api-docs/swagger-load.js [36m304[0m 0.858 ms - -[0m
2021-09-13 22:41:45 info: [0mGET /swagger.yaml [36m304[0m 0.715 ms - -[0m
2021-09-13 22:41:47 info: [0mGET /swagger.yaml [36m304[0m 1.294 ms - -[0m
