2022-04-04 11:23:35 info: =================================
2022-04-04 11:23:35 info: ======= ENV: development =======
2022-04-04 11:23:35 info: 🚀 App listening on the port 5000
2022-04-04 11:23:35 info: =================================
2022-04-04 11:31:35 info: =================================
2022-04-04 11:31:35 info: ======= ENV: development =======
2022-04-04 11:31:35 info: 🚀 App listening on the port 5000
2022-04-04 11:31:35 info: =================================
2022-04-04 11:33:40 info: =================================
2022-04-04 11:33:40 info: ======= ENV: development =======
2022-04-04 11:33:40 info: 🚀 App listening on the port 5000
2022-04-04 11:33:40 info: =================================
2022-04-04 11:35:54 info: =================================
2022-04-04 11:35:54 info: ======= ENV: development =======
2022-04-04 11:35:54 info: 🚀 App listening on the port 5000
2022-04-04 11:35:54 info: =================================
2022-04-04 11:49:06 info: =================================
2022-04-04 11:49:06 info: ======= ENV: development =======
2022-04-04 11:49:06 info: 🚀 App listening on the port 5000
2022-04-04 11:49:06 info: =================================
2022-04-04 11:49:17 info: =================================
2022-04-04 11:49:17 info: ======= ENV: development =======
2022-04-04 11:49:17 info: 🚀 App listening on the port 5000
2022-04-04 11:49:17 info: =================================
2022-04-04 11:49:33 info: =================================
2022-04-04 11:49:33 info: ======= ENV: development =======
2022-04-04 11:49:33 info: 🚀 App listening on the port 5000
2022-04-04 11:49:33 info: =================================
2022-04-04 11:49:44 info: =================================
2022-04-04 11:49:44 info: ======= ENV: development =======
2022-04-04 11:49:44 info: 🚀 App listening on the port 5000
2022-04-04 11:49:44 info: =================================
2022-04-04 11:49:55 info: =================================
2022-04-04 11:49:55 info: ======= ENV: development =======
2022-04-04 11:49:55 info: 🚀 App listening on the port 5000
2022-04-04 11:49:55 info: =================================
2022-04-04 11:50:02 info: =================================
2022-04-04 11:50:02 info: ======= ENV: development =======
2022-04-04 11:50:02 info: 🚀 App listening on the port 5000
2022-04-04 11:50:02 info: =================================
2022-04-04 11:50:18 info: =================================
2022-04-04 11:50:18 info: ======= ENV: development =======
2022-04-04 11:50:18 info: 🚀 App listening on the port 5000
2022-04-04 11:50:18 info: =================================
2022-04-04 11:50:27 info: =================================
2022-04-04 11:50:27 info: ======= ENV: development =======
2022-04-04 11:50:27 info: 🚀 App listening on the port 5000
2022-04-04 11:50:27 info: =================================
2022-04-04 12:18:18 info: =================================
2022-04-04 12:18:18 info: ======= ENV: development =======
2022-04-04 12:18:18 info: 🚀 App listening on the port 5000
2022-04-04 12:18:18 info: =================================
2022-04-04 12:18:25 info: =================================
2022-04-04 12:18:25 info: ======= ENV: development =======
2022-04-04 12:18:25 info: 🚀 App listening on the port 5000
2022-04-04 12:18:25 info: =================================
2022-04-04 12:18:36 info: =================================
2022-04-04 12:18:36 info: ======= ENV: development =======
2022-04-04 12:18:36 info: 🚀 App listening on the port 5000
2022-04-04 12:18:36 info: =================================
2022-04-04 12:39:49 info: =================================
2022-04-04 12:39:49 info: ======= ENV: development =======
2022-04-04 12:39:49 info: 🚀 App listening on the port 5000
2022-04-04 12:39:49 info: =================================
2022-04-04 12:41:36 info: =================================
2022-04-04 12:41:36 info: ======= ENV: development =======
2022-04-04 12:41:36 info: 🚀 App listening on the port 5000
2022-04-04 12:41:36 info: =================================
2022-04-04 12:41:41 info: =================================
2022-04-04 12:41:41 info: ======= ENV: development =======
2022-04-04 12:41:41 info: 🚀 App listening on the port 5000
2022-04-04 12:41:41 info: =================================
2022-04-04 12:41:54 info: =================================
2022-04-04 12:41:54 info: ======= ENV: development =======
2022-04-04 12:41:54 info: 🚀 App listening on the port 5000
2022-04-04 12:41:54 info: =================================
2022-04-04 12:42:12 info: =================================
2022-04-04 12:42:12 info: ======= ENV: development =======
2022-04-04 12:42:12 info: 🚀 App listening on the port 5000
2022-04-04 12:42:12 info: =================================
2022-04-04 12:42:22 info: =================================
2022-04-04 12:42:22 info: ======= ENV: development =======
2022-04-04 12:42:22 info: 🚀 App listening on the port 5000
2022-04-04 12:42:22 info: =================================
2022-04-04 12:42:27 info: =================================
2022-04-04 12:42:27 info: ======= ENV: development =======
2022-04-04 12:42:27 info: 🚀 App listening on the port 5000
2022-04-04 12:42:27 info: =================================
2022-04-04 12:42:43 info: =================================
2022-04-04 12:42:43 info: ======= ENV: development =======
2022-04-04 12:42:43 info: 🚀 App listening on the port 5000
2022-04-04 12:42:43 info: =================================
2022-04-04 12:42:53 info: =================================
2022-04-04 12:42:53 info: ======= ENV: development =======
2022-04-04 12:42:53 info: 🚀 App listening on the port 5000
2022-04-04 12:42:53 info: =================================
2022-04-04 14:23:31 info: =================================
2022-04-04 14:23:31 info: ======= ENV: development =======
2022-04-04 14:23:31 info: 🚀 App listening on the port 5000
2022-04-04 14:23:31 info: =================================
2022-04-04 14:23:49 info: =================================
2022-04-04 14:23:49 info: ======= ENV: development =======
2022-04-04 14:23:49 info: 🚀 App listening on the port 5000
2022-04-04 14:23:49 info: =================================
2022-04-04 14:25:37 info: [0mGET /api-docs/ [36m304[0m 11.391 ms - -[0m
2022-04-04 14:25:37 info: [0mGET /api-docs/swagger-ui-standalone-preset.js [36m304[0m 3.149 ms - -[0m
2022-04-04 14:25:37 info: [0mGET /api-docs/swagger-ui.css [36m304[0m 3.521 ms - -[0m
2022-04-04 14:25:37 info: [0mGET /api-docs/swagger-ui-bundle.js [36m304[0m 1.720 ms - -[0m
2022-04-04 14:25:37 info: [0mGET /api-docs/swagger-load.js [36m304[0m 2.021 ms - -[0m
2022-04-04 14:25:37 info: [0mGET /swagger.yaml [36m304[0m 0.666 ms - -[0m
2022-04-04 14:26:38 info: [0mGET /api-docs/ [36m304[0m 3.458 ms - -[0m
2022-04-04 14:26:38 info: [0mGET /api-docs/swagger-ui.css [36m304[0m 2.946 ms - -[0m
2022-04-04 14:26:38 info: [0mGET /api-docs/swagger-ui-bundle.js [36m304[0m 4.341 ms - -[0m
2022-04-04 14:26:38 info: [0mGET /api-docs/swagger-ui-standalone-preset.js [36m304[0m 4.744 ms - -[0m
2022-04-04 14:26:38 info: [0mGET /api-docs/swagger-load.js [36m304[0m 0.890 ms - -[0m
2022-04-04 15:54:31 info: =================================
2022-04-04 15:54:31 info: ======= ENV: development =======
2022-04-04 15:54:31 info: 🚀 App listening on the port 5000
2022-04-04 15:54:31 info: =================================
2022-04-04 15:55:01 info: =================================
2022-04-04 15:55:01 info: ======= ENV: development =======
2022-04-04 15:55:01 info: 🚀 App listening on the port 5000
2022-04-04 15:55:01 info: =================================
2022-04-04 18:41:41 info: =================================
2022-04-04 18:41:41 info: ======= ENV: development =======
2022-04-04 18:41:41 info: 🚀 App listening on the port 5000
2022-04-04 18:41:41 info: =================================
2022-04-04 18:41:50 info: [0mGET /api-docs/ [36m304[0m 6.397 ms - -[0m
2022-04-04 18:41:50 info: [0mGET /api-docs/swagger-ui-bundle.js [36m304[0m 3.017 ms - -[0m
2022-04-04 18:41:50 info: [0mGET /api-docs/swagger-ui-standalone-preset.js [36m304[0m 3.147 ms - -[0m
2022-04-04 18:41:50 info: [0mGET /api-docs/swagger-load.js [36m304[0m 1.506 ms - -[0m
2022-04-04 18:41:50 info: [0mGET /api-docs/swagger-ui.css [36m304[0m 2.072 ms - -[0m
2022-04-04 18:41:50 info: [0mGET /swagger.yaml [36m304[0m 0.638 ms - -[0m
2022-04-04 18:41:57 info: [0mGET /api/admin/user-details/HR [36m304[0m 14.473 ms - -[0m
2022-04-04 19:23:26 info: [0mGET /api-docs/ [36m304[0m 1.115 ms - -[0m
2022-04-04 19:23:26 info: [0mGET /api-docs/swagger-ui.css [36m304[0m 3.233 ms - -[0m
2022-04-04 19:23:26 info: [0mGET /api-docs/swagger-ui-bundle.js [36m304[0m 3.482 ms - -[0m
2022-04-04 19:23:26 info: [0mGET /api-docs/swagger-ui-standalone-preset.js [36m304[0m 1.368 ms - -[0m
2022-04-04 19:23:26 info: [0mGET /api-docs/swagger-load.js [36m304[0m 2.036 ms - -[0m
2022-04-04 19:23:26 info: [0mGET /swagger.yaml [36m304[0m 0.740 ms - -[0m
2022-04-04 19:23:47 info: [0mGET /api/admin/user-details/employee [36m304[0m 23.204 ms - -[0m
2022-04-04 19:24:15 info: [0mGET /api/admin/users/export?role=employee [32m200[0m 100.359 ms - 10[0m
2022-04-04 19:29:04 info: [0mOPTIONS /api/admin/delete-user/62456e6ac90c651a58a361fe [32m204[0m 0.402 ms - 0[0m
2022-04-04 19:29:04 info: [0mDELETE /api/admin/delete-user/62456e6ac90c651a58a361fe [32m200[0m 37.165 ms - 56[0m
2022-04-04 19:29:13 info: [0mGET /api/admin/user-details/employee [32m200[0m 11.741 ms - 952[0m
