2022-03-22 16:45:26 info: =================================
2022-03-22 16:45:26 info: ======= ENV: development =======
2022-03-22 16:45:26 info: 🚀 App listening on the port 5000
2022-03-22 16:45:26 info: =================================
2022-03-22 16:45:26 info: MongooseError: The `uri` parameter to `openUri()` must be a string, got "undefined". Make sure the first parameter to `mongoose.connect()` or `mongoose.createConnection()` is a string.
2022-03-22 16:45:31 info: =================================
2022-03-22 16:45:31 info: ======= ENV: development =======
2022-03-22 16:45:31 info: 🚀 App listening on the port 5000
2022-03-22 16:45:31 info: =================================
2022-03-22 16:45:31 info: MongooseError: The `uri` parameter to `openUri()` must be a string, got "undefined". Make sure the first parameter to `mongoose.connect()` or `mongoose.createConnection()` is a string.
2022-03-22 16:45:47 info: =================================
2022-03-22 16:45:47 info: ======= ENV: development =======
2022-03-22 16:45:47 info: 🚀 App listening on the port 5000
2022-03-22 16:45:47 info: =================================
2022-03-22 16:45:48 info: MongoError: bad auth : Authentication failed.
2022-03-22 16:45:59 info: =================================
2022-03-22 16:45:59 info: ======= ENV: development =======
2022-03-22 16:45:59 info: 🚀 App listening on the port 5000
2022-03-22 16:45:59 info: =================================
2022-03-22 16:46:00 info: MongoError: bad auth : Authentication failed.
2022-03-22 16:46:08 info: =================================
2022-03-22 16:46:08 info: ======= ENV: development =======
2022-03-22 16:46:08 info: 🚀 App listening on the port 5000
2022-03-22 16:46:08 info: =================================
2022-03-22 16:46:08 info: MongoError: bad auth : Authentication failed.
2022-03-22 16:47:12 info: =================================
2022-03-22 16:47:12 info: ======= ENV: development =======
2022-03-22 16:47:12 info: 🚀 App listening on the port 5000
2022-03-22 16:47:12 info: =================================
2022-03-22 16:47:13 info: MongoError: bad auth : Authentication failed.
2022-03-22 16:47:28 info: =================================
2022-03-22 16:47:28 info: ======= ENV: development =======
2022-03-22 16:47:28 info: 🚀 App listening on the port 5000
2022-03-22 16:47:28 info: =================================
2022-03-22 16:47:29 info: MongoError: bad auth : Authentication failed.
2022-03-22 16:48:59 info: =================================
2022-03-22 16:48:59 info: ======= ENV: development =======
2022-03-22 16:48:59 info: 🚀 App listening on the port 5000
2022-03-22 16:48:59 info: =================================
2022-03-22 16:49:00 info: MongoError: bad auth : Authentication failed.
2022-03-22 16:49:30 info: =================================
2022-03-22 16:49:30 info: ======= ENV: development =======
2022-03-22 16:49:30 info: 🚀 App listening on the port 5000
2022-03-22 16:49:30 info: =================================
2022-03-22 16:49:31 info: MongoError: bad auth : Authentication failed.
2022-03-22 16:50:17 info: =================================
2022-03-22 16:50:17 info: ======= ENV: development =======
2022-03-22 16:50:17 info: 🚀 App listening on the port 5000
2022-03-22 16:50:17 info: =================================
2022-03-22 16:50:17 info: MongooseError: The `uri` parameter to `openUri()` must be a string, got "undefined". Make sure the first parameter to `mongoose.connect()` or `mongoose.createConnection()` is a string.
2022-03-22 16:50:21 info: =================================
2022-03-22 16:50:21 info: ======= ENV: development =======
2022-03-22 16:50:21 info: 🚀 App listening on the port 5000
2022-03-22 16:50:21 info: =================================
2022-03-22 16:56:03 info: [0mGET /api-docs/ [36m304[0m 6.670 ms - -[0m
2022-03-22 16:56:03 info: [0mGET /api-docs/swagger-ui.css [36m304[0m 7.313 ms - -[0m
2022-03-22 16:56:03 info: [0mGET /api-docs/swagger-ui-bundle.js [36m304[0m 7.456 ms - -[0m
2022-03-22 16:56:03 info: [0mGET /api-docs/swagger-ui-standalone-preset.js [36m304[0m 5.901 ms - -[0m
2022-03-22 16:56:03 info: [0mGET /api-docs/swagger-load.js [36m304[0m 0.727 ms - -[0m
2022-03-22 16:56:03 info: [0mGET /swagger.yaml [36m304[0m 0.877 ms - -[0m
2022-03-22 16:56:51 info: [0mOPTIONS /api/admin/login [32m204[0m 0.331 ms - 0[0m
2022-03-22 16:56:51 error: [POST] /api/admin/login >> StatusCode:: 409, Message:: Please enter a registered email address
2022-03-22 16:56:51 info: [0mPOST /api/admin/login [33m409[0m 53.824 ms - 53[0m
2022-03-22 17:01:22 info: =================================
2022-03-22 17:01:22 info: ======= ENV: development =======
2022-03-22 17:01:22 info: 🚀 App listening on the port 5000
2022-03-22 17:01:22 info: =================================
2022-03-22 17:01:46 info: =================================
2022-03-22 17:01:46 info: ======= ENV: development =======
2022-03-22 17:01:46 info: 🚀 App listening on the port 5000
2022-03-22 17:01:46 info: =================================
2022-03-22 17:01:54 info: =================================
2022-03-22 17:01:54 info: ======= ENV: development =======
2022-03-22 17:01:54 info: 🚀 App listening on the port 5000
2022-03-22 17:01:54 info: =================================
2022-03-22 17:01:57 info: =================================
2022-03-22 17:01:57 info: ======= ENV: development =======
2022-03-22 17:01:57 info: 🚀 App listening on the port 5000
2022-03-22 17:01:57 info: =================================
2022-03-22 17:02:22 info: =================================
2022-03-22 17:02:22 info: ======= ENV: development =======
2022-03-22 17:02:22 info: 🚀 App listening on the port 5000
2022-03-22 17:02:22 info: =================================
2022-03-22 17:02:47 info: =================================
2022-03-22 17:02:47 info: ======= ENV: development =======
2022-03-22 17:02:47 info: 🚀 App listening on the port 5000
2022-03-22 17:02:47 info: =================================
2022-03-22 17:03:13 info: =================================
2022-03-22 17:03:13 info: ======= ENV: development =======
2022-03-22 17:03:13 info: 🚀 App listening on the port 5000
2022-03-22 17:03:13 info: =================================
2022-03-22 17:03:53 info: =================================
2022-03-22 17:03:53 info: ======= ENV: development =======
2022-03-22 17:03:53 info: 🚀 App listening on the port 5000
2022-03-22 17:03:53 info: =================================
2022-03-22 17:07:19 info: =================================
2022-03-22 17:07:19 info: ======= ENV: development =======
2022-03-22 17:07:19 info: 🚀 App listening on the port 5000
2022-03-22 17:07:19 info: =================================
2022-03-22 17:07:26 info: =================================
2022-03-22 17:07:26 info: ======= ENV: development =======
2022-03-22 17:07:26 info: 🚀 App listening on the port 5000
2022-03-22 17:07:26 info: =================================
2022-03-22 17:07:58 info: =================================
2022-03-22 17:07:58 info: ======= ENV: development =======
2022-03-22 17:07:58 info: 🚀 App listening on the port 5000
2022-03-22 17:07:58 info: =================================
2022-03-22 17:08:07 info: =================================
2022-03-22 17:08:07 info: ======= ENV: development =======
2022-03-22 17:08:07 info: 🚀 App listening on the port 5000
2022-03-22 17:08:07 info: =================================
2022-03-22 17:08:29 info: =================================
2022-03-22 17:08:29 info: ======= ENV: development =======
2022-03-22 17:08:29 info: 🚀 App listening on the port 5000
2022-03-22 17:08:29 info: =================================
2022-03-22 17:08:43 info: =================================
2022-03-22 17:08:43 info: ======= ENV: development =======
2022-03-22 17:08:43 info: 🚀 App listening on the port 5000
2022-03-22 17:08:43 info: =================================
2022-03-22 17:09:12 info: =================================
2022-03-22 17:09:12 info: ======= ENV: development =======
2022-03-22 17:09:12 info: 🚀 App listening on the port 5000
2022-03-22 17:09:12 info: =================================
2022-03-22 17:09:31 info: =================================
2022-03-22 17:09:31 info: ======= ENV: development =======
2022-03-22 17:09:31 info: 🚀 App listening on the port 5000
2022-03-22 17:09:31 info: =================================
2022-03-22 17:09:44 info: =================================
2022-03-22 17:09:44 info: ======= ENV: development =======
2022-03-22 17:09:44 info: 🚀 App listening on the port 5000
2022-03-22 17:09:44 info: =================================
2022-03-22 17:09:48 info: =================================
2022-03-22 17:09:48 info: ======= ENV: development =======
2022-03-22 17:09:48 info: 🚀 App listening on the port 5000
2022-03-22 17:09:48 info: =================================
2022-03-22 17:10:01 info: =================================
2022-03-22 17:10:01 info: ======= ENV: development =======
2022-03-22 17:10:01 info: 🚀 App listening on the port 5000
2022-03-22 17:10:01 info: =================================
2022-03-22 17:10:31 info: =================================
2022-03-22 17:10:31 info: ======= ENV: development =======
2022-03-22 17:10:31 info: 🚀 App listening on the port 5000
2022-03-22 17:10:31 info: =================================
2022-03-22 17:10:56 info: =================================
2022-03-22 17:10:56 info: ======= ENV: development =======
2022-03-22 17:10:56 info: 🚀 App listening on the port 5000
2022-03-22 17:10:56 info: =================================
2022-03-22 17:11:04 info: =================================
2022-03-22 17:11:04 info: ======= ENV: development =======
2022-03-22 17:11:04 info: 🚀 App listening on the port 5000
2022-03-22 17:11:04 info: =================================
2022-03-22 17:11:48 info: =================================
2022-03-22 17:11:48 info: ======= ENV: development =======
2022-03-22 17:11:48 info: 🚀 App listening on the port 5000
2022-03-22 17:11:48 info: =================================
2022-03-22 17:11:55 info: =================================
2022-03-22 17:11:55 info: ======= ENV: development =======
2022-03-22 17:11:55 info: 🚀 App listening on the port 5000
2022-03-22 17:11:55 info: =================================
2022-03-22 17:13:16 info: =================================
2022-03-22 17:13:16 info: ======= ENV: development =======
2022-03-22 17:13:16 info: 🚀 App listening on the port 5000
2022-03-22 17:13:16 info: =================================
2022-03-22 17:13:25 info: =================================
2022-03-22 17:13:25 info: ======= ENV: development =======
2022-03-22 17:13:25 info: 🚀 App listening on the port 5000
2022-03-22 17:13:25 info: =================================
2022-03-22 17:14:11 info: =================================
2022-03-22 17:14:11 info: ======= ENV: development =======
2022-03-22 17:14:11 info: 🚀 App listening on the port 5000
2022-03-22 17:14:11 info: =================================
2022-03-22 17:14:23 info: =================================
2022-03-22 17:14:23 info: ======= ENV: development =======
2022-03-22 17:14:23 info: 🚀 App listening on the port 5000
2022-03-22 17:14:23 info: =================================
2022-03-22 17:14:37 info: =================================
2022-03-22 17:14:37 info: ======= ENV: development =======
2022-03-22 17:14:37 info: 🚀 App listening on the port 5000
2022-03-22 17:14:37 info: =================================
2022-03-22 17:15:07 info: =================================
2022-03-22 17:15:07 info: ======= ENV: development =======
2022-03-22 17:15:07 info: 🚀 App listening on the port 5000
2022-03-22 17:15:07 info: =================================
2022-03-22 17:15:36 info: =================================
2022-03-22 17:15:36 info: ======= ENV: development =======
2022-03-22 17:15:36 info: 🚀 App listening on the port 5000
2022-03-22 17:15:36 info: =================================
2022-03-22 17:16:15 info: =================================
2022-03-22 17:16:15 info: ======= ENV: development =======
2022-03-22 17:16:15 info: 🚀 App listening on the port 5000
2022-03-22 17:16:15 info: =================================
2022-03-22 17:16:20 info: =================================
2022-03-22 17:16:20 info: ======= ENV: development =======
2022-03-22 17:16:20 info: 🚀 App listening on the port 5000
2022-03-22 17:16:20 info: =================================
2022-03-22 17:16:31 info: =================================
2022-03-22 17:16:31 info: ======= ENV: development =======
2022-03-22 17:16:31 info: 🚀 App listening on the port 5000
2022-03-22 17:16:31 info: =================================
2022-03-22 17:16:51 info: =================================
2022-03-22 17:16:51 info: ======= ENV: development =======
2022-03-22 17:16:51 info: 🚀 App listening on the port 5000
2022-03-22 17:16:51 info: =================================
2022-03-22 17:17:10 info: =================================
2022-03-22 17:17:11 info: ======= ENV: development =======
2022-03-22 17:17:11 info: 🚀 App listening on the port 5000
2022-03-22 17:17:11 info: =================================
2022-03-22 17:17:34 info: =================================
2022-03-22 17:17:34 info: ======= ENV: development =======
2022-03-22 17:17:34 info: 🚀 App listening on the port 5000
2022-03-22 17:17:34 info: =================================
2022-03-22 17:17:43 info: =================================
2022-03-22 17:17:43 info: ======= ENV: development =======
2022-03-22 17:17:43 info: 🚀 App listening on the port 5000
2022-03-22 17:17:43 info: =================================
2022-03-22 17:17:59 info: =================================
2022-03-22 17:17:59 info: ======= ENV: development =======
2022-03-22 17:17:59 info: 🚀 App listening on the port 5000
2022-03-22 17:17:59 info: =================================
2022-03-22 17:27:28 info: =================================
2022-03-22 17:27:28 info: ======= ENV: development =======
2022-03-22 17:27:28 info: 🚀 App listening on the port 5000
2022-03-22 17:27:28 info: =================================
2022-03-22 17:27:39 info: =================================
2022-03-22 17:27:39 info: ======= ENV: development =======
2022-03-22 17:27:39 info: 🚀 App listening on the port 5000
2022-03-22 17:27:39 info: =================================
2022-03-22 17:27:47 info: =================================
2022-03-22 17:27:47 info: ======= ENV: development =======
2022-03-22 17:27:47 info: 🚀 App listening on the port 5000
2022-03-22 17:27:47 info: =================================
2022-03-22 17:28:15 info: =================================
2022-03-22 17:28:15 info: ======= ENV: development =======
2022-03-22 17:28:15 info: 🚀 App listening on the port 5000
2022-03-22 17:28:15 info: =================================
2022-03-22 17:28:32 info: =================================
2022-03-22 17:28:32 info: ======= ENV: development =======
2022-03-22 17:28:32 info: 🚀 App listening on the port 5000
2022-03-22 17:28:32 info: =================================
2022-03-22 17:28:39 info: =================================
2022-03-22 17:28:39 info: ======= ENV: development =======
2022-03-22 17:28:39 info: 🚀 App listening on the port 5000
2022-03-22 17:28:39 info: =================================
2022-03-22 17:29:01 info: =================================
2022-03-22 17:29:01 info: ======= ENV: development =======
2022-03-22 17:29:01 info: 🚀 App listening on the port 5000
2022-03-22 17:29:01 info: =================================
2022-03-22 17:29:07 info: =================================
2022-03-22 17:29:07 info: ======= ENV: development =======
2022-03-22 17:29:07 info: 🚀 App listening on the port 5000
2022-03-22 17:29:07 info: =================================
2022-03-22 17:29:11 info: =================================
2022-03-22 17:29:11 info: ======= ENV: development =======
2022-03-22 17:29:11 info: 🚀 App listening on the port 5000
2022-03-22 17:29:11 info: =================================
2022-03-22 17:31:19 info: =================================
2022-03-22 17:31:19 info: ======= ENV: development =======
2022-03-22 17:31:19 info: 🚀 App listening on the port 5000
2022-03-22 17:31:19 info: =================================
2022-03-22 17:32:05 info: =================================
2022-03-22 17:32:05 info: ======= ENV: development =======
2022-03-22 17:32:05 info: 🚀 App listening on the port 5000
2022-03-22 17:32:05 info: =================================
2022-03-22 18:02:09 info: =================================
2022-03-22 18:02:09 info: ======= ENV: development =======
2022-03-22 18:02:09 info: 🚀 App listening on the port 5000
2022-03-22 18:02:09 info: =================================
2022-03-22 18:02:16 info: =================================
2022-03-22 18:02:16 info: ======= ENV: development =======
2022-03-22 18:02:16 info: 🚀 App listening on the port 5000
2022-03-22 18:02:16 info: =================================
2022-03-22 18:02:22 info: =================================
2022-03-22 18:02:22 info: ======= ENV: development =======
2022-03-22 18:02:22 info: 🚀 App listening on the port 5000
2022-03-22 18:02:22 info: =================================
2022-03-22 18:02:26 info: =================================
2022-03-22 18:02:26 info: ======= ENV: development =======
2022-03-22 18:02:26 info: 🚀 App listening on the port 5000
2022-03-22 18:02:26 info: =================================
2022-03-22 18:03:13 info: =================================
2022-03-22 18:03:13 info: ======= ENV: development =======
2022-03-22 18:03:13 info: 🚀 App listening on the port 5000
2022-03-22 18:03:13 info: =================================
2022-03-22 18:03:18 info: =================================
2022-03-22 18:03:18 info: ======= ENV: development =======
2022-03-22 18:03:18 info: 🚀 App listening on the port 5000
2022-03-22 18:03:18 info: =================================
2022-03-22 18:03:29 info: =================================
2022-03-22 18:03:29 info: ======= ENV: development =======
2022-03-22 18:03:29 info: 🚀 App listening on the port 5000
2022-03-22 18:03:29 info: =================================
2022-03-22 18:03:35 info: =================================
2022-03-22 18:03:35 info: ======= ENV: development =======
2022-03-22 18:03:35 info: 🚀 App listening on the port 5000
2022-03-22 18:03:35 info: =================================
2022-03-22 18:04:04 info: =================================
2022-03-22 18:04:04 info: ======= ENV: development =======
2022-03-22 18:04:04 info: 🚀 App listening on the port 5000
2022-03-22 18:04:04 info: =================================
2022-03-22 18:05:04 info: =================================
2022-03-22 18:05:04 info: ======= ENV: development =======
2022-03-22 18:05:04 info: 🚀 App listening on the port 5000
2022-03-22 18:05:04 info: =================================
2022-03-22 18:05:09 info: =================================
2022-03-22 18:05:09 info: ======= ENV: development =======
2022-03-22 18:05:09 info: 🚀 App listening on the port 5000
2022-03-22 18:05:09 info: =================================
2022-03-22 18:05:12 info: =================================
2022-03-22 18:05:12 info: ======= ENV: development =======
2022-03-22 18:05:12 info: 🚀 App listening on the port 5000
2022-03-22 18:05:12 info: =================================
2022-03-22 18:05:40 info: =================================
2022-03-22 18:05:40 info: ======= ENV: development =======
2022-03-22 18:05:40 info: 🚀 App listening on the port 5000
2022-03-22 18:05:40 info: =================================
2022-03-22 18:05:48 info: =================================
2022-03-22 18:05:48 info: ======= ENV: development =======
2022-03-22 18:05:48 info: 🚀 App listening on the port 5000
2022-03-22 18:05:48 info: =================================
2022-03-22 18:06:58 info: =================================
2022-03-22 18:06:58 info: ======= ENV: development =======
2022-03-22 18:06:58 info: 🚀 App listening on the port 5000
2022-03-22 18:06:58 info: =================================
2022-03-22 18:07:40 info: =================================
2022-03-22 18:07:40 info: ======= ENV: development =======
2022-03-22 18:07:40 info: 🚀 App listening on the port 5000
2022-03-22 18:07:40 info: =================================
2022-03-22 18:08:17 info: =================================
2022-03-22 18:08:17 info: ======= ENV: development =======
2022-03-22 18:08:17 info: 🚀 App listening on the port 5000
2022-03-22 18:08:17 info: =================================
2022-03-22 18:08:48 info: =================================
2022-03-22 18:08:48 info: ======= ENV: development =======
2022-03-22 18:08:48 info: 🚀 App listening on the port 5000
2022-03-22 18:08:48 info: =================================
2022-03-22 18:09:08 info: =================================
2022-03-22 18:09:08 info: ======= ENV: development =======
2022-03-22 18:09:08 info: 🚀 App listening on the port 5000
2022-03-22 18:09:08 info: =================================
2022-03-22 18:09:38 info: =================================
2022-03-22 18:09:38 info: ======= ENV: development =======
2022-03-22 18:09:38 info: 🚀 App listening on the port 5000
2022-03-22 18:09:38 info: =================================
2022-03-22 18:09:52 info: =================================
2022-03-22 18:09:53 info: ======= ENV: development =======
2022-03-22 18:09:53 info: 🚀 App listening on the port 5000
2022-03-22 18:09:53 info: =================================
2022-03-22 18:09:56 info: =================================
2022-03-22 18:09:56 info: ======= ENV: development =======
2022-03-22 18:09:56 info: 🚀 App listening on the port 5000
2022-03-22 18:09:56 info: =================================
2022-03-22 18:10:03 info: =================================
2022-03-22 18:10:03 info: ======= ENV: development =======
2022-03-22 18:10:03 info: 🚀 App listening on the port 5000
2022-03-22 18:10:03 info: =================================
2022-03-22 18:10:38 info: =================================
2022-03-22 18:10:38 info: ======= ENV: development =======
2022-03-22 18:10:38 info: 🚀 App listening on the port 5000
2022-03-22 18:10:38 info: =================================
2022-03-22 18:11:00 info: =================================
2022-03-22 18:11:00 info: ======= ENV: development =======
2022-03-22 18:11:00 info: 🚀 App listening on the port 5000
2022-03-22 18:11:00 info: =================================
2022-03-22 18:11:13 info: =================================
2022-03-22 18:11:13 info: ======= ENV: development =======
2022-03-22 18:11:13 info: 🚀 App listening on the port 5000
2022-03-22 18:11:13 info: =================================
2022-03-22 18:11:19 info: =================================
2022-03-22 18:11:19 info: ======= ENV: development =======
2022-03-22 18:11:19 info: 🚀 App listening on the port 5000
2022-03-22 18:11:19 info: =================================
2022-03-22 18:11:25 info: =================================
2022-03-22 18:11:25 info: ======= ENV: development =======
2022-03-22 18:11:25 info: 🚀 App listening on the port 5000
2022-03-22 18:11:25 info: =================================
2022-03-22 18:11:45 info: =================================
2022-03-22 18:11:45 info: ======= ENV: development =======
2022-03-22 18:11:45 info: 🚀 App listening on the port 5000
2022-03-22 18:11:45 info: =================================
2022-03-22 18:12:02 info: =================================
2022-03-22 18:12:02 info: ======= ENV: development =======
2022-03-22 18:12:02 info: 🚀 App listening on the port 5000
2022-03-22 18:12:02 info: =================================
2022-03-22 18:12:30 info: =================================
2022-03-22 18:12:30 info: ======= ENV: development =======
2022-03-22 18:12:30 info: 🚀 App listening on the port 5000
2022-03-22 18:12:30 info: =================================
2022-03-22 18:13:28 info: =================================
2022-03-22 18:13:28 info: ======= ENV: development =======
2022-03-22 18:13:28 info: 🚀 App listening on the port 5000
2022-03-22 18:13:28 info: =================================
2022-03-22 18:14:14 info: =================================
2022-03-22 18:14:14 info: ======= ENV: development =======
2022-03-22 18:14:14 info: 🚀 App listening on the port 5000
2022-03-22 18:14:14 info: =================================
2022-03-22 18:14:18 info: =================================
2022-03-22 18:14:18 info: ======= ENV: development =======
2022-03-22 18:14:18 info: 🚀 App listening on the port 5000
2022-03-22 18:14:18 info: =================================
2022-03-22 18:14:22 info: =================================
2022-03-22 18:14:22 info: ======= ENV: development =======
2022-03-22 18:14:22 info: 🚀 App listening on the port 5000
2022-03-22 18:14:22 info: =================================
2022-03-22 18:15:02 info: =================================
2022-03-22 18:15:02 info: ======= ENV: development =======
2022-03-22 18:15:02 info: 🚀 App listening on the port 5000
2022-03-22 18:15:02 info: =================================
2022-03-22 18:15:24 info: =================================
2022-03-22 18:15:24 info: ======= ENV: development =======
2022-03-22 18:15:24 info: 🚀 App listening on the port 5000
2022-03-22 18:15:24 info: =================================
2022-03-22 18:15:52 info: =================================
2022-03-22 18:15:52 info: ======= ENV: development =======
2022-03-22 18:15:52 info: 🚀 App listening on the port 5000
2022-03-22 18:15:52 info: =================================
2022-03-22 18:15:58 info: =================================
2022-03-22 18:15:58 info: ======= ENV: development =======
2022-03-22 18:15:58 info: 🚀 App listening on the port 5000
2022-03-22 18:15:58 info: =================================
2022-03-22 18:16:25 info: =================================
2022-03-22 18:16:25 info: ======= ENV: development =======
2022-03-22 18:16:25 info: 🚀 App listening on the port 5000
2022-03-22 18:16:25 info: =================================
2022-03-22 18:16:31 info: =================================
2022-03-22 18:16:31 info: ======= ENV: development =======
2022-03-22 18:16:31 info: 🚀 App listening on the port 5000
2022-03-22 18:16:31 info: =================================
2022-03-22 18:16:53 info: =================================
2022-03-22 18:16:53 info: ======= ENV: development =======
2022-03-22 18:16:53 info: 🚀 App listening on the port 5000
2022-03-22 18:16:53 info: =================================
2022-03-22 18:16:59 info: =================================
2022-03-22 18:16:59 info: ======= ENV: development =======
2022-03-22 18:16:59 info: 🚀 App listening on the port 5000
2022-03-22 18:16:59 info: =================================
2022-03-22 18:17:22 info: =================================
2022-03-22 18:17:22 info: ======= ENV: development =======
2022-03-22 18:17:22 info: 🚀 App listening on the port 5000
2022-03-22 18:17:22 info: =================================
2022-03-22 18:18:43 info: =================================
2022-03-22 18:18:43 info: ======= ENV: development =======
2022-03-22 18:18:43 info: 🚀 App listening on the port 5000
2022-03-22 18:18:43 info: =================================
2022-03-22 18:18:52 info: =================================
2022-03-22 18:18:52 info: ======= ENV: development =======
2022-03-22 18:18:52 info: 🚀 App listening on the port 5000
2022-03-22 18:18:52 info: =================================
2022-03-22 18:19:26 info: =================================
2022-03-22 18:19:26 info: ======= ENV: development =======
2022-03-22 18:19:26 info: 🚀 App listening on the port 5000
2022-03-22 18:19:26 info: =================================
2022-03-22 18:20:05 info: =================================
2022-03-22 18:20:05 info: ======= ENV: development =======
2022-03-22 18:20:05 info: 🚀 App listening on the port 5000
2022-03-22 18:20:05 info: =================================
2022-03-22 18:20:24 info: =================================
2022-03-22 18:20:24 info: ======= ENV: development =======
2022-03-22 18:20:24 info: 🚀 App listening on the port 5000
2022-03-22 18:20:24 info: =================================
2022-03-22 18:21:05 info: =================================
2022-03-22 18:21:05 info: ======= ENV: development =======
2022-03-22 18:21:05 info: 🚀 App listening on the port 5000
2022-03-22 18:21:05 info: =================================
2022-03-22 18:25:13 info: =================================
2022-03-22 18:25:13 info: ======= ENV: development =======
2022-03-22 18:25:13 info: 🚀 App listening on the port 5000
2022-03-22 18:25:13 info: =================================
2022-03-22 18:25:30 info: =================================
2022-03-22 18:25:30 info: ======= ENV: development =======
2022-03-22 18:25:30 info: 🚀 App listening on the port 5000
2022-03-22 18:25:30 info: =================================
2022-03-22 18:25:58 info: =================================
2022-03-22 18:25:58 info: ======= ENV: development =======
2022-03-22 18:25:58 info: 🚀 App listening on the port 5000
2022-03-22 18:25:58 info: =================================
2022-03-22 18:26:41 info: =================================
2022-03-22 18:26:41 info: ======= ENV: development =======
2022-03-22 18:26:41 info: 🚀 App listening on the port 5000
2022-03-22 18:26:41 info: =================================
2022-03-22 18:32:19 info: =================================
2022-03-22 18:32:19 info: ======= ENV: development =======
2022-03-22 18:32:19 info: 🚀 App listening on the port 5000
2022-03-22 18:32:19 info: =================================
2022-03-22 18:32:48 info: =================================
2022-03-22 18:32:48 info: ======= ENV: development =======
2022-03-22 18:32:48 info: 🚀 App listening on the port 5000
2022-03-22 18:32:48 info: =================================
2022-03-22 18:33:18 info: =================================
2022-03-22 18:33:18 info: ======= ENV: development =======
2022-03-22 18:33:18 info: 🚀 App listening on the port 5000
2022-03-22 18:33:18 info: =================================
2022-03-22 18:33:34 info: =================================
2022-03-22 18:33:34 info: ======= ENV: development =======
2022-03-22 18:33:34 info: 🚀 App listening on the port 5000
2022-03-22 18:33:34 info: =================================
2022-03-22 18:36:35 info: =================================
2022-03-22 18:36:35 info: ======= ENV: development =======
2022-03-22 18:36:35 info: 🚀 App listening on the port 5000
2022-03-22 18:36:35 info: =================================
2022-03-22 18:36:42 info: =================================
2022-03-22 18:36:42 info: ======= ENV: development =======
2022-03-22 18:36:42 info: 🚀 App listening on the port 5000
2022-03-22 18:36:42 info: =================================
2022-03-22 18:36:56 info: =================================
2022-03-22 18:36:56 info: ======= ENV: development =======
2022-03-22 18:36:56 info: 🚀 App listening on the port 5000
2022-03-22 18:36:56 info: =================================
2022-03-22 18:37:12 info: =================================
2022-03-22 18:37:12 info: ======= ENV: development =======
2022-03-22 18:37:12 info: 🚀 App listening on the port 5000
2022-03-22 18:37:12 info: =================================
2022-03-22 18:37:17 info: =================================
2022-03-22 18:37:17 info: ======= ENV: development =======
2022-03-22 18:37:17 info: 🚀 App listening on the port 5000
2022-03-22 18:37:17 info: =================================
2022-03-22 18:38:34 info: =================================
2022-03-22 18:38:34 info: ======= ENV: development =======
2022-03-22 18:38:34 info: 🚀 App listening on the port 5000
2022-03-22 18:38:34 info: =================================
2022-03-22 18:40:34 info: =================================
2022-03-22 18:40:34 info: ======= ENV: development =======
2022-03-22 18:40:34 info: 🚀 App listening on the port 5000
2022-03-22 18:40:34 info: =================================
2022-03-22 18:40:49 info: =================================
2022-03-22 18:40:49 info: ======= ENV: development =======
2022-03-22 18:40:49 info: 🚀 App listening on the port 5000
2022-03-22 18:40:49 info: =================================
2022-03-22 18:41:21 info: =================================
2022-03-22 18:41:21 info: ======= ENV: development =======
2022-03-22 18:41:21 info: 🚀 App listening on the port 5000
2022-03-22 18:41:21 info: =================================
2022-03-22 18:41:27 info: =================================
2022-03-22 18:41:27 info: ======= ENV: development =======
2022-03-22 18:41:27 info: 🚀 App listening on the port 5000
2022-03-22 18:41:27 info: =================================
2022-03-22 18:41:49 info: =================================
2022-03-22 18:41:49 info: ======= ENV: development =======
2022-03-22 18:41:49 info: 🚀 App listening on the port 5000
2022-03-22 18:41:49 info: =================================
2022-03-22 18:41:53 info: =================================
2022-03-22 18:41:53 info: ======= ENV: development =======
2022-03-22 18:41:53 info: 🚀 App listening on the port 5000
2022-03-22 18:41:53 info: =================================
2022-03-22 18:42:02 info: =================================
2022-03-22 18:42:02 info: ======= ENV: development =======
2022-03-22 18:42:02 info: 🚀 App listening on the port 5000
2022-03-22 18:42:02 info: =================================
2022-03-22 18:42:17 info: =================================
2022-03-22 18:42:17 info: ======= ENV: development =======
2022-03-22 18:42:17 info: 🚀 App listening on the port 5000
2022-03-22 18:42:17 info: =================================
2022-03-22 18:43:18 info: =================================
2022-03-22 18:43:18 info: ======= ENV: development =======
2022-03-22 18:43:18 info: 🚀 App listening on the port 5000
2022-03-22 18:43:18 info: =================================
2022-03-22 18:43:42 info: =================================
2022-03-22 18:43:42 info: ======= ENV: development =======
2022-03-22 18:43:42 info: 🚀 App listening on the port 5000
2022-03-22 18:43:42 info: =================================
2022-03-22 18:44:14 info: =================================
2022-03-22 18:44:14 info: ======= ENV: development =======
2022-03-22 18:44:14 info: 🚀 App listening on the port 5000
2022-03-22 18:44:14 info: =================================
