2022-04-01 11:30:48 info: =================================
2022-04-01 11:30:48 info: ======= ENV: development =======
2022-04-01 11:30:48 info: 🚀 App listening on the port 5000
2022-04-01 11:30:48 info: =================================
2022-04-01 11:42:25 info: [0mGET /api-docs/ [36m304[0m 7.682 ms - -[0m
2022-04-01 11:42:25 info: [0mGET /api-docs/swagger-ui.css [36m304[0m 3.055 ms - -[0m
2022-04-01 11:42:25 info: [0mGET /api-docs/swagger-ui-standalone-preset.js [36m304[0m 4.415 ms - -[0m
2022-04-01 11:42:25 info: [0mGET /api-docs/swagger-load.js [36m304[0m 2.610 ms - -[0m
2022-04-01 11:42:25 info: [0mGET /api-docs/swagger-ui-bundle.js [36m304[0m 0.915 ms - -[0m
2022-04-01 11:42:25 info: [0mGET /swagger.yaml [36m304[0m 0.646 ms - -[0m
2022-04-01 11:46:47 info: =================================
2022-04-01 11:46:47 info: ======= ENV: development =======
2022-04-01 11:46:47 info: 🚀 App listening on the port 5000
2022-04-01 11:46:47 info: =================================
2022-04-01 11:47:21 error: [GET] /api/admin/users/export >> StatusCode:: 400, Message:: Required fields are missing
2022-04-01 11:47:21 info: [0mGET /api/admin/users/export?role=employee [33m400[0m 11.369 ms - 41[0m
2022-04-01 11:57:02 info: =================================
2022-04-01 11:57:02 info: ======= ENV: development =======
2022-04-01 11:57:02 info: 🚀 App listening on the port 5000
2022-04-01 11:57:02 info: =================================
2022-04-01 11:57:05 error: [GET] /api/admin/users/export >> StatusCode:: 400, Message:: Required fields are missing
2022-04-01 11:57:05 info: [0mGET /api/admin/users/export?role=employee [33m400[0m 10.736 ms - 41[0m
2022-04-01 11:58:54 info: =================================
2022-04-01 11:58:54 info: ======= ENV: development =======
2022-04-01 11:58:54 info: 🚀 App listening on the port 5000
2022-04-01 11:58:54 info: =================================
2022-04-01 12:00:04 error: [GET] /api/admin/users/export >> StatusCode:: 400, Message:: Required fields are missing
2022-04-01 12:00:04 info: [0mGET /api/admin/users/export?%7Brole%7D=&role=employee [33m400[0m 16.186 ms - 41[0m
2022-04-01 12:12:00 info: [0mGET /api%20/admin/users/export?role=employee [33m404[0m 4.061 ms - 164[0m
2022-04-01 12:12:14 info: =================================
2022-04-01 12:12:14 info: ======= ENV: development =======
2022-04-01 12:12:14 info: 🚀 App listening on the port 5000
2022-04-01 12:12:14 info: =================================
2022-04-01 12:12:29 info: [0mGET /api%20/admin/users/export?role=employee [33m404[0m 7.799 ms - 164[0m
2022-04-01 12:12:51 info: [0mGET /api%20/admin/users/export [33m404[0m 2.856 ms - 164[0m
2022-04-01 12:13:03 info: [0mGET /api%20/ [33m404[0m 1.520 ms - 146[0m
2022-04-01 12:13:10 info: [0mGET /api [32m200[0m 3.495 ms - 62[0m
2022-04-01 12:13:27 info: =================================
2022-04-01 12:13:27 info: ======= ENV: development =======
2022-04-01 12:13:27 info: 🚀 App listening on the port 5000
2022-04-01 12:13:27 info: =================================
2022-04-01 12:13:29 info: [0mGET /api%20/admin/users/export [33m404[0m 7.271 ms - 164[0m
2022-04-01 12:14:30 info: [0mGET /api-docs/ [36m304[0m 3.492 ms - -[0m
2022-04-01 12:14:30 info: [0mGET /api-docs/swagger-ui.css [36m304[0m 1.502 ms - -[0m
2022-04-01 12:14:30 info: [0mGET /api-docs/swagger-ui-bundle.js [36m304[0m 0.864 ms - -[0m
2022-04-01 12:14:30 info: [0mGET /api-docs/swagger-ui-standalone-preset.js [36m304[0m 1.582 ms - -[0m
2022-04-01 12:14:30 info: [0mGET /api-docs/swagger-load.js [36m304[0m 3.174 ms - -[0m
2022-04-01 12:14:30 info: [0mGET /swagger.yaml [36m304[0m 0.651 ms - -[0m
2022-04-01 12:14:52 info: [0mGET /api/admin/users/export/employee [33m404[0m 3.593 ms - 170[0m
2022-04-01 12:15:44 info: [0mGET /api/admin/user-details/HR [32m200[0m 11.510 ms - 47[0m
2022-04-01 12:15:52 info: [0mGET /api/admin/user-details/employee [36m304[0m 15.990 ms - -[0m
2022-04-01 12:18:39 info: [0mGET /api-docs/ [36m304[0m 1.122 ms - -[0m
2022-04-01 12:18:39 info: [0mGET /api-docs/swagger-ui.css [36m304[0m 1.510 ms - -[0m
2022-04-01 12:18:39 info: [0mGET /api-docs/swagger-ui-bundle.js [36m304[0m 2.900 ms - -[0m
2022-04-01 12:18:39 info: [0mGET /api-docs/swagger-ui-standalone-preset.js [36m304[0m 1.577 ms - -[0m
2022-04-01 12:18:39 info: [0mGET /api-docs/swagger-load.js [36m304[0m 2.216 ms - -[0m
2022-04-01 12:18:39 info: [0mGET /api-docs/favicon-32x32.png [36m304[0m 2.366 ms - -[0m
2022-04-01 12:18:39 info: [0mGET /swagger.yaml [32m200[0m 10.732 ms - -[0m
2022-04-01 12:18:51 info: [0mGET /api-docs/ [36m304[0m 0.859 ms - -[0m
2022-04-01 12:18:51 info: [0mGET /api-docs/swagger-ui.css [36m304[0m 2.817 ms - -[0m
2022-04-01 12:18:51 info: [0mGET /api-docs/swagger-ui-bundle.js [36m304[0m 4.156 ms - -[0m
2022-04-01 12:18:51 info: [0mGET /api-docs/swagger-ui-standalone-preset.js [36m304[0m 4.927 ms - -[0m
2022-04-01 12:18:51 info: [0mGET /api-docs/swagger-load.js [36m304[0m 6.262 ms - -[0m
2022-04-01 12:18:51 info: [0mGET /swagger.yaml [36m304[0m 1.527 ms - -[0m
2022-04-01 12:18:51 info: [0mGET /api-docs/favicon-32x32.png [36m304[0m 1.158 ms - -[0m
2022-04-01 12:19:02 info: =================================
2022-04-01 12:19:02 info: ======= ENV: development =======
2022-04-01 12:19:02 info: 🚀 App listening on the port 5000
2022-04-01 12:19:02 info: =================================
2022-04-01 12:19:20 info: [0mGET /api/admin/users/export/employee [32m200[0m 102.423 ms - 10[0m
2022-04-01 12:23:21 info: =================================
2022-04-01 12:23:21 info: ======= ENV: development =======
2022-04-01 12:23:21 info: 🚀 App listening on the port 5000
2022-04-01 12:23:21 info: =================================
2022-04-01 12:23:32 info: [0mGET /api/admin/users/export?role=HR [33m404[0m 6.741 ms - 161[0m
2022-04-01 12:24:07 info: =================================
2022-04-01 12:24:07 info: ======= ENV: development =======
2022-04-01 12:24:07 info: 🚀 App listening on the port 5000
2022-04-01 12:24:07 info: =================================
2022-04-01 12:24:11 error: [GET] /api/admin/users/export >> StatusCode:: 400, Message:: Required fields are missing
2022-04-01 12:24:11 info: [0mGET /api/admin/users/export?role=HR [33m400[0m 10.755 ms - 41[0m
2022-04-01 12:24:45 info: =================================
2022-04-01 12:24:45 info: ======= ENV: development =======
2022-04-01 12:24:45 info: 🚀 App listening on the port 5000
2022-04-01 12:24:45 info: =================================
2022-04-01 12:24:52 info: =================================
2022-04-01 12:24:52 info: ======= ENV: development =======
2022-04-01 12:24:52 info: 🚀 App listening on the port 5000
2022-04-01 12:24:52 info: =================================
2022-04-01 12:24:56 info: [0mGET /api/admin/users/export?role=HR [32m200[0m 90.085 ms - 10[0m
2022-04-01 12:25:09 info: =================================
2022-04-01 12:25:09 info: ======= ENV: development =======
2022-04-01 12:25:09 info: 🚀 App listening on the port 5000
2022-04-01 12:25:09 info: =================================
2022-04-01 12:25:10 info: [0mGET /api/admin/users/export?role=HR [36m304[0m 119.240 ms - -[0m
2022-04-01 12:25:46 info: =================================
2022-04-01 12:25:46 info: ======= ENV: development =======
2022-04-01 12:25:46 info: 🚀 App listening on the port 5000
2022-04-01 12:25:46 info: =================================
2022-04-01 12:25:55 info: [0mGET /api-docs/ [36m304[0m 5.731 ms - -[0m
2022-04-01 12:25:55 info: [0mGET /api-docs/swagger-ui.css [36m304[0m 3.292 ms - -[0m
2022-04-01 12:25:55 info: [0mGET /api-docs/swagger-ui-bundle.js [36m304[0m 2.906 ms - -[0m
2022-04-01 12:25:55 info: [0mGET /api-docs/swagger-ui-standalone-preset.js [36m304[0m 1.408 ms - -[0m
2022-04-01 12:25:55 info: [0mGET /api-docs/swagger-load.js [36m304[0m 1.964 ms - -[0m
2022-04-01 12:25:55 info: [0mGET /api-docs/favicon-32x32.png [36m304[0m 2.560 ms - -[0m
2022-04-01 12:25:55 info: [0mGET /swagger.yaml [32m200[0m 7.553 ms - -[0m
2022-04-01 12:26:04 info: [0mGET /api/admin/users/export?role=HR [32m200[0m 87.823 ms - 10[0m
2022-04-01 12:26:45 info: [0mGET /api/admin/users/export?role=employee [32m200[0m 49.542 ms - 10[0m
2022-04-01 12:38:29 info: =================================
2022-04-01 12:38:29 info: ======= ENV: development =======
2022-04-01 12:38:29 info: 🚀 App listening on the port 5000
2022-04-01 12:38:29 info: =================================
2022-04-01 12:38:40 info: =================================
2022-04-01 12:38:40 info: ======= ENV: development =======
2022-04-01 12:38:40 info: 🚀 App listening on the port 5000
2022-04-01 12:38:40 info: =================================
