2022-03-21 11:18:50 info: =================================
2022-03-21 11:18:50 info: ======= ENV: development =======
2022-03-21 11:18:50 info: 🚀 App listening on the port 5000
2022-03-21 11:18:50 info: =================================
2022-03-21 11:19:20 info: MongooseServerSelectionError: connect ECONNREFUSED 127.0.0.1:27017
2022-03-21 11:19:23 info: [0mGET /api-docs [36m301[0m 5.969 ms - 183[0m
2022-03-21 11:19:23 info: [0mGET /api-docs/ [32m200[0m 3.677 ms - 981[0m
2022-03-21 11:19:23 info: [0mGET /api-docs/swagger-ui.css [32m200[0m 6.102 ms - -[0m
2022-03-21 11:19:23 info: [0mGET /api-docs/swagger-load.js [32m200[0m 6.137 ms - 584[0m
2022-03-21 11:19:23 info: [0mGET /api-docs/swagger-ui-standalone-preset.js [32m200[0m 8.574 ms - -[0m
2022-03-21 11:19:24 info: [0mGET /api-docs/swagger-ui-bundle.js [32m200[0m 6.021 ms - -[0m
2022-03-21 11:19:24 info: [0mGET /swagger.yaml [32m200[0m 1.327 ms - -[0m
2022-03-21 11:19:24 info: [0mGET /api-docs/favicon-32x32.png [32m200[0m 1.378 ms - 628[0m
2022-03-21 12:40:33 info: [0mOPTIONS /api/auth/social-login [32m204[0m 3.143 ms - 0[0m
2022-03-21 12:40:43 error: [POST] /api/auth/social-login >> StatusCode:: 500, Message:: Operation `users.findOne()` buffering timed out after 10000ms
2022-03-21 12:40:43 info: [0mPOST /api/auth/social-login [31m500[0m 10106.583 ms - 75[0m
2022-03-21 13:13:09 info: =================================
2022-03-21 13:13:09 info: ======= ENV: development =======
2022-03-21 13:13:09 info: 🚀 App listening on the port 5000
2022-03-21 13:13:09 info: =================================
2022-03-21 13:13:39 info: MongooseServerSelectionError: connect ECONNREFUSED 127.0.0.1:27017
2022-03-21 15:48:01 info: =================================
2022-03-21 15:48:01 info: ======= ENV: development =======
2022-03-21 15:48:01 info: 🚀 App listening on the port 5000
2022-03-21 15:48:01 info: =================================
2022-03-21 15:48:18 info: =================================
2022-03-21 15:48:18 info: ======= ENV: development =======
2022-03-21 15:48:18 info: 🚀 App listening on the port 5000
2022-03-21 15:48:18 info: =================================
2022-03-21 15:48:54 info: =================================
2022-03-21 15:48:54 info: ======= ENV: development =======
2022-03-21 15:48:54 info: 🚀 App listening on the port 5000
2022-03-21 15:48:54 info: =================================
2022-03-21 15:49:10 info: =================================
2022-03-21 15:49:10 info: ======= ENV: development =======
2022-03-21 15:49:10 info: 🚀 App listening on the port 5000
2022-03-21 15:49:10 info: =================================
2022-03-21 15:49:25 info: =================================
2022-03-21 15:49:25 info: ======= ENV: development =======
2022-03-21 15:49:25 info: 🚀 App listening on the port 5000
2022-03-21 15:49:25 info: =================================
2022-03-21 15:49:35 info: =================================
2022-03-21 15:49:35 info: ======= ENV: development =======
2022-03-21 15:49:35 info: 🚀 App listening on the port 5000
2022-03-21 15:49:35 info: =================================
2022-03-21 15:49:57 info: =================================
2022-03-21 15:49:57 info: ======= ENV: development =======
2022-03-21 15:49:57 info: 🚀 App listening on the port 5000
2022-03-21 15:49:57 info: =================================
2022-03-21 15:50:01 info: =================================
2022-03-21 15:50:01 info: ======= ENV: development =======
2022-03-21 15:50:01 info: 🚀 App listening on the port 5000
2022-03-21 15:50:01 info: =================================
2022-03-21 15:50:05 info: =================================
2022-03-21 15:50:05 info: ======= ENV: development =======
2022-03-21 15:50:05 info: 🚀 App listening on the port 5000
2022-03-21 15:50:05 info: =================================
2022-03-21 15:50:35 info: MongooseServerSelectionError: connect ECONNREFUSED 127.0.0.1:27017
2022-03-21 15:50:41 info: =================================
2022-03-21 15:50:41 info: ======= ENV: development =======
2022-03-21 15:50:41 info: 🚀 App listening on the port 5000
2022-03-21 15:50:41 info: =================================
2022-03-21 15:51:11 info: MongooseServerSelectionError: connect ECONNREFUSED 127.0.0.1:27017
2022-03-21 15:52:22 info: =================================
2022-03-21 15:52:22 info: ======= ENV: development =======
2022-03-21 15:52:22 info: 🚀 App listening on the port 5000
2022-03-21 15:52:22 info: =================================
2022-03-21 15:52:34 info: =================================
2022-03-21 15:52:34 info: ======= ENV: development =======
2022-03-21 15:52:34 info: 🚀 App listening on the port 5000
2022-03-21 15:52:34 info: =================================
2022-03-21 15:52:44 info: =================================
2022-03-21 15:52:44 info: ======= ENV: development =======
2022-03-21 15:52:44 info: 🚀 App listening on the port 5000
2022-03-21 15:52:44 info: =================================
2022-03-21 15:53:17 info: =================================
2022-03-21 15:53:17 info: ======= ENV: development =======
2022-03-21 15:53:17 info: 🚀 App listening on the port 5000
2022-03-21 15:53:17 info: =================================
2022-03-21 15:57:08 info: =================================
2022-03-21 15:57:08 info: ======= ENV: development =======
2022-03-21 15:57:08 info: 🚀 App listening on the port 5000
2022-03-21 15:57:08 info: =================================
2022-03-21 15:59:16 info: =================================
2022-03-21 15:59:16 info: ======= ENV: development =======
2022-03-21 15:59:16 info: 🚀 App listening on the port 5000
2022-03-21 15:59:16 info: =================================
2022-03-21 15:59:46 info: MongooseServerSelectionError: connect ECONNREFUSED 127.0.0.1:27017
2022-03-21 16:01:45 info: =================================
2022-03-21 16:01:45 info: ======= ENV: development =======
2022-03-21 16:01:45 info: 🚀 App listening on the port 5000
2022-03-21 16:01:45 info: =================================
2022-03-21 16:02:05 info: =================================
2022-03-21 16:02:05 info: ======= ENV: development =======
2022-03-21 16:02:05 info: 🚀 App listening on the port 5000
2022-03-21 16:02:05 info: =================================
2022-03-21 16:02:19 info: =================================
2022-03-21 16:02:19 info: ======= ENV: development =======
2022-03-21 16:02:19 info: 🚀 App listening on the port 5000
2022-03-21 16:02:19 info: =================================
2022-03-21 16:02:36 info: =================================
2022-03-21 16:02:36 info: ======= ENV: development =======
2022-03-21 16:02:36 info: 🚀 App listening on the port 5000
2022-03-21 16:02:36 info: =================================
2022-03-21 16:03:06 info: MongooseServerSelectionError: connect ECONNREFUSED 127.0.0.1:27017
2022-03-21 16:04:09 info: =================================
2022-03-21 16:04:09 info: ======= ENV: development =======
2022-03-21 16:04:09 info: 🚀 App listening on the port 5000
2022-03-21 16:04:09 info: =================================
2022-03-21 16:04:24 info: =================================
2022-03-21 16:04:24 info: ======= ENV: development =======
2022-03-21 16:04:24 info: 🚀 App listening on the port 5000
2022-03-21 16:04:24 info: =================================
2022-03-21 16:04:29 info: =================================
2022-03-21 16:04:29 info: ======= ENV: development =======
2022-03-21 16:04:29 info: 🚀 App listening on the port 5000
2022-03-21 16:04:29 info: =================================
2022-03-21 16:04:32 info: =================================
2022-03-21 16:04:32 info: ======= ENV: development =======
2022-03-21 16:04:32 info: 🚀 App listening on the port 5000
2022-03-21 16:04:32 info: =================================
2022-03-21 16:04:42 info: =================================
2022-03-21 16:04:42 info: ======= ENV: development =======
2022-03-21 16:04:42 info: 🚀 App listening on the port 5000
2022-03-21 16:04:42 info: =================================
2022-03-21 16:04:47 info: =================================
2022-03-21 16:04:47 info: ======= ENV: development =======
2022-03-21 16:04:47 info: 🚀 App listening on the port 5000
2022-03-21 16:04:47 info: =================================
2022-03-21 16:04:52 info: =================================
2022-03-21 16:04:52 info: ======= ENV: development =======
2022-03-21 16:04:52 info: 🚀 App listening on the port 5000
2022-03-21 16:04:52 info: =================================
2022-03-21 16:05:01 info: =================================
2022-03-21 16:05:01 info: ======= ENV: development =======
2022-03-21 16:05:01 info: 🚀 App listening on the port 5000
2022-03-21 16:05:01 info: =================================
2022-03-21 16:05:32 info: =================================
2022-03-21 16:05:32 info: ======= ENV: development =======
2022-03-21 16:05:32 info: 🚀 App listening on the port 5000
2022-03-21 16:05:32 info: =================================
2022-03-21 16:05:36 info: =================================
2022-03-21 16:05:36 info: ======= ENV: development =======
2022-03-21 16:05:36 info: 🚀 App listening on the port 5000
2022-03-21 16:05:36 info: =================================
2022-03-21 16:05:56 info: =================================
2022-03-21 16:05:56 info: ======= ENV: development =======
2022-03-21 16:05:56 info: 🚀 App listening on the port 5000
2022-03-21 16:05:56 info: =================================
2022-03-21 16:06:06 info: =================================
2022-03-21 16:06:06 info: ======= ENV: development =======
2022-03-21 16:06:06 info: 🚀 App listening on the port 5000
2022-03-21 16:06:06 info: =================================
2022-03-21 16:06:10 info: =================================
2022-03-21 16:06:10 info: ======= ENV: development =======
2022-03-21 16:06:10 info: 🚀 App listening on the port 5000
2022-03-21 16:06:10 info: =================================
2022-03-21 16:06:19 info: =================================
2022-03-21 16:06:19 info: ======= ENV: development =======
2022-03-21 16:06:19 info: 🚀 App listening on the port 5000
2022-03-21 16:06:19 info: =================================
2022-03-21 16:06:29 info: =================================
2022-03-21 16:06:29 info: ======= ENV: development =======
2022-03-21 16:06:29 info: 🚀 App listening on the port 5000
2022-03-21 16:06:29 info: =================================
2022-03-21 16:06:36 info: =================================
2022-03-21 16:06:36 info: ======= ENV: development =======
2022-03-21 16:06:36 info: 🚀 App listening on the port 5000
2022-03-21 16:06:36 info: =================================
2022-03-21 16:06:48 info: =================================
2022-03-21 16:06:48 info: ======= ENV: development =======
2022-03-21 16:06:48 info: 🚀 App listening on the port 5000
2022-03-21 16:06:48 info: =================================
2022-03-21 16:06:54 info: =================================
2022-03-21 16:06:54 info: ======= ENV: development =======
2022-03-21 16:06:54 info: 🚀 App listening on the port 5000
2022-03-21 16:06:54 info: =================================
2022-03-21 16:07:04 info: =================================
2022-03-21 16:07:04 info: ======= ENV: development =======
2022-03-21 16:07:04 info: 🚀 App listening on the port 5000
2022-03-21 16:07:04 info: =================================
2022-03-21 16:07:09 info: =================================
2022-03-21 16:07:09 info: ======= ENV: development =======
2022-03-21 16:07:09 info: 🚀 App listening on the port 5000
2022-03-21 16:07:09 info: =================================
2022-03-21 16:07:17 info: =================================
2022-03-21 16:07:17 info: ======= ENV: development =======
2022-03-21 16:07:17 info: 🚀 App listening on the port 5000
2022-03-21 16:07:17 info: =================================
2022-03-21 16:07:23 info: =================================
2022-03-21 16:07:23 info: ======= ENV: development =======
2022-03-21 16:07:23 info: 🚀 App listening on the port 5000
2022-03-21 16:07:23 info: =================================
2022-03-21 16:07:29 info: =================================
2022-03-21 16:07:29 info: ======= ENV: development =======
2022-03-21 16:07:29 info: 🚀 App listening on the port 5000
2022-03-21 16:07:29 info: =================================
2022-03-21 16:07:55 info: =================================
2022-03-21 16:07:55 info: ======= ENV: development =======
2022-03-21 16:07:55 info: 🚀 App listening on the port 5000
2022-03-21 16:07:55 info: =================================
2022-03-21 16:08:21 info: =================================
2022-03-21 16:08:21 info: ======= ENV: development =======
2022-03-21 16:08:21 info: 🚀 App listening on the port 5000
2022-03-21 16:08:21 info: =================================
2022-03-21 16:08:38 info: =================================
2022-03-21 16:08:38 info: ======= ENV: development =======
2022-03-21 16:08:38 info: 🚀 App listening on the port 5000
2022-03-21 16:08:38 info: =================================
2022-03-21 16:08:47 info: =================================
2022-03-21 16:08:47 info: ======= ENV: development =======
2022-03-21 16:08:47 info: 🚀 App listening on the port 5000
2022-03-21 16:08:47 info: =================================
2022-03-21 16:09:04 info: =================================
2022-03-21 16:09:04 info: ======= ENV: development =======
2022-03-21 16:09:04 info: 🚀 App listening on the port 5000
2022-03-21 16:09:04 info: =================================
2022-03-21 16:09:35 info: =================================
2022-03-21 16:09:35 info: ======= ENV: development =======
2022-03-21 16:09:35 info: 🚀 App listening on the port 5000
2022-03-21 16:09:35 info: =================================
2022-03-21 16:09:38 info: =================================
2022-03-21 16:09:38 info: ======= ENV: development =======
2022-03-21 16:09:38 info: 🚀 App listening on the port 5000
2022-03-21 16:09:38 info: =================================
2022-03-21 16:09:43 info: =================================
2022-03-21 16:09:43 info: ======= ENV: development =======
2022-03-21 16:09:43 info: 🚀 App listening on the port 5000
2022-03-21 16:09:43 info: =================================
2022-03-21 16:09:47 info: =================================
2022-03-21 16:09:47 info: ======= ENV: development =======
2022-03-21 16:09:47 info: 🚀 App listening on the port 5000
2022-03-21 16:09:47 info: =================================
2022-03-21 16:09:55 info: =================================
2022-03-21 16:09:55 info: ======= ENV: development =======
2022-03-21 16:09:55 info: 🚀 App listening on the port 5000
2022-03-21 16:09:55 info: =================================
2022-03-21 16:10:05 info: =================================
2022-03-21 16:10:05 info: ======= ENV: development =======
2022-03-21 16:10:05 info: 🚀 App listening on the port 5000
2022-03-21 16:10:05 info: =================================
2022-03-21 16:10:22 info: =================================
2022-03-21 16:10:22 info: ======= ENV: development =======
2022-03-21 16:10:22 info: 🚀 App listening on the port 5000
2022-03-21 16:10:22 info: =================================
2022-03-21 16:10:30 info: =================================
2022-03-21 16:10:30 info: ======= ENV: development =======
2022-03-21 16:10:30 info: 🚀 App listening on the port 5000
2022-03-21 16:10:30 info: =================================
2022-03-21 16:10:37 info: =================================
2022-03-21 16:10:37 info: ======= ENV: development =======
2022-03-21 16:10:37 info: 🚀 App listening on the port 5000
2022-03-21 16:10:37 info: =================================
2022-03-21 16:10:44 info: =================================
2022-03-21 16:10:44 info: ======= ENV: development =======
2022-03-21 16:10:44 info: 🚀 App listening on the port 5000
2022-03-21 16:10:44 info: =================================
2022-03-21 16:11:14 info: MongooseServerSelectionError: connect ECONNREFUSED 127.0.0.1:27017
2022-03-21 16:12:07 info: =================================
2022-03-21 16:12:07 info: ======= ENV: development =======
2022-03-21 16:12:07 info: 🚀 App listening on the port 5000
2022-03-21 16:12:07 info: =================================
2022-03-21 16:12:13 info: =================================
2022-03-21 16:12:13 info: ======= ENV: development =======
2022-03-21 16:12:13 info: 🚀 App listening on the port 5000
2022-03-21 16:12:13 info: =================================
2022-03-21 16:12:19 info: =================================
2022-03-21 16:12:19 info: ======= ENV: development =======
2022-03-21 16:12:19 info: 🚀 App listening on the port 5000
2022-03-21 16:12:19 info: =================================
2022-03-21 16:12:43 info: =================================
2022-03-21 16:12:43 info: ======= ENV: development =======
2022-03-21 16:12:43 info: 🚀 App listening on the port 5000
2022-03-21 16:12:43 info: =================================
2022-03-21 16:13:13 info: =================================
2022-03-21 16:13:13 info: ======= ENV: development =======
2022-03-21 16:13:13 info: 🚀 App listening on the port 5000
2022-03-21 16:13:13 info: =================================
2022-03-21 16:13:43 info: MongooseServerSelectionError: connect ECONNREFUSED 127.0.0.1:27017
2022-03-21 16:14:29 info: =================================
2022-03-21 16:14:29 info: ======= ENV: development =======
2022-03-21 16:14:29 info: 🚀 App listening on the port 5000
2022-03-21 16:14:29 info: =================================
2022-03-21 16:14:51 info: =================================
2022-03-21 16:14:51 info: ======= ENV: development =======
2022-03-21 16:14:51 info: 🚀 App listening on the port 5000
2022-03-21 16:14:51 info: =================================
2022-03-21 16:15:00 info: =================================
2022-03-21 16:15:00 info: ======= ENV: development =======
2022-03-21 16:15:00 info: 🚀 App listening on the port 5000
2022-03-21 16:15:00 info: =================================
2022-03-21 16:15:30 info: MongooseServerSelectionError: connect ECONNREFUSED 127.0.0.1:27017
2022-03-21 16:30:45 info: =================================
2022-03-21 16:30:45 info: ======= ENV: development =======
2022-03-21 16:30:45 info: 🚀 App listening on the port 5000
2022-03-21 16:30:45 info: =================================
2022-03-21 16:30:50 info: =================================
2022-03-21 16:30:50 info: ======= ENV: development =======
2022-03-21 16:30:50 info: 🚀 App listening on the port 5000
2022-03-21 16:30:50 info: =================================
2022-03-21 16:30:54 info: =================================
2022-03-21 16:30:54 info: ======= ENV: development =======
2022-03-21 16:30:54 info: 🚀 App listening on the port 5000
2022-03-21 16:30:54 info: =================================
2022-03-21 16:31:11 info: =================================
2022-03-21 16:31:11 info: ======= ENV: development =======
2022-03-21 16:31:11 info: 🚀 App listening on the port 5000
2022-03-21 16:31:11 info: =================================
2022-03-21 16:44:08 info: =================================
2022-03-21 16:44:08 info: ======= ENV: development =======
2022-03-21 16:44:08 info: 🚀 App listening on the port 5000
2022-03-21 16:44:08 info: =================================
2022-03-21 16:45:46 info: =================================
2022-03-21 16:45:46 info: ======= ENV: development =======
2022-03-21 16:45:46 info: 🚀 App listening on the port 5000
2022-03-21 16:45:46 info: =================================
2022-03-21 16:46:22 info: =================================
2022-03-21 16:46:22 info: ======= ENV: development =======
2022-03-21 16:46:22 info: 🚀 App listening on the port 5000
2022-03-21 16:46:22 info: =================================
2022-03-21 16:46:28 info: =================================
2022-03-21 16:46:28 info: ======= ENV: development =======
2022-03-21 16:46:28 info: 🚀 App listening on the port 5000
2022-03-21 16:46:28 info: =================================
2022-03-21 16:46:51 info: =================================
2022-03-21 16:46:51 info: ======= ENV: development =======
2022-03-21 16:46:51 info: 🚀 App listening on the port 5000
2022-03-21 16:46:51 info: =================================
2022-03-21 16:46:56 info: =================================
2022-03-21 16:46:56 info: ======= ENV: development =======
2022-03-21 16:46:56 info: 🚀 App listening on the port 5000
2022-03-21 16:46:56 info: =================================
2022-03-21 16:47:00 info: =================================
2022-03-21 16:47:00 info: ======= ENV: development =======
2022-03-21 16:47:00 info: 🚀 App listening on the port 5000
2022-03-21 16:47:00 info: =================================
2022-03-21 16:51:29 info: =================================
2022-03-21 16:51:29 info: ======= ENV: development =======
2022-03-21 16:51:29 info: 🚀 App listening on the port 5000
2022-03-21 16:51:29 info: =================================
2022-03-21 17:19:13 info: =================================
2022-03-21 17:19:13 info: ======= ENV: development =======
2022-03-21 17:19:13 info: 🚀 App listening on the port 5000
2022-03-21 17:19:13 info: =================================
2022-03-21 17:19:32 info: =================================
2022-03-21 17:19:32 info: ======= ENV: development =======
2022-03-21 17:19:32 info: 🚀 App listening on the port 5000
2022-03-21 17:19:32 info: =================================
2022-03-21 17:20:11 info: =================================
2022-03-21 17:20:11 info: ======= ENV: development =======
2022-03-21 17:20:11 info: 🚀 App listening on the port 5000
2022-03-21 17:20:11 info: =================================
2022-03-21 17:30:41 info: =================================
2022-03-21 17:30:41 info: ======= ENV: development =======
2022-03-21 17:30:41 info: 🚀 App listening on the port 5000
2022-03-21 17:30:41 info: =================================
2022-03-21 17:30:44 info: =================================
2022-03-21 17:30:44 info: ======= ENV: development =======
2022-03-21 17:30:44 info: 🚀 App listening on the port 5000
2022-03-21 17:30:44 info: =================================
2022-03-21 17:30:52 info: =================================
2022-03-21 17:30:52 info: ======= ENV: development =======
2022-03-21 17:30:52 info: 🚀 App listening on the port 5000
2022-03-21 17:30:52 info: =================================
2022-03-21 17:31:02 info: =================================
2022-03-21 17:31:02 info: ======= ENV: development =======
2022-03-21 17:31:02 info: 🚀 App listening on the port 5000
2022-03-21 17:31:02 info: =================================
2022-03-21 17:31:26 info: =================================
2022-03-21 17:31:26 info: ======= ENV: development =======
2022-03-21 17:31:26 info: 🚀 App listening on the port 5000
2022-03-21 17:31:26 info: =================================
2022-03-21 17:31:33 info: =================================
2022-03-21 17:31:33 info: ======= ENV: development =======
2022-03-21 17:31:33 info: 🚀 App listening on the port 5000
2022-03-21 17:31:33 info: =================================
2022-03-21 17:33:42 info: =================================
2022-03-21 17:33:42 info: ======= ENV: development =======
2022-03-21 17:33:42 info: 🚀 App listening on the port 5000
2022-03-21 17:33:42 info: =================================
2022-03-21 17:35:16 info: =================================
2022-03-21 17:35:16 info: ======= ENV: development =======
2022-03-21 17:35:16 info: 🚀 App listening on the port 5000
2022-03-21 17:35:16 info: =================================
2022-03-21 17:35:36 info: =================================
2022-03-21 17:35:36 info: ======= ENV: development =======
2022-03-21 17:35:36 info: 🚀 App listening on the port 5000
2022-03-21 17:35:36 info: =================================
2022-03-21 17:35:50 info: =================================
2022-03-21 17:35:50 info: ======= ENV: development =======
2022-03-21 17:35:50 info: 🚀 App listening on the port 5000
2022-03-21 17:35:50 info: =================================
2022-03-21 17:36:18 info: =================================
2022-03-21 17:36:18 info: ======= ENV: development =======
2022-03-21 17:36:18 info: 🚀 App listening on the port 5000
2022-03-21 17:36:18 info: =================================
2022-03-21 17:36:32 info: =================================
2022-03-21 17:36:32 info: ======= ENV: development =======
2022-03-21 17:36:32 info: 🚀 App listening on the port 5000
2022-03-21 17:36:32 info: =================================
2022-03-21 17:36:37 info: =================================
2022-03-21 17:36:37 info: ======= ENV: development =======
2022-03-21 17:36:37 info: 🚀 App listening on the port 5000
2022-03-21 17:36:37 info: =================================
2022-03-21 17:36:46 info: =================================
2022-03-21 17:36:46 info: ======= ENV: development =======
2022-03-21 17:36:46 info: 🚀 App listening on the port 5000
2022-03-21 17:36:46 info: =================================
2022-03-21 17:36:55 info: =================================
2022-03-21 17:36:55 info: ======= ENV: development =======
2022-03-21 17:36:55 info: 🚀 App listening on the port 5000
2022-03-21 17:36:55 info: =================================
2022-03-21 17:38:06 info: =================================
2022-03-21 17:38:06 info: ======= ENV: development =======
2022-03-21 17:38:06 info: 🚀 App listening on the port 5000
2022-03-21 17:38:06 info: =================================
2022-03-21 17:38:18 info: =================================
2022-03-21 17:38:18 info: ======= ENV: development =======
2022-03-21 17:38:18 info: 🚀 App listening on the port 5000
2022-03-21 17:38:18 info: =================================
2022-03-21 17:38:48 info: =================================
2022-03-21 17:38:48 info: ======= ENV: development =======
2022-03-21 17:38:48 info: 🚀 App listening on the port 5000
2022-03-21 17:38:48 info: =================================
2022-03-21 17:38:59 info: =================================
2022-03-21 17:38:59 info: ======= ENV: development =======
2022-03-21 17:38:59 info: 🚀 App listening on the port 5000
2022-03-21 17:38:59 info: =================================
2022-03-21 17:39:03 info: =================================
2022-03-21 17:39:03 info: ======= ENV: development =======
2022-03-21 17:39:03 info: 🚀 App listening on the port 5000
2022-03-21 17:39:03 info: =================================
2022-03-21 17:44:08 info: =================================
2022-03-21 17:44:08 info: ======= ENV: development =======
2022-03-21 17:44:08 info: 🚀 App listening on the port 5000
2022-03-21 17:44:08 info: =================================
2022-03-21 17:44:20 info: =================================
2022-03-21 17:44:20 info: ======= ENV: development =======
2022-03-21 17:44:20 info: 🚀 App listening on the port 5000
2022-03-21 17:44:20 info: =================================
2022-03-21 17:44:29 info: =================================
2022-03-21 17:44:29 info: ======= ENV: development =======
2022-03-21 17:44:29 info: 🚀 App listening on the port 5000
2022-03-21 17:44:29 info: =================================
2022-03-21 17:44:46 info: =================================
2022-03-21 17:44:46 info: ======= ENV: development =======
2022-03-21 17:44:46 info: 🚀 App listening on the port 5000
2022-03-21 17:44:46 info: =================================
2022-03-21 17:44:53 info: =================================
2022-03-21 17:44:53 info: ======= ENV: development =======
2022-03-21 17:44:53 info: 🚀 App listening on the port 5000
2022-03-21 17:44:53 info: =================================
2022-03-21 17:45:50 info: =================================
2022-03-21 17:45:50 info: ======= ENV: development =======
2022-03-21 17:45:50 info: 🚀 App listening on the port 5000
2022-03-21 17:45:50 info: =================================
2022-03-21 17:46:10 info: =================================
2022-03-21 17:46:10 info: ======= ENV: development =======
2022-03-21 17:46:10 info: 🚀 App listening on the port 5000
2022-03-21 17:46:10 info: =================================
2022-03-21 17:46:20 info: =================================
2022-03-21 17:46:20 info: ======= ENV: development =======
2022-03-21 17:46:20 info: 🚀 App listening on the port 5000
2022-03-21 17:46:20 info: =================================
2022-03-21 17:53:18 info: =================================
2022-03-21 17:53:18 info: ======= ENV: development =======
2022-03-21 17:53:18 info: 🚀 App listening on the port 5000
2022-03-21 17:53:18 info: =================================
2022-03-21 18:26:54 info: =================================
2022-03-21 18:26:54 info: ======= ENV: development =======
2022-03-21 18:26:54 info: 🚀 App listening on the port 5000
2022-03-21 18:26:54 info: =================================
2022-03-21 18:40:12 info: =================================
2022-03-21 18:40:12 info: ======= ENV: development =======
2022-03-21 18:40:12 info: 🚀 App listening on the port 5000
2022-03-21 18:40:12 info: =================================
2022-03-21 18:43:47 info: =================================
2022-03-21 18:43:47 info: ======= ENV: development =======
2022-03-21 18:43:47 info: 🚀 App listening on the port 5000
2022-03-21 18:43:47 info: =================================
2022-03-21 18:52:19 info: =================================
2022-03-21 18:52:19 info: ======= ENV: development =======
2022-03-21 18:52:19 info: 🚀 App listening on the port 5000
2022-03-21 18:52:19 info: =================================
2022-03-21 18:52:32 info: =================================
2022-03-21 18:52:32 info: ======= ENV: development =======
2022-03-21 18:52:32 info: 🚀 App listening on the port 5000
2022-03-21 18:52:32 info: =================================
2022-03-21 18:52:40 info: =================================
2022-03-21 18:52:40 info: ======= ENV: development =======
2022-03-21 18:52:40 info: 🚀 App listening on the port 5000
2022-03-21 18:52:40 info: =================================
