2022-03-30 10:32:34 info: =================================
2022-03-30 10:32:34 info: ======= ENV: development =======
2022-03-30 10:32:34 info: 🚀 App listening on the port 5000
2022-03-30 10:32:34 info: =================================
2022-03-30 10:34:25 info: [0mGET /api-docs [36m301[0m 7.398 ms - 183[0m
2022-03-30 10:34:25 info: [0mGET /api-docs/ [32m200[0m 3.712 ms - 1021[0m
2022-03-30 10:34:25 info: [0mGET /api-docs/swagger-load.js [32m200[0m 8.031 ms - 604[0m
2022-03-30 10:34:25 info: [0mGET /api-docs/swagger-ui.css [32m200[0m 13.320 ms - -[0m
2022-03-30 10:34:25 info: [0mGET /api-docs/swagger-ui-standalone-preset.js [32m200[0m 12.448 ms - -[0m
2022-03-30 10:34:25 info: [0mGET /api-docs/swagger-ui-bundle.js [32m200[0m 13.864 ms - -[0m
2022-03-30 10:34:25 info: [0mGET /swagger.yaml [32m200[0m 1.790 ms - -[0m
2022-03-30 10:34:26 info: [0mGET /api-docs/favicon-32x32.png [32m200[0m 1.904 ms - 628[0m
2022-03-30 10:36:12 info: =================================
2022-03-30 10:36:12 info: ======= ENV: development =======
2022-03-30 10:36:12 info: 🚀 App listening on the port 5000
2022-03-30 10:36:12 info: =================================
2022-03-30 10:36:30 info: =================================
2022-03-30 10:36:30 info: ======= ENV: development =======
2022-03-30 10:36:30 info: 🚀 App listening on the port 5000
2022-03-30 10:36:30 info: =================================
2022-03-30 10:36:36 info: =================================
2022-03-30 10:36:36 info: ======= ENV: development =======
2022-03-30 10:36:36 info: 🚀 App listening on the port 5000
2022-03-30 10:36:36 info: =================================
2022-03-30 10:36:46 info: [0mGET /api [32m200[0m 10.126 ms - 62[0m
2022-03-30 10:36:46 info: [0mGET /favicon.ico [33m404[0m 3.310 ms - 150[0m
2022-03-30 10:37:14 info: [0mGET /api/admin/employee/details [32m200[0m 3.313 ms - 47[0m
2022-03-30 10:37:46 info: =================================
2022-03-30 10:37:46 info: ======= ENV: development =======
2022-03-30 10:37:46 info: 🚀 App listening on the port 5000
2022-03-30 10:37:46 info: =================================
2022-03-30 10:38:03 info: [0mGET /api/admin/employee/details/raviroshanmehta@gmail.com [33m404[0m 9.613 ms - 191[0m
2022-03-30 10:38:58 info: =================================
2022-03-30 10:38:58 info: ======= ENV: development =======
2022-03-30 10:38:58 info: 🚀 App listening on the port 5000
2022-03-30 10:38:58 info: =================================
2022-03-30 10:39:12 info: =================================
2022-03-30 10:39:12 info: ======= ENV: development =======
2022-03-30 10:39:12 info: 🚀 App listening on the port 5000
2022-03-30 10:39:12 info: =================================
2022-03-30 10:39:16 info: =================================
2022-03-30 10:39:16 info: ======= ENV: development =======
2022-03-30 10:39:16 info: 🚀 App listening on the port 5000
2022-03-30 10:39:16 info: =================================
2022-03-30 10:39:20 info: =================================
2022-03-30 10:39:20 info: ======= ENV: development =======
2022-03-30 10:39:20 info: 🚀 App listening on the port 5000
2022-03-30 10:39:20 info: =================================
2022-03-30 10:39:33 info: =================================
2022-03-30 10:39:33 info: ======= ENV: development =======
2022-03-30 10:39:33 info: 🚀 App listening on the port 5000
2022-03-30 10:39:33 info: =================================
2022-03-30 10:39:37 info: =================================
2022-03-30 10:39:37 info: ======= ENV: development =======
2022-03-30 10:39:37 info: 🚀 App listening on the port 5000
2022-03-30 10:39:37 info: =================================
2022-03-30 10:39:56 info: [0mOPTIONS /api/admin/user/update/role [32m204[0m 1.707 ms - 0[0m
2022-03-30 10:39:56 info: [0mPUT /api/admin/user/update/role [32m200[0m 68.495 ms - 546[0m
2022-03-30 10:40:04 info: [0mOPTIONS /api/admin/user/update/role [32m204[0m 2.127 ms - 0[0m
2022-03-30 10:40:04 error: [PUT] /api/admin/user/update/role >> StatusCode:: 409, Message:: Already Assigned
2022-03-30 10:40:04 info: [0mPUT /api/admin/user/update/role [33m409[0m 13.610 ms - 30[0m
2022-03-30 10:40:20 info: [0mOPTIONS /api/admin/user/remove/role [32m204[0m 0.359 ms - 0[0m
2022-03-30 10:40:20 error: [PUT] /api/admin/user/remove/role >> StatusCode:: 409, Message:: Your email %email% not exists in our records
2022-03-30 10:40:20 info: [0mPUT /api/admin/user/remove/role [33m409[0m 10.709 ms - 58[0m
2022-03-30 10:41:01 info: =================================
2022-03-30 10:41:01 info: ======= ENV: development =======
2022-03-30 10:41:01 info: 🚀 App listening on the port 5000
2022-03-30 10:41:01 info: =================================
2022-03-30 10:41:06 info: =================================
2022-03-30 10:41:06 info: ======= ENV: development =======
2022-03-30 10:41:06 info: 🚀 App listening on the port 5000
2022-03-30 10:41:06 info: =================================
2022-03-30 10:41:21 info: =================================
2022-03-30 10:41:21 info: ======= ENV: development =======
2022-03-30 10:41:21 info: 🚀 App listening on the port 5000
2022-03-30 10:41:21 info: =================================
2022-03-30 10:41:22 info: [0mOPTIONS /api/admin/user/remove/role [32m204[0m 2.528 ms - 0[0m
2022-03-30 10:41:22 error: [PUT] /api/admin/user/remove/role >> StatusCode:: 409, Message:: Your email %email% not exists in our records
2022-03-30 10:41:22 info: [0mPUT /api/admin/user/remove/role [33m409[0m 39.030 ms - 58[0m
2022-03-30 10:41:53 info: =================================
2022-03-30 10:41:53 info: ======= ENV: development =======
2022-03-30 10:41:53 info: 🚀 App listening on the port 5000
2022-03-30 10:41:53 info: =================================
2022-03-30 10:41:54 info: [0mOPTIONS /api/admin/user/remove/role [32m204[0m 6.183 ms - 0[0m
2022-03-30 10:41:54 info: [0mPUT /api/admin/user/remove/role [32m200[0m 44.661 ms - 546[0m
2022-03-30 10:41:54 error: [PUT] /api/admin/user/remove/role >> StatusCode:: 409, Message:: Your email %email% not exists in our records
2022-03-30 10:42:24 info: =================================
2022-03-30 10:42:24 info: ======= ENV: development =======
2022-03-30 10:42:24 info: 🚀 App listening on the port 5000
2022-03-30 10:42:24 info: =================================
2022-03-30 10:42:42 info: =================================
2022-03-30 10:42:42 info: ======= ENV: development =======
2022-03-30 10:42:42 info: 🚀 App listening on the port 5000
2022-03-30 10:42:42 info: =================================
2022-03-30 10:43:00 info: [0mOPTIONS /api/admin/user/remove/role [32m204[0m 2.189 ms - 0[0m
2022-03-30 10:43:00 info: [0mPUT /api/admin/user/remove/role [32m200[0m 39.412 ms - 546[0m
2022-03-30 10:43:01 error: [PUT] /api/admin/user/remove/role >> StatusCode:: 409, Message:: Your email %email% not exists in our records
2022-03-30 10:44:35 info: =================================
2022-03-30 10:44:35 info: ======= ENV: development =======
2022-03-30 10:44:35 info: 🚀 App listening on the port 5000
2022-03-30 10:44:35 info: =================================
2022-03-30 10:44:41 info: [0mOPTIONS /api/admin/user/remove/role [32m204[0m 1.890 ms - 0[0m
2022-03-30 10:44:41 info: [0mPUT /api/admin/user/remove/role [32m200[0m 40.254 ms - 546[0m
2022-03-30 10:44:41 error: [PUT] /api/admin/user/remove/role >> StatusCode:: 409, Message:: Your email %email% not exists in our records
2022-03-30 10:44:56 info: =================================
2022-03-30 10:44:56 info: ======= ENV: development =======
2022-03-30 10:44:56 info: 🚀 App listening on the port 5000
2022-03-30 10:44:56 info: =================================
2022-03-30 10:44:59 info: [0mOPTIONS /api/admin/user/remove/role [32m204[0m 2.127 ms - 0[0m
2022-03-30 10:44:59 error: [PUT] /api/admin/user/remove/role >> StatusCode:: 409, Message:: Your email %email% not exists in our records
2022-03-30 10:44:59 info: [0mPUT /api/admin/user/remove/role [33m409[0m 49.854 ms - 58[0m
2022-03-30 10:45:20 info: =================================
2022-03-30 10:45:20 info: ======= ENV: development =======
2022-03-30 10:45:20 info: 🚀 App listening on the port 5000
2022-03-30 10:45:20 info: =================================
2022-03-30 10:45:51 info: =================================
2022-03-30 10:45:51 info: ======= ENV: development =======
2022-03-30 10:45:51 info: 🚀 App listening on the port 5000
2022-03-30 10:45:51 info: =================================
2022-03-30 10:45:55 info: =================================
2022-03-30 10:45:55 info: ======= ENV: development =======
2022-03-30 10:45:55 info: 🚀 App listening on the port 5000
2022-03-30 10:45:55 info: =================================
2022-03-30 10:46:03 info: =================================
2022-03-30 10:46:03 info: ======= ENV: development =======
2022-03-30 10:46:03 info: 🚀 App listening on the port 5000
2022-03-30 10:46:03 info: =================================
2022-03-30 10:46:09 info: =================================
2022-03-30 10:46:09 info: ======= ENV: development =======
2022-03-30 10:46:09 info: 🚀 App listening on the port 5000
2022-03-30 10:46:09 info: =================================
2022-03-30 10:46:17 info: =================================
2022-03-30 10:46:17 info: ======= ENV: development =======
2022-03-30 10:46:17 info: 🚀 App listening on the port 5000
2022-03-30 10:46:17 info: =================================
2022-03-30 10:46:53 info: =================================
2022-03-30 10:46:53 info: ======= ENV: development =======
2022-03-30 10:46:53 info: 🚀 App listening on the port 5000
2022-03-30 10:46:53 info: =================================
2022-03-30 10:47:02 info: =================================
2022-03-30 10:47:02 info: ======= ENV: development =======
2022-03-30 10:47:02 info: 🚀 App listening on the port 5000
2022-03-30 10:47:02 info: =================================
2022-03-30 10:47:07 info: [0mOPTIONS /api/admin/user/remove/role [32m204[0m 2.273 ms - 0[0m
2022-03-30 10:47:07 error: [PUT] /api/admin/user/remove/role >> StatusCode:: 409, Message:: Your email %email% not exists in our records
2022-03-30 10:47:07 info: [0mPUT /api/admin/user/remove/role [33m409[0m 41.676 ms - 58[0m
2022-03-30 10:48:01 info: =================================
2022-03-30 10:48:01 info: ======= ENV: development =======
2022-03-30 10:48:01 info: 🚀 App listening on the port 5000
2022-03-30 10:48:01 info: =================================
2022-03-30 10:48:27 info: =================================
2022-03-30 10:48:27 info: ======= ENV: development =======
2022-03-30 10:48:27 info: 🚀 App listening on the port 5000
2022-03-30 10:48:27 info: =================================
2022-03-30 10:48:35 info: =================================
2022-03-30 10:48:35 info: ======= ENV: development =======
2022-03-30 10:48:35 info: 🚀 App listening on the port 5000
2022-03-30 10:48:35 info: =================================
2022-03-30 10:48:40 info: =================================
2022-03-30 10:48:40 info: ======= ENV: development =======
2022-03-30 10:48:40 info: 🚀 App listening on the port 5000
2022-03-30 10:48:40 info: =================================
2022-03-30 10:48:44 info: =================================
2022-03-30 10:48:44 info: ======= ENV: development =======
2022-03-30 10:48:44 info: 🚀 App listening on the port 5000
2022-03-30 10:48:44 info: =================================
2022-03-30 10:48:48 info: =================================
2022-03-30 10:48:48 info: ======= ENV: development =======
2022-03-30 10:48:48 info: 🚀 App listening on the port 5000
2022-03-30 10:48:48 info: =================================
2022-03-30 10:49:10 info: =================================
2022-03-30 10:49:10 info: ======= ENV: development =======
2022-03-30 10:49:10 info: 🚀 App listening on the port 5000
2022-03-30 10:49:10 info: =================================
2022-03-30 10:49:24 info: [0mOPTIONS /api/admin/user/remove/role [32m204[0m 1.926 ms - 0[0m
2022-03-30 10:49:25 info: [0mPUT /api/admin/user/remove/role [32m200[0m 39.706 ms - 546[0m
2022-03-30 11:14:39 info: =================================
2022-03-30 11:14:39 info: ======= ENV: development =======
2022-03-30 11:14:39 info: 🚀 App listening on the port 5000
2022-03-30 11:14:39 info: =================================
2022-03-30 11:16:34 info: =================================
2022-03-30 11:16:34 info: ======= ENV: development =======
2022-03-30 11:16:34 info: 🚀 App listening on the port 5000
2022-03-30 11:16:34 info: =================================
2022-03-30 11:16:37 info: =================================
2022-03-30 11:16:37 info: ======= ENV: development =======
2022-03-30 11:16:37 info: 🚀 App listening on the port 5000
2022-03-30 11:16:37 info: =================================
2022-03-30 11:23:22 info: =================================
2022-03-30 11:23:22 info: ======= ENV: development =======
2022-03-30 11:23:22 info: 🚀 App listening on the port 5000
2022-03-30 11:23:22 info: =================================
2022-03-30 11:23:41 info: =================================
2022-03-30 11:23:41 info: ======= ENV: development =======
2022-03-30 11:23:41 info: 🚀 App listening on the port 5000
2022-03-30 11:23:41 info: =================================
2022-03-30 11:28:53 info: =================================
2022-03-30 11:28:53 info: ======= ENV: development =======
2022-03-30 11:28:53 info: 🚀 App listening on the port 5000
2022-03-30 11:28:53 info: =================================
2022-03-30 11:30:15 info: =================================
2022-03-30 11:30:15 info: ======= ENV: development =======
2022-03-30 11:30:15 info: 🚀 App listening on the port 5000
2022-03-30 11:30:15 info: =================================
2022-03-30 11:30:41 info: =================================
2022-03-30 11:30:41 info: ======= ENV: development =======
2022-03-30 11:30:41 info: 🚀 App listening on the port 5000
2022-03-30 11:30:41 info: =================================
2022-03-30 11:30:49 info: [0mOPTIONS /api/admin/createEmployees [32m204[0m 2.991 ms - 0[0m
2022-03-30 11:30:49 info: [0mPOST /api/admin/createEmployees [32m201[0m 351.182 ms - 79[0m
2022-03-30 11:38:04 info: =================================
2022-03-30 11:38:04 info: ======= ENV: development =======
2022-03-30 11:38:04 info: 🚀 App listening on the port 5000
2022-03-30 11:38:04 info: =================================
2022-03-30 11:38:14 info: =================================
2022-03-30 11:38:14 info: ======= ENV: development =======
2022-03-30 11:38:14 info: 🚀 App listening on the port 5000
2022-03-30 11:38:14 info: =================================
2022-03-30 11:38:36 info: [0mGET /swagger.yaml [32m200[0m 11.367 ms - -[0m
2022-03-30 11:39:25 info: =================================
2022-03-30 11:39:25 info: ======= ENV: development =======
2022-03-30 11:39:25 info: 🚀 App listening on the port 5000
2022-03-30 11:39:25 info: =================================
2022-03-30 11:39:30 info: =================================
2022-03-30 11:39:30 info: ======= ENV: development =======
2022-03-30 11:39:30 info: 🚀 App listening on the port 5000
2022-03-30 11:39:30 info: =================================
2022-03-30 11:39:38 info: =================================
2022-03-30 11:39:38 info: ======= ENV: development =======
2022-03-30 11:39:38 info: 🚀 App listening on the port 5000
2022-03-30 11:39:38 info: =================================
2022-03-30 11:39:42 info: =================================
2022-03-30 11:39:42 info: ======= ENV: development =======
2022-03-30 11:39:42 info: 🚀 App listening on the port 5000
2022-03-30 11:39:42 info: =================================
2022-03-30 11:39:57 info: [0mGET /swagger.yaml [32m200[0m 10.029 ms - -[0m
2022-03-30 11:40:04 info: [0mOPTIONS /api/admin/createEmployees [32m204[0m 0.409 ms - 0[0m
2022-03-30 11:40:05 info: [0mPOST /api/admin/createEmployees [32m201[0m 224.749 ms - 79[0m
2022-03-30 11:41:01 info: [0mOPTIONS /api/admin/createEmployees [32m204[0m 0.183 ms - 0[0m
2022-03-30 11:41:01 info: [0mPOST /api/admin/createEmployees [32m201[0m 146.936 ms - 79[0m
2022-03-30 11:41:57 info: [0mGET /swagger.yaml [32m200[0m 2.781 ms - -[0m
2022-03-30 11:42:07 info: [0mGET /swagger.yaml [36m304[0m 1.314 ms - -[0m
2022-03-30 11:42:17 info: =================================
2022-03-30 11:42:17 info: ======= ENV: development =======
2022-03-30 11:42:17 info: 🚀 App listening on the port 5000
2022-03-30 11:42:17 info: =================================
2022-03-30 11:42:21 info: [0mGET /swagger.yaml [36m304[0m 6.073 ms - -[0m
2022-03-30 11:43:05 info: [0mOPTIONS /api/admin/createEmployees [32m204[0m 0.794 ms - 0[0m
2022-03-30 11:43:05 info: [0mPOST /api/admin/createEmployees [32m201[0m 209.227 ms - 79[0m
2022-03-30 11:43:35 info: =================================
2022-03-30 11:43:35 info: ======= ENV: development =======
2022-03-30 11:43:35 info: 🚀 App listening on the port 5000
2022-03-30 11:43:35 info: =================================
2022-03-30 11:44:06 info: =================================
2022-03-30 11:44:06 info: ======= ENV: development =======
2022-03-30 11:44:06 info: 🚀 App listening on the port 5000
2022-03-30 11:44:06 info: =================================
2022-03-30 11:44:09 info: =================================
2022-03-30 11:44:09 info: ======= ENV: development =======
2022-03-30 11:44:09 info: 🚀 App listening on the port 5000
2022-03-30 11:44:09 info: =================================
2022-03-30 11:44:20 info: =================================
2022-03-30 11:44:20 info: ======= ENV: development =======
2022-03-30 11:44:20 info: 🚀 App listening on the port 5000
2022-03-30 11:44:20 info: =================================
2022-03-30 11:44:30 info: [0mGET /api-docs/ [36m304[0m 7.934 ms - -[0m
2022-03-30 11:44:30 info: [0mGET /api-docs/swagger-ui.css [36m304[0m 2.404 ms - -[0m
2022-03-30 11:44:30 info: [0mGET /api-docs/swagger-ui-bundle.js [36m304[0m 2.344 ms - -[0m
2022-03-30 11:44:30 info: [0mGET /api-docs/swagger-ui-standalone-preset.js [36m304[0m 3.357 ms - -[0m
2022-03-30 11:44:30 info: [0mGET /api-docs/swagger-load.js [36m304[0m 4.518 ms - -[0m
2022-03-30 11:44:30 info: [0mGET /swagger.yaml [36m304[0m 0.808 ms - -[0m
2022-03-30 11:44:30 info: [0mGET /api-docs/favicon-32x32.png [36m304[0m 1.603 ms - -[0m
2022-03-30 11:44:46 info: [0mOPTIONS /api/admin/createEmployees [32m204[0m 0.401 ms - 0[0m
2022-03-30 11:44:47 info: [0mPOST /api/admin/createEmployees [32m201[0m 348.564 ms - 79[0m
2022-03-30 11:46:41 info: =================================
2022-03-30 11:46:41 info: ======= ENV: development =======
2022-03-30 11:46:41 info: 🚀 App listening on the port 5000
2022-03-30 11:46:41 info: =================================
2022-03-30 11:46:51 info: [0mGET /api-docs/ [36m304[0m 8.730 ms - -[0m
2022-03-30 11:46:51 info: [0mGET /api-docs/swagger-ui.css [36m304[0m 2.249 ms - -[0m
2022-03-30 11:46:51 info: [0mGET /api-docs/swagger-ui-bundle.js [36m304[0m 2.651 ms - -[0m
2022-03-30 11:46:51 info: [0mGET /api-docs/swagger-ui-standalone-preset.js [36m304[0m 1.356 ms - -[0m
2022-03-30 11:46:51 info: [0mGET /api-docs/swagger-load.js [36m304[0m 1.878 ms - -[0m
2022-03-30 11:46:51 info: [0mGET /swagger.yaml [32m200[0m 7.421 ms - -[0m
2022-03-30 11:47:01 info: [0mOPTIONS /api/admin/createEmployees [32m204[0m 0.337 ms - 0[0m
2022-03-30 11:47:01 info: [0mPOST /api/admin/createEmployees [32m201[0m 293.956 ms - 79[0m
2022-03-30 11:48:01 info: [0mGET / [33m404[0m 2.830 ms - 139[0m
2022-03-30 11:50:08 info: =================================
2022-03-30 11:50:08 info: ======= ENV: development =======
2022-03-30 11:50:08 info: 🚀 App listening on the port 5000
2022-03-30 11:50:08 info: =================================
2022-03-30 11:50:22 info: =================================
2022-03-30 11:50:22 info: ======= ENV: development =======
2022-03-30 11:50:22 info: 🚀 App listening on the port 5000
2022-03-30 11:50:22 info: =================================
2022-03-30 11:51:31 info: =================================
2022-03-30 11:51:31 info: ======= ENV: development =======
2022-03-30 11:51:31 info: 🚀 App listening on the port 5000
2022-03-30 11:51:31 info: =================================
2022-03-30 11:52:03 info: =================================
2022-03-30 11:52:03 info: ======= ENV: development =======
2022-03-30 11:52:03 info: 🚀 App listening on the port 5000
2022-03-30 11:52:03 info: =================================
2022-03-30 11:52:36 info: [0mOPTIONS /api/admin/createEmployees [32m204[0m 2.095 ms - 0[0m
2022-03-30 11:52:37 info: [0mPOST /api/admin/createEmployees [32m201[0m 292.243 ms - 79[0m
2022-03-30 11:52:56 info: [0mGET /api/admin/verify/account/6243f72c93b7c484bf30fdb3 [33m404[0m 6.636 ms - 188[0m
2022-03-30 11:53:40 info: =================================
2022-03-30 11:53:40 info: ======= ENV: development =======
2022-03-30 11:53:40 info: 🚀 App listening on the port 5000
2022-03-30 11:53:40 info: =================================
2022-03-30 11:53:48 info: =================================
2022-03-30 11:53:48 info: ======= ENV: development =======
2022-03-30 11:53:48 info: 🚀 App listening on the port 5000
2022-03-30 11:53:48 info: =================================
2022-03-30 11:54:35 info: [0mGET /api/admin/verify/account/6243f72c93b7c484bf30fdb3 [33m404[0m 9.148 ms - 188[0m
2022-03-30 11:56:20 info: =================================
2022-03-30 11:56:20 info: ======= ENV: development =======
2022-03-30 11:56:20 info: 🚀 App listening on the port 5000
2022-03-30 11:56:20 info: =================================
2022-03-30 11:56:24 info: =================================
2022-03-30 11:56:24 info: ======= ENV: development =======
2022-03-30 11:56:24 info: 🚀 App listening on the port 5000
2022-03-30 11:56:24 info: =================================
2022-03-30 11:57:16 info: =================================
2022-03-30 11:57:16 info: ======= ENV: development =======
2022-03-30 11:57:16 info: 🚀 App listening on the port 5000
2022-03-30 11:57:16 info: =================================
2022-03-30 11:57:26 info: [0mGET /api/admin/verify/account/6243f72c93b7c484bf30fdb3 [33m404[0m 8.506 ms - 188[0m
2022-03-30 11:57:49 info: =================================
2022-03-30 11:57:49 info: ======= ENV: development =======
2022-03-30 11:57:49 info: 🚀 App listening on the port 5000
2022-03-30 11:57:49 info: =================================
2022-03-30 11:58:00 info: =================================
2022-03-30 11:58:00 info: ======= ENV: development =======
2022-03-30 11:58:00 info: 🚀 App listening on the port 5000
2022-03-30 11:58:00 info: =================================
2022-03-30 11:58:02 info: [0mGET /api/admin/verify/account?token6243f72c93b7c484bf30fdb3 [33m404[0m 7.324 ms - 163[0m
2022-03-30 11:58:47 info: [0mGET /api/admin/verify/account [33m404[0m 3.643 ms - 163[0m
2022-03-30 11:59:15 info: =================================
2022-03-30 11:59:15 info: ======= ENV: development =======
2022-03-30 11:59:15 info: 🚀 App listening on the port 5000
2022-03-30 11:59:15 info: =================================
2022-03-30 11:59:27 info: =================================
2022-03-30 11:59:27 info: ======= ENV: development =======
2022-03-30 11:59:27 info: 🚀 App listening on the port 5000
2022-03-30 11:59:27 info: =================================
2022-03-30 11:59:28 info: [0mGET /api/admin/verify/account [33m404[0m 7.014 ms - 163[0m
2022-03-30 12:00:00 info: [0mGET /api [32m200[0m 4.552 ms - 62[0m
2022-03-30 12:00:00 info: [0mGET /favicon.ico [33m404[0m 2.215 ms - 150[0m
2022-03-30 12:37:34 info: [0mGET /api/admin/employee/details [32m200[0m 2.002 ms - 47[0m
2022-03-30 12:40:01 info: [0mGET /api-docs/ [36m304[0m 2.638 ms - -[0m
2022-03-30 12:40:01 info: [0mGET /api-docs/swagger-ui.css [36m304[0m 5.260 ms - -[0m
2022-03-30 12:40:01 info: [0mGET /api-docs/swagger-ui-bundle.js [36m304[0m 6.667 ms - -[0m
2022-03-30 12:40:01 info: [0mGET /api-docs/swagger-ui-standalone-preset.js [36m304[0m 8.631 ms - -[0m
2022-03-30 12:40:01 info: [0mGET /api-docs/swagger-load.js [36m304[0m 9.898 ms - -[0m
2022-03-30 12:40:01 info: [0mGET /swagger.yaml [32m200[0m 5.668 ms - -[0m
2022-03-30 12:40:17 info: [0mGET /api/admin/employee/details [36m304[0m 1.069 ms - -[0m
2022-03-30 12:40:30 info: [0mGET /api/admin/employee/details [36m304[0m 1.115 ms - -[0m
2022-03-30 12:45:42 info: [0mGET /api/admin/email/verified [0m-[0m - ms - -[0m
2022-03-30 12:46:24 info: [0mGET /api/admin/verify/account [33m404[0m 2.800 ms - 163[0m
2022-03-30 12:46:25 info: [0mGET /api/admin/verify/account [33m404[0m 1.398 ms - 163[0m
2022-03-30 12:46:57 info: [0mGET /api [36m304[0m 1.106 ms - -[0m
2022-03-30 12:47:04 info: [0mGET /apiadmin/verify/account [33m404[0m 1.060 ms - 162[0m
2022-03-30 12:47:21 info: [0mGET /api/admin/verify/account [33m404[0m 2.316 ms - 163[0m
2022-03-30 12:47:42 info: [0mGET /api/ [32m200[0m 1.168 ms - 62[0m
2022-03-30 12:47:50 info: [0mGET /api [36m304[0m 0.929 ms - -[0m
2022-03-30 12:48:59 info: [0mGET /api/admin/email/verified [0m-[0m - ms - -[0m
2022-03-30 12:49:22 info: =================================
2022-03-30 12:49:22 info: ======= ENV: development =======
2022-03-30 12:49:22 info: 🚀 App listening on the port 5000
2022-03-30 12:49:22 info: =================================
2022-03-30 12:49:38 info: =================================
2022-03-30 12:49:38 info: ======= ENV: development =======
2022-03-30 12:49:38 info: 🚀 App listening on the port 5000
2022-03-30 12:49:38 info: =================================
2022-03-30 12:49:42 info: =================================
2022-03-30 12:49:42 info: ======= ENV: development =======
2022-03-30 12:49:42 info: 🚀 App listening on the port 5000
2022-03-30 12:49:42 info: =================================
2022-03-30 12:49:53 info: =================================
2022-03-30 12:49:53 info: ======= ENV: development =======
2022-03-30 12:49:53 info: 🚀 App listening on the port 5000
2022-03-30 12:49:53 info: =================================
2022-03-30 12:50:01 info: =================================
2022-03-30 12:50:01 info: ======= ENV: development =======
2022-03-30 12:50:01 info: 🚀 App listening on the port 5000
2022-03-30 12:50:01 info: =================================
2022-03-30 12:50:45 info: [0mGET /swagger.yaml [32m200[0m 9.321 ms - -[0m
2022-03-30 12:50:56 info: [0mGET /swagger.yaml [36m304[0m 2.153 ms - -[0m
2022-03-30 12:51:05 info: [0mOPTIONS /api/admin/createEmployees [32m204[0m 0.343 ms - 0[0m
2022-03-30 12:51:05 info: [0mPOST /api/admin/createEmployees [32m201[0m 287.424 ms - 79[0m
2022-03-30 12:51:16 error: [GET] /api/admin/email/verified/624404e1f56a3e30409a70a0 >> StatusCode:: 500, Message:: Cannot read properties of undefined (reading 'log')
2022-03-30 12:51:16 info: [0mGET /api/admin/email/verified/624404e1f56a3e30409a70a0 [31m500[0m 3.688 ms - 65[0m
2022-03-30 12:52:02 info: =================================
2022-03-30 12:52:02 info: ======= ENV: development =======
2022-03-30 12:52:02 info: 🚀 App listening on the port 5000
2022-03-30 12:52:02 info: =================================
2022-03-30 12:52:44 info: =================================
2022-03-30 12:52:44 info: ======= ENV: development =======
2022-03-30 12:52:44 info: 🚀 App listening on the port 5000
2022-03-30 12:52:44 info: =================================
2022-03-30 12:53:03 info: =================================
2022-03-30 12:53:03 info: ======= ENV: development =======
2022-03-30 12:53:03 info: 🚀 App listening on the port 5000
2022-03-30 12:53:03 info: =================================
2022-03-30 12:53:30 info: =================================
2022-03-30 12:53:30 info: ======= ENV: development =======
2022-03-30 12:53:30 info: 🚀 App listening on the port 5000
2022-03-30 12:53:30 info: =================================
2022-03-30 12:53:48 info: =================================
2022-03-30 12:53:48 info: ======= ENV: development =======
2022-03-30 12:53:48 info: 🚀 App listening on the port 5000
2022-03-30 12:53:48 info: =================================
2022-03-30 12:54:19 info: =================================
2022-03-30 12:54:19 info: ======= ENV: development =======
2022-03-30 12:54:19 info: 🚀 App listening on the port 5000
2022-03-30 12:54:19 info: =================================
2022-03-30 12:54:27 error: [GET] /api/admin/email/verified/624404e1f56a3e30409a70a0 >> StatusCode:: 409, Message:: User is already exist
2022-03-30 12:54:27 info: [0mGET /api/admin/email/verified/624404e1f56a3e30409a70a0 [33m409[0m 23.225 ms - 35[0m
2022-03-30 12:54:36 info: =================================
2022-03-30 12:54:36 info: ======= ENV: development =======
2022-03-30 12:54:36 info: 🚀 App listening on the port 5000
2022-03-30 12:54:36 info: =================================
2022-03-30 12:54:40 info: =================================
2022-03-30 12:54:40 info: ======= ENV: development =======
2022-03-30 12:54:40 info: 🚀 App listening on the port 5000
2022-03-30 12:54:40 info: =================================
2022-03-30 12:54:48 info: =================================
2022-03-30 12:54:48 info: ======= ENV: development =======
2022-03-30 12:54:48 info: 🚀 App listening on the port 5000
2022-03-30 12:54:48 info: =================================
2022-03-30 12:55:13 info: =================================
2022-03-30 12:55:13 info: ======= ENV: development =======
2022-03-30 12:55:13 info: 🚀 App listening on the port 5000
2022-03-30 12:55:13 info: =================================
2022-03-30 12:55:21 info: =================================
2022-03-30 12:55:21 info: ======= ENV: development =======
2022-03-30 12:55:21 info: 🚀 App listening on the port 5000
2022-03-30 12:55:21 info: =================================
2022-03-30 12:55:31 info: =================================
2022-03-30 12:55:31 info: ======= ENV: development =======
2022-03-30 12:55:31 info: 🚀 App listening on the port 5000
2022-03-30 12:55:31 info: =================================
2022-03-30 12:55:37 info: =================================
2022-03-30 12:55:37 info: ======= ENV: development =======
2022-03-30 12:55:37 info: 🚀 App listening on the port 5000
2022-03-30 12:55:37 info: =================================
2022-03-30 12:55:40 info: =================================
2022-03-30 12:55:40 info: ======= ENV: development =======
2022-03-30 12:55:40 info: 🚀 App listening on the port 5000
2022-03-30 12:55:40 info: =================================
2022-03-30 12:55:44 info: =================================
2022-03-30 12:55:44 info: ======= ENV: development =======
2022-03-30 12:55:44 info: 🚀 App listening on the port 5000
2022-03-30 12:55:44 info: =================================
2022-03-30 12:55:54 info: =================================
2022-03-30 12:55:54 info: ======= ENV: development =======
2022-03-30 12:55:54 info: 🚀 App listening on the port 5000
2022-03-30 12:55:54 info: =================================
2022-03-30 12:55:58 info: =================================
2022-03-30 12:55:58 info: ======= ENV: development =======
2022-03-30 12:55:58 info: 🚀 App listening on the port 5000
2022-03-30 12:55:58 info: =================================
2022-03-30 12:56:00 error: [GET] /api/admin/email/verified/624404e1f56a3e30409a70a0 >> StatusCode:: 409, Message:: %emial% verified succesful
2022-03-30 12:56:00 info: [0mGET /api/admin/email/verified/624404e1f56a3e30409a70a0 [33m409[0m 18.166 ms - 40[0m
2022-03-30 12:56:19 info: =================================
2022-03-30 12:56:19 info: ======= ENV: development =======
2022-03-30 12:56:19 info: 🚀 App listening on the port 5000
2022-03-30 12:56:19 info: =================================
2022-03-30 12:56:23 error: [GET] /api/admin/email/verified/624404e1f56a3e30409a70a0 >> StatusCode:: 409, Message:: 301996rohit@gmail.com verified succesful
2022-03-30 12:56:23 info: [0mGET /api/admin/email/verified/624404e1f56a3e30409a70a0 [33m409[0m 16.708 ms - 54[0m
2022-03-30 12:56:52 error: [GET] /api/admin/email/verified/624404e1f56a3e30409a70a0 >> StatusCode:: 409, Message:: 301996rohit@gmail.com verified succesful
2022-03-30 12:56:52 info: [0mGET /api/admin/email/verified/624404e1f56a3e30409a70a0 [33m409[0m 19.954 ms - 54[0m
2022-03-30 12:57:53 info: =================================
2022-03-30 12:57:53 info: ======= ENV: development =======
2022-03-30 12:57:53 info: 🚀 App listening on the port 5000
2022-03-30 12:57:53 info: =================================
2022-03-30 12:57:58 error: [GET] /api/admin/email/verified/624404e1f56a3e30409a70a0 >> StatusCode:: 409, Message:: 301996rohit@gmail.com verified succesful
2022-03-30 12:57:58 info: [0mGET /api/admin/email/verified/624404e1f56a3e30409a70a0 [33m409[0m 18.164 ms - 54[0m
2022-03-30 12:58:36 info: =================================
2022-03-30 12:58:36 info: ======= ENV: development =======
2022-03-30 12:58:36 info: 🚀 App listening on the port 5000
2022-03-30 12:58:36 info: =================================
2022-03-30 12:58:42 info: =================================
2022-03-30 12:58:42 info: ======= ENV: development =======
2022-03-30 12:58:42 info: 🚀 App listening on the port 5000
2022-03-30 12:58:42 info: =================================
2022-03-30 12:58:44 error: [GET] /api/admin/email/verified/624404e1f56a3e30409a70a0 >> StatusCode:: 409, Message:: 301996rohit@gmail.com verified succesful
2022-03-30 12:58:44 info: [0mGET /api/admin/email/verified/624404e1f56a3e30409a70a0 [33m409[0m 17.631 ms - 54[0m
2022-03-30 12:58:52 error: [GET] /api/admin/email/verified/624404e1f56a3e30409a70a0 >> StatusCode:: 409, Message:: Activation failed
2022-03-30 12:58:52 info: [0mGET /api/admin/email/verified/624404e1f56a3e30409a70a0 [33m409[0m 7.801 ms - 31[0m
2022-03-30 12:59:20 info: =================================
2022-03-30 12:59:20 info: ======= ENV: development =======
2022-03-30 12:59:20 info: 🚀 App listening on the port 5000
2022-03-30 12:59:20 info: =================================
2022-03-30 12:59:28 info: =================================
2022-03-30 12:59:28 info: ======= ENV: development =======
2022-03-30 12:59:28 info: 🚀 App listening on the port 5000
2022-03-30 12:59:28 info: =================================
2022-03-30 12:59:38 info: =================================
2022-03-30 12:59:38 info: ======= ENV: development =======
2022-03-30 12:59:38 info: 🚀 App listening on the port 5000
2022-03-30 12:59:38 info: =================================
2022-03-30 12:59:44 info: =================================
2022-03-30 12:59:44 info: ======= ENV: development =======
2022-03-30 12:59:44 info: 🚀 App listening on the port 5000
2022-03-30 12:59:44 info: =================================
2022-03-30 13:00:13 info: =================================
2022-03-30 13:00:13 info: ======= ENV: development =======
2022-03-30 13:00:13 info: 🚀 App listening on the port 5000
2022-03-30 13:00:13 info: =================================
2022-03-30 13:00:29 info: =================================
2022-03-30 13:00:29 info: ======= ENV: development =======
2022-03-30 13:00:29 info: 🚀 App listening on the port 5000
2022-03-30 13:00:29 info: =================================
2022-03-30 13:00:33 info: =================================
2022-03-30 13:00:33 info: ======= ENV: development =======
2022-03-30 13:00:33 info: 🚀 App listening on the port 5000
2022-03-30 13:00:33 info: =================================
2022-03-30 13:00:38 info: =================================
2022-03-30 13:00:38 info: ======= ENV: development =======
2022-03-30 13:00:38 info: 🚀 App listening on the port 5000
2022-03-30 13:00:38 info: =================================
2022-03-30 13:14:21 info: =================================
2022-03-30 13:14:21 info: ======= ENV: development =======
2022-03-30 13:14:21 info: 🚀 App listening on the port 5000
2022-03-30 13:14:21 info: =================================
2022-03-30 13:14:59 info: =================================
2022-03-30 13:14:59 info: ======= ENV: development =======
2022-03-30 13:14:59 info: 🚀 App listening on the port 5000
2022-03-30 13:14:59 info: =================================
2022-03-30 13:15:15 info: =================================
2022-03-30 13:15:15 info: ======= ENV: development =======
2022-03-30 13:15:15 info: 🚀 App listening on the port 5000
2022-03-30 13:15:15 info: =================================
2022-03-30 13:15:21 info: =================================
2022-03-30 13:15:21 info: ======= ENV: development =======
2022-03-30 13:15:21 info: 🚀 App listening on the port 5000
2022-03-30 13:15:21 info: =================================
2022-03-30 13:15:40 info: =================================
2022-03-30 13:15:40 info: ======= ENV: development =======
2022-03-30 13:15:40 info: 🚀 App listening on the port 5000
2022-03-30 13:15:40 info: =================================
2022-03-30 13:15:49 info: =================================
2022-03-30 13:15:49 info: ======= ENV: development =======
2022-03-30 13:15:49 info: 🚀 App listening on the port 5000
2022-03-30 13:15:49 info: =================================
2022-03-30 13:16:18 info: =================================
2022-03-30 13:16:18 info: ======= ENV: development =======
2022-03-30 13:16:18 info: 🚀 App listening on the port 5000
2022-03-30 13:16:18 info: =================================
2022-03-30 13:16:31 info: =================================
2022-03-30 13:16:31 info: ======= ENV: development =======
2022-03-30 13:16:31 info: 🚀 App listening on the port 5000
2022-03-30 13:16:31 info: =================================
2022-03-30 13:16:54 info: =================================
2022-03-30 13:16:54 info: ======= ENV: development =======
2022-03-30 13:16:54 info: 🚀 App listening on the port 5000
2022-03-30 13:16:54 info: =================================
2022-03-30 13:17:07 info: =================================
2022-03-30 13:17:07 info: ======= ENV: development =======
2022-03-30 13:17:07 info: 🚀 App listening on the port 5000
2022-03-30 13:17:07 info: =================================
2022-03-30 13:17:16 info: [0mGET /swagger.yaml [36m304[0m 6.330 ms - -[0m
2022-03-30 13:17:48 info: [0mOPTIONS /api/admin/user/update/role [32m204[0m 0.662 ms - 0[0m
2022-03-30 13:17:48 info: [0mPUT /api/admin/user/update/role [32m200[0m 54.516 ms - 469[0m
2022-03-30 13:17:52 info: [0mPUT /api/admin/user/update/role [32m200[0m 16.029 ms - 516[0m
2022-03-30 13:18:19 info: =================================
2022-03-30 13:18:19 info: ======= ENV: development =======
2022-03-30 13:18:19 info: 🚀 App listening on the port 5000
2022-03-30 13:18:19 info: =================================
2022-03-30 13:18:24 info: =================================
2022-03-30 13:18:24 info: ======= ENV: development =======
2022-03-30 13:18:24 info: 🚀 App listening on the port 5000
2022-03-30 13:18:24 info: =================================
2022-03-30 13:18:33 info: =================================
2022-03-30 13:18:33 info: ======= ENV: development =======
2022-03-30 13:18:33 info: 🚀 App listening on the port 5000
2022-03-30 13:18:33 info: =================================
2022-03-30 13:18:40 info: =================================
2022-03-30 13:18:40 info: ======= ENV: development =======
2022-03-30 13:18:40 info: 🚀 App listening on the port 5000
2022-03-30 13:18:40 info: =================================
2022-03-30 13:18:43 info: =================================
2022-03-30 13:18:43 info: ======= ENV: development =======
2022-03-30 13:18:43 info: 🚀 App listening on the port 5000
2022-03-30 13:18:43 info: =================================
2022-03-30 13:18:47 info: =================================
2022-03-30 13:18:47 info: ======= ENV: development =======
2022-03-30 13:18:47 info: 🚀 App listening on the port 5000
2022-03-30 13:18:47 info: =================================
2022-03-30 13:18:58 info: [0mGET /swagger.yaml [36m304[0m 9.659 ms - -[0m
2022-03-30 13:19:06 info: [0mOPTIONS /api/admin/user/update/role [32m204[0m 0.706 ms - 0[0m
2022-03-30 13:19:06 info: [0mPUT /api/admin/user/update/role [32m200[0m 58.481 ms - 563[0m
2022-03-30 13:57:53 info: =================================
2022-03-30 13:57:53 info: ======= ENV: development =======
2022-03-30 13:57:53 info: 🚀 App listening on the port 5000
2022-03-30 13:57:53 info: =================================
2022-03-30 13:58:08 info: [0mGET /swagger.yaml [36m304[0m 6.245 ms - -[0m
2022-03-30 13:58:15 info: [0mOPTIONS /api/admin/user/update/role [32m204[0m 0.735 ms - 0[0m
2022-03-30 13:58:15 info: [0mPUT /api/admin/user/update/role [32m200[0m 58.149 ms - 610[0m
2022-03-30 13:58:29 info: [0mOPTIONS /api/admin/user/update/role [32m204[0m 0.203 ms - 0[0m
2022-03-30 13:58:29 info: [0mPUT /api/admin/user/update/role [32m200[0m 15.149 ms - 663[0m
2022-03-30 13:59:02 info: =================================
2022-03-30 13:59:02 info: ======= ENV: development =======
2022-03-30 13:59:02 info: 🚀 App listening on the port 5000
2022-03-30 13:59:02 info: =================================
2022-03-30 13:59:03 info: [0mOPTIONS /api/admin/user/update/role [32m204[0m 1.702 ms - 0[0m
2022-03-30 13:59:03 info: [0mPUT /api/admin/user/update/role [32m200[0m 61.331 ms - 716[0m
2022-03-30 14:25:12 info: =================================
2022-03-30 14:25:12 info: ======= ENV: development =======
2022-03-30 14:25:12 info: 🚀 App listening on the port 5000
2022-03-30 14:25:12 info: =================================
2022-03-30 14:25:12 info: [0mGET /api-docs/ [36m304[0m 29.130 ms - -[0m
2022-03-30 14:25:12 info: [0mGET /api-docs/swagger-ui.css [36m304[0m 4.694 ms - -[0m
2022-03-30 14:25:12 info: [0mGET /api-docs/swagger-ui-bundle.js [36m304[0m 5.284 ms - -[0m
2022-03-30 14:25:12 info: [0mGET /api-docs/swagger-ui-standalone-preset.js [36m304[0m 9.409 ms - -[0m
2022-03-30 14:25:12 info: [0mGET /api-docs/swagger-load.js [36m304[0m 0.871 ms - -[0m
2022-03-30 14:25:12 info: [0mGET /swagger.yaml [36m304[0m 0.662 ms - -[0m
2022-03-30 14:25:12 info: [0mGET /api-docs/favicon-32x32.png [36m304[0m 0.876 ms - -[0m
2022-03-30 14:26:20 info: [0mOPTIONS /api/admin/user/update/role [32m204[0m 0.324 ms - 0[0m
2022-03-30 14:26:20 error: [PUT] /api/admin/user/update/role >> StatusCode:: 409, Message:: Your email %email% not exists in our records
2022-03-30 14:26:20 info: [0mPUT /api/admin/user/update/role [33m409[0m 38.086 ms - 58[0m
2022-03-30 14:26:54 info: [0mOPTIONS /api/admin/user/update/role [32m204[0m 0.197 ms - 0[0m
2022-03-30 14:26:54 info: [0mPUT /api/admin/user/update/role [32m200[0m 37.532 ms - 769[0m
2022-03-30 14:27:18 info: [0mOPTIONS /api/admin/user/update/role [32m204[0m 0.187 ms - 0[0m
2022-03-30 14:27:18 info: [0mPUT /api/admin/user/update/role [32m200[0m 15.974 ms - 816[0m
2022-03-30 14:27:34 info: [0mOPTIONS /api/admin/user/update/role [32m204[0m 0.183 ms - 0[0m
2022-03-30 14:27:34 error: [PUT] /api/admin/user/update/role >> StatusCode:: 400, Message:: Unexpected token P in JSON at position 48
2022-03-30 14:27:34 info: [0mPUT /api/admin/user/update/role [33m400[0m 23.150 ms - 55[0m
2022-03-30 14:27:43 info: [0mOPTIONS /api/admin/user/update/role [32m204[0m 0.171 ms - 0[0m
2022-03-30 14:27:43 info: [0mPUT /api/admin/user/update/role [32m200[0m 14.747 ms - 863[0m
2022-03-30 14:28:02 info: =================================
2022-03-30 14:28:02 info: ======= ENV: development =======
2022-03-30 14:28:02 info: 🚀 App listening on the port 5000
2022-03-30 14:28:02 info: =================================
2022-03-30 14:28:07 info: =================================
2022-03-30 14:28:07 info: ======= ENV: development =======
2022-03-30 14:28:07 info: 🚀 App listening on the port 5000
2022-03-30 14:28:07 info: =================================
2022-03-30 14:28:19 info: =================================
2022-03-30 14:28:19 info: ======= ENV: development =======
2022-03-30 14:28:19 info: 🚀 App listening on the port 5000
2022-03-30 14:28:19 info: =================================
2022-03-30 14:28:27 info: =================================
2022-03-30 14:28:27 info: ======= ENV: development =======
2022-03-30 14:28:27 info: 🚀 App listening on the port 5000
2022-03-30 14:28:27 info: =================================
2022-03-30 14:28:36 info: =================================
2022-03-30 14:28:36 info: ======= ENV: development =======
2022-03-30 14:28:36 info: 🚀 App listening on the port 5000
2022-03-30 14:28:36 info: =================================
2022-03-30 14:28:41 info: =================================
2022-03-30 14:28:41 info: ======= ENV: development =======
2022-03-30 14:28:41 info: 🚀 App listening on the port 5000
2022-03-30 14:28:41 info: =================================
2022-03-30 14:28:51 info: [0mGET /api-docs/ [36m304[0m 5.843 ms - -[0m
2022-03-30 14:28:51 info: [0mGET /api-docs/swagger-ui.css [36m304[0m 3.565 ms - -[0m
2022-03-30 14:28:51 info: [0mGET /api-docs/swagger-ui-bundle.js [36m304[0m 3.020 ms - -[0m
2022-03-30 14:28:51 info: [0mGET /api-docs/swagger-ui-standalone-preset.js [36m304[0m 1.596 ms - -[0m
2022-03-30 14:28:51 info: [0mGET /api-docs/swagger-load.js [36m304[0m 2.399 ms - -[0m
2022-03-30 14:28:51 info: [0mGET /swagger.yaml [36m304[0m 1.264 ms - -[0m
2022-03-30 14:28:51 info: [0mGET /api-docs/favicon-32x32.png [36m304[0m 1.411 ms - -[0m
2022-03-30 14:28:59 info: [0mGET /api-docs/ [36m304[0m 2.663 ms - -[0m
2022-03-30 14:28:59 info: [0mGET /api-docs/swagger-ui.css [36m304[0m 3.312 ms - -[0m
2022-03-30 14:28:59 info: [0mGET /api-docs/swagger-ui-bundle.js [36m304[0m 3.685 ms - -[0m
2022-03-30 14:28:59 info: [0mGET /api-docs/swagger-load.js [36m304[0m 1.434 ms - -[0m
2022-03-30 14:28:59 info: [0mGET /api-docs/swagger-ui-standalone-preset.js [36m304[0m 2.190 ms - -[0m
2022-03-30 14:29:00 info: [0mGET /api-docs/swagger-ui-bundle.js [36m304[0m 3.501 ms - -[0m
2022-03-30 14:29:00 info: [0mGET /api-docs/swagger-ui-standalone-preset.js [36m304[0m 5.776 ms - -[0m
2022-03-30 14:29:00 info: [0mGET /api-docs/swagger-load.js [36m304[0m 7.045 ms - -[0m
2022-03-30 14:29:00 info: [0mGET /swagger.yaml [36m304[0m 0.745 ms - -[0m
2022-03-30 14:29:28 info: [0mOPTIONS /api/admin/createEmployees [32m204[0m 0.366 ms - 0[0m
2022-03-30 14:29:28 info: [0mPOST /api/admin/createEmployees [32m201[0m 331.529 ms - 79[0m
2022-03-30 14:29:38 error: [GET] /api/admin/email/verified/62441bf0d20b102cb0f230aa >> StatusCode:: 409, Message:: 301996rohit@gmail.com verified succesful
2022-03-30 14:29:38 info: [0mGET /api/admin/email/verified/62441bf0d20b102cb0f230aa [33m409[0m 10.095 ms - 54[0m
2022-03-30 14:29:42 error: [GET] /api/admin/email/verified/62441bf0d20b102cb0f230aa >> StatusCode:: 409, Message:: Link Expired
2022-03-30 14:29:42 info: [0mGET /api/admin/email/verified/62441bf0d20b102cb0f230aa [33m409[0m 5.569 ms - 26[0m
2022-03-30 14:29:57 info: [0mOPTIONS /api/admin/user/update/role [32m204[0m 0.172 ms - 0[0m
2022-03-30 14:29:57 error: [PUT] /api/admin/user/update/role >> StatusCode:: 409, Message:: Your email %email% not exists in our records
2022-03-30 14:29:57 info: [0mPUT /api/admin/user/update/role [33m409[0m 6.376 ms - 58[0m
2022-03-30 14:31:21 info: [0mOPTIONS /api/admin/user/update/role [32m204[0m 0.178 ms - 0[0m
2022-03-30 14:31:21 info: [0mPUT /api/admin/user/update/role [32m200[0m 13.962 ms - 475[0m
2022-03-30 14:32:19 info: =================================
2022-03-30 14:32:19 info: ======= ENV: development =======
2022-03-30 14:32:19 info: 🚀 App listening on the port 5000
2022-03-30 14:32:19 info: =================================
2022-03-30 14:32:25 info: [0mOPTIONS /api/admin/user/update/role [32m204[0m 1.887 ms - 0[0m
2022-03-30 14:32:25 info: [0mPUT /api/admin/user/update/role [32m200[0m 56.575 ms - 528[0m
2022-03-30 14:33:04 info: =================================
2022-03-30 14:33:04 info: ======= ENV: development =======
2022-03-30 14:33:04 info: 🚀 App listening on the port 5000
2022-03-30 14:33:04 info: =================================
2022-03-30 14:33:26 info: =================================
2022-03-30 14:33:26 info: ======= ENV: development =======
2022-03-30 14:33:26 info: 🚀 App listening on the port 5000
2022-03-30 14:33:26 info: =================================
2022-03-30 14:33:55 info: =================================
2022-03-30 14:33:55 info: ======= ENV: development =======
2022-03-30 14:33:55 info: 🚀 App listening on the port 5000
2022-03-30 14:33:55 info: =================================
2022-03-30 14:34:01 info: [0mOPTIONS /api/admin/user/update/role [32m204[0m 2.318 ms - 0[0m
2022-03-30 14:34:01 error: [PUT] /api/admin/user/update/role >> StatusCode:: 409, Message:: Already Assigned
2022-03-30 14:34:01 info: [0mPUT /api/admin/user/update/role [33m409[0m 40.057 ms - 30[0m
2022-03-30 14:38:32 info: [0mGET /api-docs/ [36m304[0m 5.176 ms - -[0m
2022-03-30 14:38:32 info: [0mGET /api-docs/swagger-ui-standalone-preset.js [36m304[0m 2.629 ms - -[0m
2022-03-30 14:38:32 info: [0mGET /api-docs/swagger-ui.css [36m304[0m 3.506 ms - -[0m
2022-03-30 14:38:32 info: [0mGET /api-docs/swagger-ui-bundle.js [36m304[0m 4.423 ms - -[0m
2022-03-30 14:38:32 info: [0mGET /api-docs/swagger-load.js [36m304[0m 1.844 ms - -[0m
2022-03-30 14:38:32 info: [0mGET /swagger.yaml [36m304[0m 1.297 ms - -[0m
2022-03-30 14:43:21 info: [0mOPTIONS /api/admin/createEmployees [32m204[0m 1.127 ms - 0[0m
2022-03-30 14:43:21 info: [0mPOST /api/admin/createEmployees [32m201[0m 273.646 ms - 79[0m
2022-03-30 14:43:46 error: [GET] /api/admin/email/verified/62441f31d53d9cb29f424526 >> StatusCode:: 409, Message:: 301996rohit@gmail.com verified succesful
2022-03-30 14:43:46 info: [0mGET /api/admin/email/verified/62441f31d53d9cb29f424526 [33m409[0m 11.602 ms - 54[0m
2022-03-30 14:45:01 error: [GET] /api/admin/email/verified/62441f31d53d9cb29f424526 >> StatusCode:: 409, Message:: Link Expired
2022-03-30 14:45:01 info: [0mGET /api/admin/email/verified/62441f31d53d9cb29f424526 [33m409[0m 5.405 ms - 26[0m
2022-03-30 14:45:48 info: [0mOPTIONS /api/admin/user/update/role [32m204[0m 0.179 ms - 0[0m
2022-03-30 14:45:48 error: [PUT] /api/admin/user/update/role >> StatusCode:: 409, Message:: Already Assigned
2022-03-30 14:45:48 info: [0mPUT /api/admin/user/update/role [33m409[0m 6.969 ms - 30[0m
2022-03-30 14:46:00 info: [0mOPTIONS /api/admin/user/update/role [32m204[0m 0.446 ms - 0[0m
2022-03-30 14:46:00 info: [0mPUT /api/admin/user/update/role [32m200[0m 15.611 ms - 469[0m
2022-03-30 14:46:40 info: =================================
2022-03-30 14:46:40 info: ======= ENV: development =======
2022-03-30 14:46:40 info: 🚀 App listening on the port 5000
2022-03-30 14:46:40 info: =================================
2022-03-30 14:47:52 info: =================================
2022-03-30 14:47:52 info: ======= ENV: development =======
2022-03-30 14:47:52 info: 🚀 App listening on the port 5000
2022-03-30 14:47:52 info: =================================
2022-03-30 14:48:39 info: =================================
2022-03-30 14:48:39 info: ======= ENV: development =======
2022-03-30 14:48:39 info: 🚀 App listening on the port 5000
2022-03-30 14:48:39 info: =================================
2022-03-30 14:50:14 info: [0mOPTIONS /api/admin/user/update/role [32m204[0m 2.056 ms - 0[0m
2022-03-30 14:50:14 error: [PUT] /api/admin/user/update/role >> StatusCode:: 409, Message:: Already Assigned
2022-03-30 14:50:14 info: [0mPUT /api/admin/user/update/role [33m409[0m 42.779 ms - 30[0m
2022-03-30 14:50:25 info: [0mOPTIONS /api/admin/user/update/role [32m204[0m 0.282 ms - 0[0m
2022-03-30 14:50:25 info: [0mPUT /api/admin/user/update/role [32m200[0m 27.267 ms - 516[0m
2022-03-30 14:51:18 info: =================================
2022-03-30 14:51:18 info: ======= ENV: development =======
2022-03-30 14:51:18 info: 🚀 App listening on the port 5000
2022-03-30 14:51:18 info: =================================
2022-03-30 14:51:31 info: =================================
2022-03-30 14:51:31 info: ======= ENV: development =======
2022-03-30 14:51:31 info: 🚀 App listening on the port 5000
2022-03-30 14:51:31 info: =================================
2022-03-30 14:52:02 info: =================================
2022-03-30 14:52:02 info: ======= ENV: development =======
2022-03-30 14:52:02 info: 🚀 App listening on the port 5000
2022-03-30 14:52:02 info: =================================
2022-03-30 14:52:47 info: =================================
2022-03-30 14:52:47 info: ======= ENV: development =======
2022-03-30 14:52:47 info: 🚀 App listening on the port 5000
2022-03-30 14:52:47 info: =================================
2022-03-30 14:52:51 info: =================================
2022-03-30 14:52:51 info: ======= ENV: development =======
2022-03-30 14:52:51 info: 🚀 App listening on the port 5000
2022-03-30 14:52:51 info: =================================
2022-03-30 14:53:14 info: =================================
2022-03-30 14:53:14 info: ======= ENV: development =======
2022-03-30 14:53:14 info: 🚀 App listening on the port 5000
2022-03-30 14:53:14 info: =================================
2022-03-30 14:53:30 info: =================================
2022-03-30 14:53:30 info: ======= ENV: development =======
2022-03-30 14:53:30 info: 🚀 App listening on the port 5000
2022-03-30 14:53:30 info: =================================
2022-03-30 14:53:40 info: =================================
2022-03-30 14:53:40 info: ======= ENV: development =======
2022-03-30 14:53:40 info: 🚀 App listening on the port 5000
2022-03-30 14:53:40 info: =================================
2022-03-30 14:53:45 info: =================================
2022-03-30 14:53:45 info: ======= ENV: development =======
2022-03-30 14:53:45 info: 🚀 App listening on the port 5000
2022-03-30 14:53:45 info: =================================
2022-03-30 14:55:25 info: =================================
2022-03-30 14:55:25 info: ======= ENV: development =======
2022-03-30 14:55:25 info: 🚀 App listening on the port 5000
2022-03-30 14:55:25 info: =================================
2022-03-30 14:55:32 info: =================================
2022-03-30 14:55:32 info: ======= ENV: development =======
2022-03-30 14:55:32 info: 🚀 App listening on the port 5000
2022-03-30 14:55:32 info: =================================
2022-03-30 14:55:44 info: =================================
2022-03-30 14:55:44 info: ======= ENV: development =======
2022-03-30 14:55:44 info: 🚀 App listening on the port 5000
2022-03-30 14:55:44 info: =================================
2022-03-30 14:55:54 info: =================================
2022-03-30 14:55:54 info: ======= ENV: development =======
2022-03-30 14:55:54 info: 🚀 App listening on the port 5000
2022-03-30 14:55:54 info: =================================
2022-03-30 14:55:59 info: =================================
2022-03-30 14:55:59 info: ======= ENV: development =======
2022-03-30 14:55:59 info: 🚀 App listening on the port 5000
2022-03-30 14:55:59 info: =================================
2022-03-30 14:56:23 info: =================================
2022-03-30 14:56:23 info: ======= ENV: development =======
2022-03-30 14:56:23 info: 🚀 App listening on the port 5000
2022-03-30 14:56:23 info: =================================
2022-03-30 14:57:01 info: =================================
2022-03-30 14:57:01 info: ======= ENV: development =======
2022-03-30 14:57:01 info: 🚀 App listening on the port 5000
2022-03-30 14:57:01 info: =================================
2022-03-30 14:58:09 info: =================================
2022-03-30 14:58:09 info: ======= ENV: development =======
2022-03-30 14:58:09 info: 🚀 App listening on the port 5000
2022-03-30 14:58:09 info: =================================
2022-03-30 14:58:30 info: =================================
2022-03-30 14:58:30 info: ======= ENV: development =======
2022-03-30 14:58:30 info: 🚀 App listening on the port 5000
2022-03-30 14:58:30 info: =================================
2022-03-30 14:58:59 info: =================================
2022-03-30 14:58:59 info: ======= ENV: development =======
2022-03-30 14:58:59 info: 🚀 App listening on the port 5000
2022-03-30 14:58:59 info: =================================
2022-03-30 15:07:48 info: [0mGET /api-docs/ [36m304[0m 6.088 ms - -[0m
2022-03-30 15:07:48 info: [0mGET /api-docs/swagger-ui.css [36m304[0m 3.791 ms - -[0m
2022-03-30 15:07:48 info: [0mGET /api-docs/swagger-ui-bundle.js [36m304[0m 2.633 ms - -[0m
2022-03-30 15:07:48 info: [0mGET /api-docs/swagger-ui-standalone-preset.js [36m304[0m 2.934 ms - -[0m
2022-03-30 15:07:48 info: [0mGET /api-docs/swagger-load.js [36m304[0m 2.697 ms - -[0m
2022-03-30 15:07:48 info: [0mGET /swagger.yaml [36m304[0m 0.763 ms - -[0m
2022-03-30 15:08:23 info: [0mOPTIONS /api/admin/user/remove/role [32m204[0m 0.376 ms - 0[0m
2022-03-30 15:11:57 info: =================================
2022-03-30 15:11:57 info: ======= ENV: development =======
2022-03-30 15:11:57 info: 🚀 App listening on the port 5000
2022-03-30 15:11:57 info: =================================
2022-03-30 15:17:04 info: =================================
2022-03-30 15:17:04 info: ======= ENV: development =======
2022-03-30 15:17:04 info: 🚀 App listening on the port 5000
2022-03-30 15:17:04 info: =================================
