2022-03-29 10:18:52 info: =================================
2022-03-29 10:18:52 info: ======= ENV: development =======
2022-03-29 10:18:52 info: 🚀 App listening on the port 5000
2022-03-29 10:18:52 info: =================================
2022-03-29 10:47:01 info: =================================
2022-03-29 10:47:01 info: ======= ENV: development =======
2022-03-29 10:47:01 info: 🚀 App listening on the port 5000
2022-03-29 10:47:01 info: =================================
2022-03-29 10:47:18 info: =================================
2022-03-29 10:47:18 info: ======= ENV: development =======
2022-03-29 10:47:18 info: 🚀 App listening on the port 5000
2022-03-29 10:47:18 info: =================================
2022-03-29 10:47:34 info: =================================
2022-03-29 10:47:34 info: ======= ENV: development =======
2022-03-29 10:47:34 info: 🚀 App listening on the port 5000
2022-03-29 10:47:34 info: =================================
2022-03-29 10:47:56 info: =================================
2022-03-29 10:47:56 info: ======= ENV: development =======
2022-03-29 10:47:56 info: 🚀 App listening on the port 5000
2022-03-29 10:47:56 info: =================================
2022-03-29 10:48:08 info: =================================
2022-03-29 10:48:08 info: ======= ENV: development =======
2022-03-29 10:48:08 info: 🚀 App listening on the port 5000
2022-03-29 10:48:08 info: =================================
2022-03-29 10:48:11 info: =================================
2022-03-29 10:48:11 info: ======= ENV: development =======
2022-03-29 10:48:11 info: 🚀 App listening on the port 5000
2022-03-29 10:48:11 info: =================================
2022-03-29 10:48:49 info: =================================
2022-03-29 10:48:49 info: ======= ENV: development =======
2022-03-29 10:48:49 info: 🚀 App listening on the port 5000
2022-03-29 10:48:49 info: =================================
2022-03-29 10:59:09 info: =================================
2022-03-29 10:59:09 info: ======= ENV: development =======
2022-03-29 10:59:09 info: 🚀 App listening on the port 5000
2022-03-29 10:59:09 info: =================================
2022-03-29 11:00:55 info: =================================
2022-03-29 11:00:55 info: ======= ENV: development =======
2022-03-29 11:00:55 info: 🚀 App listening on the port 5000
2022-03-29 11:00:55 info: =================================
2022-03-29 11:01:19 info: =================================
2022-03-29 11:01:19 info: ======= ENV: development =======
2022-03-29 11:01:19 info: 🚀 App listening on the port 5000
2022-03-29 11:01:19 info: =================================
2022-03-29 11:01:27 info: =================================
2022-03-29 11:01:27 info: ======= ENV: development =======
2022-03-29 11:01:27 info: 🚀 App listening on the port 5000
2022-03-29 11:01:27 info: =================================
2022-03-29 11:01:31 info: =================================
2022-03-29 11:01:31 info: ======= ENV: development =======
2022-03-29 11:01:31 info: 🚀 App listening on the port 5000
2022-03-29 11:01:31 info: =================================
2022-03-29 11:01:42 info: =================================
2022-03-29 11:01:42 info: ======= ENV: development =======
2022-03-29 11:01:42 info: 🚀 App listening on the port 5000
2022-03-29 11:01:42 info: =================================
2022-03-29 11:01:46 info: =================================
2022-03-29 11:01:46 info: ======= ENV: development =======
2022-03-29 11:01:46 info: 🚀 App listening on the port 5000
2022-03-29 11:01:46 info: =================================
2022-03-29 11:01:55 info: =================================
2022-03-29 11:01:55 info: ======= ENV: development =======
2022-03-29 11:01:55 info: 🚀 App listening on the port 5000
2022-03-29 11:01:55 info: =================================
2022-03-29 11:02:58 info: =================================
2022-03-29 11:02:58 info: ======= ENV: development =======
2022-03-29 11:02:58 info: 🚀 App listening on the port 5000
2022-03-29 11:02:58 info: =================================
2022-03-29 11:03:08 info: =================================
2022-03-29 11:03:08 info: ======= ENV: development =======
2022-03-29 11:03:08 info: 🚀 App listening on the port 5000
2022-03-29 11:03:08 info: =================================
2022-03-29 11:03:21 info: =================================
2022-03-29 11:03:21 info: ======= ENV: development =======
2022-03-29 11:03:21 info: 🚀 App listening on the port 5000
2022-03-29 11:03:21 info: =================================
2022-03-29 11:03:31 info: =================================
2022-03-29 11:03:31 info: ======= ENV: development =======
2022-03-29 11:03:31 info: 🚀 App listening on the port 5000
2022-03-29 11:03:31 info: =================================
2022-03-29 11:03:38 info: =================================
2022-03-29 11:03:38 info: ======= ENV: development =======
2022-03-29 11:03:38 info: 🚀 App listening on the port 5000
2022-03-29 11:03:38 info: =================================
2022-03-29 11:03:45 info: =================================
2022-03-29 11:03:45 info: ======= ENV: development =======
2022-03-29 11:03:45 info: 🚀 App listening on the port 5000
2022-03-29 11:03:45 info: =================================
2022-03-29 11:03:55 info: =================================
2022-03-29 11:03:55 info: ======= ENV: development =======
2022-03-29 11:03:55 info: 🚀 App listening on the port 5000
2022-03-29 11:03:55 info: =================================
2022-03-29 11:04:08 info: =================================
2022-03-29 11:04:08 info: ======= ENV: development =======
2022-03-29 11:04:08 info: 🚀 App listening on the port 5000
2022-03-29 11:04:08 info: =================================
2022-03-29 11:05:28 info: =================================
2022-03-29 11:05:28 info: ======= ENV: development =======
2022-03-29 11:05:28 info: 🚀 App listening on the port 5000
2022-03-29 11:05:28 info: =================================
2022-03-29 11:06:27 info: =================================
2022-03-29 11:06:27 info: ======= ENV: development =======
2022-03-29 11:06:27 info: 🚀 App listening on the port 5000
2022-03-29 11:06:27 info: =================================
2022-03-29 11:06:44 info: =================================
2022-03-29 11:06:44 info: ======= ENV: development =======
2022-03-29 11:06:44 info: 🚀 App listening on the port 5000
2022-03-29 11:06:44 info: =================================
2022-03-29 11:06:49 info: =================================
2022-03-29 11:06:49 info: ======= ENV: development =======
2022-03-29 11:06:49 info: 🚀 App listening on the port 5000
2022-03-29 11:06:49 info: =================================
2022-03-29 11:07:09 info: =================================
2022-03-29 11:07:09 info: ======= ENV: development =======
2022-03-29 11:07:09 info: 🚀 App listening on the port 5000
2022-03-29 11:07:09 info: =================================
2022-03-29 11:07:15 info: =================================
2022-03-29 11:07:15 info: ======= ENV: development =======
2022-03-29 11:07:15 info: 🚀 App listening on the port 5000
2022-03-29 11:07:15 info: =================================
2022-03-29 11:08:21 info: =================================
2022-03-29 11:08:21 info: ======= ENV: development =======
2022-03-29 11:08:21 info: 🚀 App listening on the port 5000
2022-03-29 11:08:21 info: =================================
2022-03-29 11:08:40 info: =================================
2022-03-29 11:08:40 info: ======= ENV: development =======
2022-03-29 11:08:40 info: 🚀 App listening on the port 5000
2022-03-29 11:08:40 info: =================================
2022-03-29 11:08:46 info: =================================
2022-03-29 11:08:46 info: ======= ENV: development =======
2022-03-29 11:08:46 info: 🚀 App listening on the port 5000
2022-03-29 11:08:46 info: =================================
2022-03-29 11:08:56 info: =================================
2022-03-29 11:08:56 info: ======= ENV: development =======
2022-03-29 11:08:56 info: 🚀 App listening on the port 5000
2022-03-29 11:08:56 info: =================================
2022-03-29 11:09:11 info: =================================
2022-03-29 11:09:11 info: ======= ENV: development =======
2022-03-29 11:09:11 info: 🚀 App listening on the port 5000
2022-03-29 11:09:11 info: =================================
2022-03-29 11:09:17 info: =================================
2022-03-29 11:09:17 info: ======= ENV: development =======
2022-03-29 11:09:17 info: 🚀 App listening on the port 5000
2022-03-29 11:09:17 info: =================================
2022-03-29 11:09:26 info: =================================
2022-03-29 11:09:26 info: ======= ENV: development =======
2022-03-29 11:09:26 info: 🚀 App listening on the port 5000
2022-03-29 11:09:26 info: =================================
2022-03-29 11:09:36 info: =================================
2022-03-29 11:09:36 info: ======= ENV: development =======
2022-03-29 11:09:36 info: 🚀 App listening on the port 5000
2022-03-29 11:09:36 info: =================================
2022-03-29 11:09:43 info: =================================
2022-03-29 11:09:43 info: ======= ENV: development =======
2022-03-29 11:09:43 info: 🚀 App listening on the port 5000
2022-03-29 11:09:43 info: =================================
2022-03-29 11:10:43 info: =================================
2022-03-29 11:10:43 info: ======= ENV: development =======
2022-03-29 11:10:43 info: 🚀 App listening on the port 5000
2022-03-29 11:10:43 info: =================================
2022-03-29 11:11:11 info: =================================
2022-03-29 11:11:11 info: ======= ENV: development =======
2022-03-29 11:11:11 info: 🚀 App listening on the port 5000
2022-03-29 11:11:11 info: =================================
2022-03-29 11:11:15 info: =================================
2022-03-29 11:11:15 info: ======= ENV: development =======
2022-03-29 11:11:15 info: 🚀 App listening on the port 5000
2022-03-29 11:11:15 info: =================================
2022-03-29 11:11:22 info: =================================
2022-03-29 11:11:22 info: ======= ENV: development =======
2022-03-29 11:11:22 info: 🚀 App listening on the port 5000
2022-03-29 11:11:22 info: =================================
2022-03-29 11:11:26 info: =================================
2022-03-29 11:11:26 info: ======= ENV: development =======
2022-03-29 11:11:26 info: 🚀 App listening on the port 5000
2022-03-29 11:11:26 info: =================================
2022-03-29 11:11:42 info: =================================
2022-03-29 11:11:42 info: ======= ENV: development =======
2022-03-29 11:11:42 info: 🚀 App listening on the port 5000
2022-03-29 11:11:42 info: =================================
2022-03-29 11:11:53 info: =================================
2022-03-29 11:11:53 info: ======= ENV: development =======
2022-03-29 11:11:53 info: 🚀 App listening on the port 5000
2022-03-29 11:11:53 info: =================================
2022-03-29 11:12:05 info: =================================
2022-03-29 11:12:05 info: ======= ENV: development =======
2022-03-29 11:12:05 info: 🚀 App listening on the port 5000
2022-03-29 11:12:05 info: =================================
2022-03-29 11:12:22 info: =================================
2022-03-29 11:12:22 info: ======= ENV: development =======
2022-03-29 11:12:22 info: 🚀 App listening on the port 5000
2022-03-29 11:12:22 info: =================================
2022-03-29 11:12:27 info: =================================
2022-03-29 11:12:27 info: ======= ENV: development =======
2022-03-29 11:12:27 info: 🚀 App listening on the port 5000
2022-03-29 11:12:27 info: =================================
2022-03-29 11:12:40 info: =================================
2022-03-29 11:12:40 info: ======= ENV: development =======
2022-03-29 11:12:40 info: 🚀 App listening on the port 5000
2022-03-29 11:12:40 info: =================================
2022-03-29 11:13:05 info: =================================
2022-03-29 11:13:05 info: ======= ENV: development =======
2022-03-29 11:13:05 info: 🚀 App listening on the port 5000
2022-03-29 11:13:05 info: =================================
2022-03-29 11:13:17 info: =================================
2022-03-29 11:13:17 info: ======= ENV: development =======
2022-03-29 11:13:17 info: 🚀 App listening on the port 5000
2022-03-29 11:13:17 info: =================================
2022-03-29 11:13:28 info: =================================
2022-03-29 11:13:28 info: ======= ENV: development =======
2022-03-29 11:13:28 info: 🚀 App listening on the port 5000
2022-03-29 11:13:28 info: =================================
2022-03-29 11:13:32 info: =================================
2022-03-29 11:13:32 info: ======= ENV: development =======
2022-03-29 11:13:32 info: 🚀 App listening on the port 5000
2022-03-29 11:13:32 info: =================================
2022-03-29 11:13:41 info: =================================
2022-03-29 11:13:41 info: ======= ENV: development =======
2022-03-29 11:13:41 info: 🚀 App listening on the port 5000
2022-03-29 11:13:41 info: =================================
2022-03-29 11:13:53 info: =================================
2022-03-29 11:13:53 info: ======= ENV: development =======
2022-03-29 11:13:53 info: 🚀 App listening on the port 5000
2022-03-29 11:13:53 info: =================================
2022-03-29 11:13:57 info: =================================
2022-03-29 11:13:57 info: ======= ENV: development =======
2022-03-29 11:13:57 info: 🚀 App listening on the port 5000
2022-03-29 11:13:57 info: =================================
2022-03-29 11:14:02 info: =================================
2022-03-29 11:14:02 info: ======= ENV: development =======
2022-03-29 11:14:02 info: 🚀 App listening on the port 5000
2022-03-29 11:14:02 info: =================================
2022-03-29 11:14:16 info: =================================
2022-03-29 11:14:16 info: ======= ENV: development =======
2022-03-29 11:14:16 info: 🚀 App listening on the port 5000
2022-03-29 11:14:16 info: =================================
2022-03-29 11:14:20 info: =================================
2022-03-29 11:14:20 info: ======= ENV: development =======
2022-03-29 11:14:20 info: 🚀 App listening on the port 5000
2022-03-29 11:14:20 info: =================================
2022-03-29 11:14:27 info: =================================
2022-03-29 11:14:27 info: ======= ENV: development =======
2022-03-29 11:14:27 info: 🚀 App listening on the port 5000
2022-03-29 11:14:27 info: =================================
2022-03-29 11:14:31 info: =================================
2022-03-29 11:14:31 info: ======= ENV: development =======
2022-03-29 11:14:31 info: 🚀 App listening on the port 5000
2022-03-29 11:14:31 info: =================================
2022-03-29 11:14:36 info: =================================
2022-03-29 11:14:36 info: ======= ENV: development =======
2022-03-29 11:14:36 info: 🚀 App listening on the port 5000
2022-03-29 11:14:36 info: =================================
2022-03-29 11:14:41 info: =================================
2022-03-29 11:14:41 info: ======= ENV: development =======
2022-03-29 11:14:41 info: 🚀 App listening on the port 5000
2022-03-29 11:14:41 info: =================================
2022-03-29 11:14:47 info: =================================
2022-03-29 11:14:47 info: ======= ENV: development =======
2022-03-29 11:14:47 info: 🚀 App listening on the port 5000
2022-03-29 11:14:48 info: =================================
2022-03-29 11:14:53 info: =================================
2022-03-29 11:14:53 info: ======= ENV: development =======
2022-03-29 11:14:53 info: 🚀 App listening on the port 5000
2022-03-29 11:14:53 info: =================================
2022-03-29 11:15:16 info: =================================
2022-03-29 11:15:16 info: ======= ENV: development =======
2022-03-29 11:15:16 info: 🚀 App listening on the port 5000
2022-03-29 11:15:16 info: =================================
2022-03-29 11:15:26 info: =================================
2022-03-29 11:15:26 info: ======= ENV: development =======
2022-03-29 11:15:26 info: 🚀 App listening on the port 5000
2022-03-29 11:15:26 info: =================================
2022-03-29 11:15:43 info: =================================
2022-03-29 11:15:43 info: ======= ENV: development =======
2022-03-29 11:15:43 info: 🚀 App listening on the port 5000
2022-03-29 11:15:43 info: =================================
2022-03-29 11:15:50 info: =================================
2022-03-29 11:15:50 info: ======= ENV: development =======
2022-03-29 11:15:50 info: 🚀 App listening on the port 5000
2022-03-29 11:15:50 info: =================================
2022-03-29 11:15:53 info: =================================
2022-03-29 11:15:53 info: ======= ENV: development =======
2022-03-29 11:15:53 info: 🚀 App listening on the port 5000
2022-03-29 11:15:53 info: =================================
2022-03-29 11:17:16 info: =================================
2022-03-29 11:17:16 info: ======= ENV: development =======
2022-03-29 11:17:16 info: 🚀 App listening on the port 5000
2022-03-29 11:17:16 info: =================================
2022-03-29 11:17:23 info: =================================
2022-03-29 11:17:23 info: ======= ENV: development =======
2022-03-29 11:17:23 info: 🚀 App listening on the port 5000
2022-03-29 11:17:23 info: =================================
2022-03-29 11:17:34 info: =================================
2022-03-29 11:17:34 info: ======= ENV: development =======
2022-03-29 11:17:34 info: 🚀 App listening on the port 5000
2022-03-29 11:17:34 info: =================================
2022-03-29 11:17:37 info: =================================
2022-03-29 11:17:37 info: ======= ENV: development =======
2022-03-29 11:17:37 info: 🚀 App listening on the port 5000
2022-03-29 11:17:37 info: =================================
2022-03-29 11:17:40 info: =================================
2022-03-29 11:17:40 info: ======= ENV: development =======
2022-03-29 11:17:40 info: 🚀 App listening on the port 5000
2022-03-29 11:17:40 info: =================================
2022-03-29 11:17:45 info: =================================
2022-03-29 11:17:45 info: ======= ENV: development =======
2022-03-29 11:17:45 info: 🚀 App listening on the port 5000
2022-03-29 11:17:45 info: =================================
2022-03-29 11:17:55 info: =================================
2022-03-29 11:17:55 info: ======= ENV: development =======
2022-03-29 11:17:55 info: 🚀 App listening on the port 5000
2022-03-29 11:17:55 info: =================================
2022-03-29 11:18:01 info: =================================
2022-03-29 11:18:01 info: ======= ENV: development =======
2022-03-29 11:18:01 info: 🚀 App listening on the port 5000
2022-03-29 11:18:01 info: =================================
2022-03-29 11:18:18 info: =================================
2022-03-29 11:18:18 info: ======= ENV: development =======
2022-03-29 11:18:18 info: 🚀 App listening on the port 5000
2022-03-29 11:18:18 info: =================================
2022-03-29 11:18:42 info: =================================
2022-03-29 11:18:42 info: ======= ENV: development =======
2022-03-29 11:18:42 info: 🚀 App listening on the port 5000
2022-03-29 11:18:42 info: =================================
2022-03-29 11:18:46 info: =================================
2022-03-29 11:18:46 info: ======= ENV: development =======
2022-03-29 11:18:46 info: 🚀 App listening on the port 5000
2022-03-29 11:18:46 info: =================================
2022-03-29 11:18:52 info: =================================
2022-03-29 11:18:52 info: ======= ENV: development =======
2022-03-29 11:18:52 info: 🚀 App listening on the port 5000
2022-03-29 11:18:52 info: =================================
2022-03-29 11:19:00 info: =================================
2022-03-29 11:19:00 info: ======= ENV: development =======
2022-03-29 11:19:00 info: 🚀 App listening on the port 5000
2022-03-29 11:19:00 info: =================================
2022-03-29 11:19:03 info: =================================
2022-03-29 11:19:03 info: ======= ENV: development =======
2022-03-29 11:19:03 info: 🚀 App listening on the port 5000
2022-03-29 11:19:03 info: =================================
2022-03-29 11:19:20 info: =================================
2022-03-29 11:19:20 info: ======= ENV: development =======
2022-03-29 11:19:20 info: 🚀 App listening on the port 5000
2022-03-29 11:19:20 info: =================================
2022-03-29 11:19:25 info: =================================
2022-03-29 11:19:25 info: ======= ENV: development =======
2022-03-29 11:19:25 info: 🚀 App listening on the port 5000
2022-03-29 11:19:25 info: =================================
2022-03-29 11:19:30 info: =================================
2022-03-29 11:19:30 info: ======= ENV: development =======
2022-03-29 11:19:30 info: 🚀 App listening on the port 5000
2022-03-29 11:19:30 info: =================================
2022-03-29 11:19:36 info: =================================
2022-03-29 11:19:36 info: ======= ENV: development =======
2022-03-29 11:19:36 info: 🚀 App listening on the port 5000
2022-03-29 11:19:36 info: =================================
2022-03-29 11:19:41 info: =================================
2022-03-29 11:19:41 info: ======= ENV: development =======
2022-03-29 11:19:41 info: 🚀 App listening on the port 5000
2022-03-29 11:19:41 info: =================================
2022-03-29 11:19:50 info: =================================
2022-03-29 11:19:50 info: ======= ENV: development =======
2022-03-29 11:19:50 info: 🚀 App listening on the port 5000
2022-03-29 11:19:50 info: =================================
2022-03-29 11:20:30 info: =================================
2022-03-29 11:20:30 info: ======= ENV: development =======
2022-03-29 11:20:30 info: 🚀 App listening on the port 5000
2022-03-29 11:20:30 info: =================================
2022-03-29 11:31:27 info: =================================
2022-03-29 11:31:27 info: ======= ENV: development =======
2022-03-29 11:31:27 info: 🚀 App listening on the port 5000
2022-03-29 11:31:27 info: =================================
2022-03-29 11:51:35 info: [0mOPTIONS /api/admin/createEmployees [32m204[0m 2.001 ms - 0[0m
2022-03-29 11:51:36 info: [0mPOST /api/admin/createEmployees [32m201[0m 363.456 ms - 79[0m
2022-03-29 11:54:47 info: [0mOPTIONS /api/admin/user/update/role [32m204[0m 0.391 ms - 0[0m
2022-03-29 11:54:47 info: [0mPUT /api/admin/user/update/role [33m404[0m 3.413 ms - 165[0m
2022-03-29 11:55:45 info: =================================
2022-03-29 11:55:45 info: ======= ENV: development =======
2022-03-29 11:55:45 info: 🚀 App listening on the port 5000
2022-03-29 11:55:45 info: =================================
2022-03-29 11:55:55 info: =================================
2022-03-29 11:55:55 info: ======= ENV: development =======
2022-03-29 11:55:55 info: 🚀 App listening on the port 5000
2022-03-29 11:55:55 info: =================================
2022-03-29 11:56:04 info: =================================
2022-03-29 11:56:04 info: ======= ENV: development =======
2022-03-29 11:56:04 info: 🚀 App listening on the port 5000
2022-03-29 11:56:04 info: =================================
2022-03-29 11:56:11 info: [0mOPTIONS /api/admin/user/update/role [32m204[0m 2.303 ms - 0[0m
2022-03-29 11:56:11 info: [0mPUT /api/admin/user/update/role [33m404[0m 30.893 ms - 165[0m
2022-03-29 11:56:37 info: [0mOPTIONS /api/admin/user/update/role [32m204[0m 0.212 ms - 0[0m
2022-03-29 11:56:37 info: [0mPUT /api/admin/user/update/role [33m404[0m 4.115 ms - 165[0m
2022-03-29 11:57:27 info: =================================
2022-03-29 11:57:27 info: ======= ENV: development =======
2022-03-29 11:57:27 info: 🚀 App listening on the port 5000
2022-03-29 11:57:27 info: =================================
2022-03-29 11:57:31 info: [0mOPTIONS /api/admin/user/update/role [32m204[0m 2.337 ms - 0[0m
2022-03-29 11:57:31 info: [0mPUT /api/admin/user/update/role [33m404[0m 27.428 ms - 165[0m
2022-03-29 11:59:45 info: [0mGET /api [32m200[0m 4.446 ms - 62[0m
2022-03-29 12:01:08 info: [0mPUT /api/admin/user/update/role [33m404[0m 2.358 ms - 165[0m
2022-03-29 12:02:05 info: [0mPUT /api/admin/user/remove/role [33m404[0m 0.971 ms - 165[0m
2022-03-29 12:02:10 info: [0mDELETE /api/admin/user/remove/role [33m404[0m 0.976 ms - 168[0m
2022-03-29 12:03:04 info: =================================
2022-03-29 12:03:04 info: ======= ENV: development =======
2022-03-29 12:03:04 info: 🚀 App listening on the port 5000
2022-03-29 12:03:04 info: =================================
2022-03-29 12:03:10 info: [0mPUT /api/admin/user/remove/role [33m404[0m 28.223 ms - 165[0m
2022-03-29 12:04:03 info: =================================
2022-03-29 12:04:03 info: ======= ENV: development =======
2022-03-29 12:04:03 info: 🚀 App listening on the port 5000
2022-03-29 12:04:03 info: =================================
2022-03-29 12:05:40 info: =================================
2022-03-29 12:05:40 info: ======= ENV: development =======
2022-03-29 12:05:40 info: 🚀 App listening on the port 5000
2022-03-29 12:05:40 info: =================================
2022-03-29 12:08:49 info: =================================
2022-03-29 12:08:49 info: ======= ENV: development =======
2022-03-29 12:08:49 info: 🚀 App listening on the port 5000
2022-03-29 12:08:49 info: =================================
2022-03-29 12:09:12 info: [0mGET /api-docs [36m301[0m 6.162 ms - 183[0m
2022-03-29 12:09:12 info: [0mGET /api-docs/ [32m200[0m 6.391 ms - 1021[0m
2022-03-29 12:09:12 info: [0mGET /api-docs/swagger-load.js [32m200[0m 14.417 ms - 604[0m
2022-03-29 12:09:12 info: [0mGET /api-docs/swagger-ui.css [32m200[0m 17.403 ms - -[0m
2022-03-29 12:09:12 info: [0mGET /api-docs/swagger-ui-standalone-preset.js [32m200[0m 15.684 ms - -[0m
2022-03-29 12:09:12 info: [0mGET /api-docs/swagger-ui-bundle.js [32m200[0m 17.812 ms - -[0m
2022-03-29 12:09:12 info: [0mGET /swagger.yaml [32m200[0m 1.474 ms - -[0m
2022-03-29 12:09:12 info: [0mGET /api-docs/favicon-32x32.png [32m200[0m 1.366 ms - 628[0m
2022-03-29 12:09:27 info: [0mPOST /api/admin/createEmployees [32m201[0m 288.126 ms - 79[0m
2022-03-29 12:10:09 info: =================================
2022-03-29 12:10:09 info: ======= ENV: development =======
2022-03-29 12:10:09 info: 🚀 App listening on the port 5000
2022-03-29 12:10:09 info: =================================
2022-03-29 12:10:46 info: =================================
2022-03-29 12:10:46 info: ======= ENV: development =======
2022-03-29 12:10:46 info: 🚀 App listening on the port 5000
2022-03-29 12:10:46 info: =================================
2022-03-29 12:13:11 info: =================================
2022-03-29 12:13:11 info: ======= ENV: development =======
2022-03-29 12:13:11 info: 🚀 App listening on the port 5000
2022-03-29 12:13:11 info: =================================
2022-03-29 12:13:24 info: =================================
2022-03-29 12:13:24 info: ======= ENV: development =======
2022-03-29 12:13:24 info: 🚀 App listening on the port 5000
2022-03-29 12:13:24 info: =================================
2022-03-29 12:13:45 info: =================================
2022-03-29 12:13:45 info: ======= ENV: development =======
2022-03-29 12:13:45 info: 🚀 App listening on the port 5000
2022-03-29 12:13:45 info: =================================
2022-03-29 12:14:41 info: =================================
2022-03-29 12:14:41 info: ======= ENV: development =======
2022-03-29 12:14:41 info: 🚀 App listening on the port 5000
2022-03-29 12:14:41 info: =================================
2022-03-29 12:14:47 info: =================================
2022-03-29 12:14:47 info: ======= ENV: development =======
2022-03-29 12:14:47 info: 🚀 App listening on the port 5000
2022-03-29 12:14:47 info: =================================
2022-03-29 12:15:18 info: =================================
2022-03-29 12:15:18 info: ======= ENV: development =======
2022-03-29 12:15:18 info: 🚀 App listening on the port 5000
2022-03-29 12:15:18 info: =================================
2022-03-29 12:16:04 info: =================================
2022-03-29 12:16:04 info: ======= ENV: development =======
2022-03-29 12:16:04 info: 🚀 App listening on the port 5000
2022-03-29 12:16:04 info: =================================
2022-03-29 12:16:57 info: =================================
2022-03-29 12:16:57 info: ======= ENV: development =======
2022-03-29 12:16:57 info: 🚀 App listening on the port 5000
2022-03-29 12:16:57 info: =================================
2022-03-29 12:17:10 info: =================================
2022-03-29 12:17:10 info: ======= ENV: development =======
2022-03-29 12:17:10 info: 🚀 App listening on the port 5000
2022-03-29 12:17:10 info: =================================
2022-03-29 12:17:59 info: =================================
2022-03-29 12:17:59 info: ======= ENV: development =======
2022-03-29 12:17:59 info: 🚀 App listening on the port 5000
2022-03-29 12:17:59 info: =================================
2022-03-29 12:18:35 info: =================================
2022-03-29 12:18:35 info: ======= ENV: development =======
2022-03-29 12:18:35 info: 🚀 App listening on the port 5000
2022-03-29 12:18:35 info: =================================
2022-03-29 12:18:40 info: =================================
2022-03-29 12:18:40 info: ======= ENV: development =======
2022-03-29 12:18:40 info: 🚀 App listening on the port 5000
2022-03-29 12:18:40 info: =================================
2022-03-29 12:19:25 info: =================================
2022-03-29 12:19:25 info: ======= ENV: development =======
2022-03-29 12:19:25 info: 🚀 App listening on the port 5000
2022-03-29 12:19:25 info: =================================
2022-03-29 12:20:11 info: =================================
2022-03-29 12:20:11 info: ======= ENV: development =======
2022-03-29 12:20:11 info: 🚀 App listening on the port 5000
2022-03-29 12:20:11 info: =================================
2022-03-29 12:20:21 info: =================================
2022-03-29 12:20:21 info: ======= ENV: development =======
2022-03-29 12:20:21 info: 🚀 App listening on the port 5000
2022-03-29 12:20:21 info: =================================
2022-03-29 12:21:04 info: =================================
2022-03-29 12:21:04 info: ======= ENV: development =======
2022-03-29 12:21:04 info: 🚀 App listening on the port 5000
2022-03-29 12:21:04 info: =================================
2022-03-29 12:21:10 info: [0mPOST /api/admin/createEmployees [32m201[0m 289.714 ms - 79[0m
2022-03-29 12:21:19 info: [0mPUT /api/admin/user/update/role [32m200[0m 23.295 ms - 499[0m
2022-03-29 12:22:07 info: =================================
2022-03-29 12:22:07 info: ======= ENV: development =======
2022-03-29 12:22:07 info: 🚀 App listening on the port 5000
2022-03-29 12:22:07 info: =================================
2022-03-29 12:22:34 info: [0mPUT /api/admin/user/remove/role [32m200[0m 51.137 ms - 499[0m
2022-03-29 12:23:14 info: =================================
2022-03-29 12:23:14 info: ======= ENV: development =======
2022-03-29 12:23:14 info: 🚀 App listening on the port 5000
2022-03-29 12:23:14 info: =================================
2022-03-29 12:23:19 info: [0mPUT /api/admin/user/remove/role [32m200[0m 51.825 ms - 499[0m
2022-03-29 12:23:42 info: =================================
2022-03-29 12:23:42 info: ======= ENV: development =======
2022-03-29 12:23:42 info: 🚀 App listening on the port 5000
2022-03-29 12:23:42 info: =================================
2022-03-29 12:25:09 info: =================================
2022-03-29 12:25:09 info: ======= ENV: development =======
2022-03-29 12:25:09 info: 🚀 App listening on the port 5000
2022-03-29 12:25:09 info: =================================
2022-03-29 12:26:52 info: =================================
2022-03-29 12:26:52 info: ======= ENV: development =======
2022-03-29 12:26:52 info: 🚀 App listening on the port 5000
2022-03-29 12:26:52 info: =================================
2022-03-29 12:26:58 info: =================================
2022-03-29 12:26:58 info: ======= ENV: development =======
2022-03-29 12:26:58 info: 🚀 App listening on the port 5000
2022-03-29 12:26:58 info: =================================
2022-03-29 12:27:40 info: =================================
2022-03-29 12:27:40 info: ======= ENV: development =======
2022-03-29 12:27:40 info: 🚀 App listening on the port 5000
2022-03-29 12:27:40 info: =================================
2022-03-29 12:27:52 info: =================================
2022-03-29 12:27:52 info: ======= ENV: development =======
2022-03-29 12:27:52 info: 🚀 App listening on the port 5000
2022-03-29 12:27:52 info: =================================
2022-03-29 12:32:56 info: =================================
2022-03-29 12:32:56 info: ======= ENV: development =======
2022-03-29 12:32:56 info: 🚀 App listening on the port 5000
2022-03-29 12:32:56 info: =================================
2022-03-29 12:33:00 info: =================================
2022-03-29 12:33:00 info: ======= ENV: development =======
2022-03-29 12:33:00 info: 🚀 App listening on the port 5000
2022-03-29 12:33:00 info: =================================
2022-03-29 12:40:39 info: =================================
2022-03-29 12:40:39 info: ======= ENV: development =======
2022-03-29 12:40:39 info: 🚀 App listening on the port 5000
2022-03-29 12:40:39 info: =================================
2022-03-29 12:40:42 info: =================================
2022-03-29 12:40:42 info: ======= ENV: development =======
2022-03-29 12:40:42 info: 🚀 App listening on the port 5000
2022-03-29 12:40:42 info: =================================
2022-03-29 12:40:47 info: =================================
2022-03-29 12:40:47 info: ======= ENV: development =======
2022-03-29 12:40:47 info: 🚀 App listening on the port 5000
2022-03-29 12:40:47 info: =================================
2022-03-29 12:40:53 info: =================================
2022-03-29 12:40:53 info: ======= ENV: development =======
2022-03-29 12:40:53 info: 🚀 App listening on the port 5000
2022-03-29 12:40:53 info: =================================
2022-03-29 12:42:14 info: =================================
2022-03-29 12:42:14 info: ======= ENV: development =======
2022-03-29 12:42:14 info: 🚀 App listening on the port 5000
2022-03-29 12:42:14 info: =================================
2022-03-29 12:42:19 info: =================================
2022-03-29 12:42:19 info: ======= ENV: development =======
2022-03-29 12:42:19 info: 🚀 App listening on the port 5000
2022-03-29 12:42:19 info: =================================
2022-03-29 12:44:04 info: =================================
2022-03-29 12:44:04 info: ======= ENV: development =======
2022-03-29 12:44:04 info: 🚀 App listening on the port 5000
2022-03-29 12:44:04 info: =================================
2022-03-29 12:44:47 info: =================================
2022-03-29 12:44:47 info: ======= ENV: development =======
2022-03-29 12:44:47 info: 🚀 App listening on the port 5000
2022-03-29 12:44:47 info: =================================
2022-03-29 12:45:38 info: =================================
2022-03-29 12:45:38 info: ======= ENV: development =======
2022-03-29 12:45:38 info: 🚀 App listening on the port 5000
2022-03-29 12:45:38 info: =================================
2022-03-29 12:45:46 info: =================================
2022-03-29 12:45:46 info: ======= ENV: development =======
2022-03-29 12:45:46 info: 🚀 App listening on the port 5000
2022-03-29 12:45:46 info: =================================
2022-03-29 12:46:00 info: =================================
2022-03-29 12:46:00 info: ======= ENV: development =======
2022-03-29 12:46:00 info: 🚀 App listening on the port 5000
2022-03-29 12:46:00 info: =================================
2022-03-29 12:46:04 info: =================================
2022-03-29 12:46:04 info: ======= ENV: development =======
2022-03-29 12:46:04 info: 🚀 App listening on the port 5000
2022-03-29 12:46:04 info: =================================
2022-03-29 12:46:45 info: =================================
2022-03-29 12:46:45 info: ======= ENV: development =======
2022-03-29 12:46:45 info: 🚀 App listening on the port 5000
2022-03-29 12:46:45 info: =================================
2022-03-29 12:47:15 info: =================================
2022-03-29 12:47:15 info: ======= ENV: development =======
2022-03-29 12:47:15 info: 🚀 App listening on the port 5000
2022-03-29 12:47:15 info: =================================
2022-03-29 12:48:17 info: =================================
2022-03-29 12:48:17 info: ======= ENV: development =======
2022-03-29 12:48:17 info: 🚀 App listening on the port 5000
2022-03-29 12:48:17 info: =================================
2022-03-29 12:48:35 info: =================================
2022-03-29 12:48:35 info: ======= ENV: development =======
2022-03-29 12:48:35 info: 🚀 App listening on the port 5000
2022-03-29 12:48:35 info: =================================
2022-03-29 12:48:40 info: =================================
2022-03-29 12:48:40 info: ======= ENV: development =======
2022-03-29 12:48:40 info: 🚀 App listening on the port 5000
2022-03-29 12:48:40 info: =================================
2022-03-29 12:50:57 info: =================================
2022-03-29 12:50:57 info: ======= ENV: development =======
2022-03-29 12:50:57 info: 🚀 App listening on the port 5000
2022-03-29 12:50:57 info: =================================
2022-03-29 12:51:02 info: =================================
2022-03-29 12:51:02 info: ======= ENV: development =======
2022-03-29 12:51:02 info: 🚀 App listening on the port 5000
2022-03-29 12:51:02 info: =================================
2022-03-29 12:52:49 info: =================================
2022-03-29 12:52:49 info: ======= ENV: development =======
2022-03-29 12:52:49 info: 🚀 App listening on the port 5000
2022-03-29 12:52:49 info: =================================
2022-03-29 12:52:59 info: =================================
2022-03-29 12:52:59 info: ======= ENV: development =======
2022-03-29 12:52:59 info: 🚀 App listening on the port 5000
2022-03-29 12:52:59 info: =================================
2022-03-29 12:53:35 info: [0mPUT /api/admin/user/update/role [32m200[0m 59.518 ms - 546[0m
2022-03-29 12:54:07 info: =================================
2022-03-29 12:54:07 info: ======= ENV: development =======
2022-03-29 12:54:07 info: 🚀 App listening on the port 5000
2022-03-29 12:54:07 info: =================================
2022-03-29 12:54:18 info: =================================
2022-03-29 12:54:18 info: ======= ENV: development =======
2022-03-29 12:54:18 info: 🚀 App listening on the port 5000
2022-03-29 12:54:18 info: =================================
2022-03-29 12:55:33 info: =================================
2022-03-29 12:55:33 info: ======= ENV: development =======
2022-03-29 12:55:33 info: 🚀 App listening on the port 5000
2022-03-29 12:55:33 info: =================================
2022-03-29 12:55:46 info: =================================
2022-03-29 12:55:46 info: ======= ENV: development =======
2022-03-29 12:55:46 info: 🚀 App listening on the port 5000
2022-03-29 12:55:46 info: =================================
2022-03-29 12:56:26 info: =================================
2022-03-29 12:56:26 info: ======= ENV: development =======
2022-03-29 12:56:26 info: 🚀 App listening on the port 5000
2022-03-29 12:56:26 info: =================================
2022-03-29 12:56:35 error: [PUT] /api/admin/user/update/role >> StatusCode:: 409, Message:: Already Assigned
2022-03-29 12:56:35 info: [0mPUT /api/admin/user/update/role [33m409[0m 48.591 ms - 30[0m
2022-03-29 12:57:11 info: [0mPOST /api/admin/createEmployees [32m201[0m 269.365 ms - 79[0m
2022-03-29 12:57:16 error: [PUT] /api/admin/user/update/role >> StatusCode:: 409, Message:: Already Assigned
2022-03-29 12:57:16 info: [0mPUT /api/admin/user/update/role [33m409[0m 8.670 ms - 30[0m
2022-03-29 12:57:37 info: [0mGET /swagger.yaml [36m304[0m 5.015 ms - -[0m
2022-03-29 12:57:54 error: [PUT] /api/admin/user/update/role >> StatusCode:: 409, Message:: Already Assigned
2022-03-29 12:57:54 info: [0mPUT /api/admin/user/update/role [33m409[0m 7.445 ms - 30[0m
2022-03-29 12:58:38 info: =================================
2022-03-29 12:58:38 info: ======= ENV: development =======
2022-03-29 12:58:38 info: 🚀 App listening on the port 5000
2022-03-29 12:58:38 info: =================================
2022-03-29 13:05:46 info: =================================
2022-03-29 13:05:46 info: ======= ENV: development =======
2022-03-29 13:05:46 info: 🚀 App listening on the port 5000
2022-03-29 13:05:46 info: =================================
2022-03-29 13:05:54 info: =================================
2022-03-29 13:05:54 info: ======= ENV: development =======
2022-03-29 13:05:54 info: 🚀 App listening on the port 5000
2022-03-29 13:05:54 info: =================================
2022-03-29 13:06:14 info: =================================
2022-03-29 13:06:14 info: ======= ENV: development =======
2022-03-29 13:06:14 info: 🚀 App listening on the port 5000
2022-03-29 13:06:14 info: =================================
2022-03-29 13:06:28 info: =================================
2022-03-29 13:06:28 info: ======= ENV: development =======
2022-03-29 13:06:28 info: 🚀 App listening on the port 5000
2022-03-29 13:06:28 info: =================================
2022-03-29 13:07:10 info: =================================
2022-03-29 13:07:10 info: ======= ENV: development =======
2022-03-29 13:07:10 info: 🚀 App listening on the port 5000
2022-03-29 13:07:10 info: =================================
2022-03-29 13:07:18 info: =================================
2022-03-29 13:07:18 info: ======= ENV: development =======
2022-03-29 13:07:18 info: 🚀 App listening on the port 5000
2022-03-29 13:07:18 info: =================================
2022-03-29 13:07:45 info: =================================
2022-03-29 13:07:45 info: ======= ENV: development =======
2022-03-29 13:07:45 info: 🚀 App listening on the port 5000
2022-03-29 13:07:45 info: =================================
2022-03-29 13:07:52 info: =================================
2022-03-29 13:07:52 info: ======= ENV: development =======
2022-03-29 13:07:52 info: 🚀 App listening on the port 5000
2022-03-29 13:07:52 info: =================================
2022-03-29 13:08:12 error: [PUT] /api/admin/user/update/role >> StatusCode:: 409, Message:: Already Assigned
2022-03-29 13:08:12 info: [0mPUT /api/admin/user/update/role [33m409[0m 45.778 ms - 30[0m
2022-03-29 13:08:30 info: =================================
2022-03-29 13:08:30 info: ======= ENV: development =======
2022-03-29 13:08:30 info: 🚀 App listening on the port 5000
2022-03-29 13:08:30 info: =================================
2022-03-29 13:08:37 info: =================================
2022-03-29 13:08:37 info: ======= ENV: development =======
2022-03-29 13:08:37 info: 🚀 App listening on the port 5000
2022-03-29 13:08:37 info: =================================
2022-03-29 13:08:44 error: [PUT] /api/admin/user/update/role >> StatusCode:: 409, Message:: Already Assigned
2022-03-29 13:08:44 info: [0mPUT /api/admin/user/update/role [33m409[0m 45.093 ms - 30[0m
2022-03-29 13:09:32 info: =================================
2022-03-29 13:09:32 info: ======= ENV: development =======
2022-03-29 13:09:32 info: 🚀 App listening on the port 5000
2022-03-29 13:09:32 info: =================================
2022-03-29 13:09:38 info: =================================
2022-03-29 13:09:38 info: ======= ENV: development =======
2022-03-29 13:09:38 info: 🚀 App listening on the port 5000
2022-03-29 13:09:38 info: =================================
2022-03-29 13:09:38 error: [PUT] /api/admin/user/update/role >> StatusCode:: 409, Message:: Already Assigned
2022-03-29 13:09:38 info: [0mPUT /api/admin/user/update/role [33m409[0m 42.570 ms - 30[0m
2022-03-29 13:09:59 info: =================================
2022-03-29 13:09:59 info: ======= ENV: development =======
2022-03-29 13:09:59 info: 🚀 App listening on the port 5000
2022-03-29 13:09:59 info: =================================
2022-03-29 13:10:41 info: =================================
2022-03-29 13:10:41 info: ======= ENV: development =======
2022-03-29 13:10:41 info: 🚀 App listening on the port 5000
2022-03-29 13:10:41 info: =================================
2022-03-29 13:10:49 info: =================================
2022-03-29 13:10:49 info: ======= ENV: development =======
2022-03-29 13:10:49 info: 🚀 App listening on the port 5000
2022-03-29 13:10:49 info: =================================
2022-03-29 13:11:22 info: =================================
2022-03-29 13:11:22 info: ======= ENV: development =======
2022-03-29 13:11:22 info: 🚀 App listening on the port 5000
2022-03-29 13:11:22 info: =================================
2022-03-29 13:11:30 info: =================================
2022-03-29 13:11:30 info: ======= ENV: development =======
2022-03-29 13:11:30 info: 🚀 App listening on the port 5000
2022-03-29 13:11:30 info: =================================
2022-03-29 13:12:12 info: =================================
2022-03-29 13:12:12 info: ======= ENV: development =======
2022-03-29 13:12:12 info: 🚀 App listening on the port 5000
2022-03-29 13:12:12 info: =================================
2022-03-29 13:12:25 info: =================================
2022-03-29 13:12:25 info: ======= ENV: development =======
2022-03-29 13:12:25 info: 🚀 App listening on the port 5000
2022-03-29 13:12:25 info: =================================
2022-03-29 13:14:38 info: =================================
2022-03-29 13:14:38 info: ======= ENV: development =======
2022-03-29 13:14:38 info: 🚀 App listening on the port 5000
2022-03-29 13:14:38 info: =================================
2022-03-29 13:14:46 info: =================================
2022-03-29 13:14:46 info: ======= ENV: development =======
2022-03-29 13:14:46 info: 🚀 App listening on the port 5000
2022-03-29 13:14:46 info: =================================
2022-03-29 13:40:02 info: =================================
2022-03-29 13:40:02 info: ======= ENV: development =======
2022-03-29 13:40:02 info: 🚀 App listening on the port 5000
2022-03-29 13:40:02 info: =================================
2022-03-29 13:40:09 info: =================================
2022-03-29 13:40:09 info: ======= ENV: development =======
2022-03-29 13:40:09 info: 🚀 App listening on the port 5000
2022-03-29 13:40:09 info: =================================
2022-03-29 13:43:04 info: =================================
2022-03-29 13:43:04 info: ======= ENV: development =======
2022-03-29 13:43:04 info: 🚀 App listening on the port 5000
2022-03-29 13:43:04 info: =================================
2022-03-29 13:43:48 info: =================================
2022-03-29 13:43:48 info: ======= ENV: development =======
2022-03-29 13:43:48 info: 🚀 App listening on the port 5000
2022-03-29 13:43:48 info: =================================
2022-03-29 13:43:57 info: =================================
2022-03-29 13:43:57 info: ======= ENV: development =======
2022-03-29 13:43:57 info: 🚀 App listening on the port 5000
2022-03-29 13:43:57 info: =================================
2022-03-29 13:44:02 info: =================================
2022-03-29 13:44:02 info: ======= ENV: development =======
2022-03-29 13:44:02 info: 🚀 App listening on the port 5000
2022-03-29 13:44:02 info: =================================
2022-03-29 13:44:40 info: =================================
2022-03-29 13:44:40 info: ======= ENV: development =======
2022-03-29 13:44:40 info: 🚀 App listening on the port 5000
2022-03-29 13:44:40 info: =================================
2022-03-29 13:47:32 info: =================================
2022-03-29 13:47:32 info: ======= ENV: development =======
2022-03-29 13:47:32 info: 🚀 App listening on the port 5000
2022-03-29 13:47:32 info: =================================
2022-03-29 13:48:02 info: =================================
2022-03-29 13:48:02 info: ======= ENV: development =======
2022-03-29 13:48:02 info: 🚀 App listening on the port 5000
2022-03-29 13:48:02 info: =================================
2022-03-29 13:49:36 info: =================================
2022-03-29 13:49:36 info: ======= ENV: development =======
2022-03-29 13:49:36 info: 🚀 App listening on the port 5000
2022-03-29 13:49:36 info: =================================
2022-03-29 13:53:46 info: =================================
2022-03-29 13:53:46 info: ======= ENV: development =======
2022-03-29 13:53:46 info: 🚀 App listening on the port 5000
2022-03-29 13:53:46 info: =================================
2022-03-29 13:53:54 info: =================================
2022-03-29 13:53:54 info: ======= ENV: development =======
2022-03-29 13:53:54 info: 🚀 App listening on the port 5000
2022-03-29 13:53:54 info: =================================
2022-03-29 13:53:59 info: =================================
2022-03-29 13:53:59 info: ======= ENV: development =======
2022-03-29 13:53:59 info: 🚀 App listening on the port 5000
2022-03-29 13:53:59 info: =================================
