2022-03-28 11:11:08 info: =================================
2022-03-28 11:11:08 info: ======= ENV: development =======
2022-03-28 11:11:08 info: 🚀 App listening on the port 5000
2022-03-28 11:11:08 info: =================================
2022-03-28 11:26:20 info: =================================
2022-03-28 11:26:20 info: ======= ENV: development =======
2022-03-28 11:26:20 info: 🚀 App listening on the port 5000
2022-03-28 11:26:20 info: =================================
2022-03-28 11:48:22 info: [0mGET /api-docs/ [36m304[0m 70.569 ms - -[0m
2022-03-28 11:48:23 info: [0mGET /api-docs/swagger-ui.css [36m304[0m 2.596 ms - -[0m
2022-03-28 11:48:23 info: [0mGET /api-docs/swagger-load.js [36m304[0m 6.157 ms - -[0m
2022-03-28 11:48:23 info: [0mGET /api-docs/swagger-ui-bundle.js [36m304[0m 5.930 ms - -[0m
2022-03-28 11:48:23 info: [0mGET /api-docs/swagger-ui-standalone-preset.js [36m304[0m 7.845 ms - -[0m
2022-03-28 11:48:25 info: [0mGET /swagger.yaml [36m304[0m 1.328 ms - -[0m
2022-03-28 11:49:16 info: [0mOPTIONS /api/admin/createEmployees [32m204[0m 0.889 ms - 0[0m
2022-03-28 11:49:18 error: [POST] /api/admin/createEmployees >> StatusCode:: 409, Message:: User is already exist
2022-03-28 11:49:18 info: [0mPOST /api/admin/createEmployees [33m409[0m 2042.449 ms - 35[0m
2022-03-28 11:51:00 info: [0mOPTIONS /api/admin/createEmployees [32m204[0m 0.606 ms - 0[0m
2022-03-28 11:51:08 info: [0mPOST /api/admin/createEmployees [32m201[0m 7763.013 ms - 79[0m
2022-03-28 11:52:56 info: =================================
2022-03-28 11:52:56 info: ======= ENV: development =======
2022-03-28 11:52:56 info: 🚀 App listening on the port 5000
2022-03-28 11:52:56 info: =================================
2022-03-28 11:55:05 info: =================================
2022-03-28 11:55:05 info: ======= ENV: development =======
2022-03-28 11:55:05 info: 🚀 App listening on the port 5000
2022-03-28 11:55:05 info: =================================
2022-03-28 11:55:11 info: [0mOPTIONS /api/admin/createEmployees [32m204[0m 2.656 ms - 0[0m
2022-03-28 11:55:13 info: [0mPOST /api/admin/createEmployees [32m201[0m 1889.407 ms - 79[0m
2022-03-28 11:55:58 info: =================================
2022-03-28 11:55:58 info: ======= ENV: development =======
2022-03-28 11:55:58 info: 🚀 App listening on the port 5000
2022-03-28 11:55:58 info: =================================
2022-03-28 12:05:16 info: [0mOPTIONS /api/admin/createEmployees [32m204[0m 3.077 ms - 0[0m
2022-03-28 12:05:17 info: [0mPOST /api/admin/createEmployees [32m201[0m 743.142 ms - 79[0m
2022-03-28 12:06:45 info: =================================
2022-03-28 12:06:45 info: ======= ENV: development =======
2022-03-28 12:06:45 info: 🚀 App listening on the port 5000
2022-03-28 12:06:45 info: =================================
2022-03-28 12:07:35 info: =================================
2022-03-28 12:07:35 info: ======= ENV: development =======
2022-03-28 12:07:35 info: 🚀 App listening on the port 5000
2022-03-28 12:07:35 info: =================================
2022-03-28 12:07:50 info: =================================
2022-03-28 12:07:50 info: ======= ENV: development =======
2022-03-28 12:07:50 info: 🚀 App listening on the port 5000
2022-03-28 12:07:50 info: =================================
2022-03-28 12:07:56 info: =================================
2022-03-28 12:07:56 info: ======= ENV: development =======
2022-03-28 12:07:56 info: 🚀 App listening on the port 5000
2022-03-28 12:07:56 info: =================================
2022-03-28 12:08:13 info: =================================
2022-03-28 12:08:13 info: ======= ENV: development =======
2022-03-28 12:08:13 info: 🚀 App listening on the port 5000
2022-03-28 12:08:13 info: =================================
2022-03-28 12:08:28 info: [0mOPTIONS /api/admin/createEmployees [32m204[0m 3.696 ms - 0[0m
2022-03-28 12:08:29 info: [0mPOST /api/admin/createEmployees [32m201[0m 999.650 ms - 79[0m
2022-03-28 12:10:44 info: =================================
2022-03-28 12:10:44 info: ======= ENV: development =======
2022-03-28 12:10:44 info: 🚀 App listening on the port 5000
2022-03-28 12:10:44 info: =================================
2022-03-28 12:10:52 info: [0mOPTIONS /api/admin/createEmployees [32m204[0m 2.764 ms - 0[0m
2022-03-28 12:10:52 info: [0mPOST /api/admin/createEmployees [32m201[0m 372.303 ms - 79[0m
2022-03-28 12:12:24 info: =================================
2022-03-28 12:12:24 info: ======= ENV: development =======
2022-03-28 12:12:24 info: 🚀 App listening on the port 5000
2022-03-28 12:12:24 info: =================================
2022-03-28 12:12:32 info: =================================
2022-03-28 12:12:32 info: ======= ENV: development =======
2022-03-28 12:12:32 info: 🚀 App listening on the port 5000
2022-03-28 12:12:32 info: =================================
2022-03-28 12:23:02 info: =================================
2022-03-28 12:23:02 info: ======= ENV: development =======
2022-03-28 12:23:02 info: 🚀 App listening on the port 5000
2022-03-28 12:23:02 info: =================================
2022-03-28 12:23:27 info: =================================
2022-03-28 12:23:27 info: ======= ENV: development =======
2022-03-28 12:23:27 info: 🚀 App listening on the port 5000
2022-03-28 12:23:27 info: =================================
2022-03-28 12:23:45 info: =================================
2022-03-28 12:23:45 info: ======= ENV: development =======
2022-03-28 12:23:45 info: 🚀 App listening on the port 5000
2022-03-28 12:23:45 info: =================================
2022-03-28 12:23:52 info: =================================
2022-03-28 12:23:52 info: ======= ENV: development =======
2022-03-28 12:23:52 info: 🚀 App listening on the port 5000
2022-03-28 12:23:52 info: =================================
2022-03-28 12:24:01 info: =================================
2022-03-28 12:24:01 info: ======= ENV: development =======
2022-03-28 12:24:01 info: 🚀 App listening on the port 5000
2022-03-28 12:24:01 info: =================================
2022-03-28 12:26:18 info: =================================
2022-03-28 12:26:18 info: ======= ENV: development =======
2022-03-28 12:26:18 info: 🚀 App listening on the port 5000
2022-03-28 12:26:18 info: =================================
2022-03-28 12:35:52 info: =================================
2022-03-28 12:35:52 info: ======= ENV: development =======
2022-03-28 12:35:52 info: 🚀 App listening on the port 5000
2022-03-28 12:35:52 info: =================================
2022-03-28 12:37:29 info: =================================
2022-03-28 12:37:29 info: ======= ENV: development =======
2022-03-28 12:37:29 info: 🚀 App listening on the port 5000
2022-03-28 12:37:29 info: =================================
2022-03-28 12:38:08 info: =================================
2022-03-28 12:38:08 info: ======= ENV: development =======
2022-03-28 12:38:08 info: 🚀 App listening on the port 5000
2022-03-28 12:38:08 info: =================================
2022-03-28 12:39:23 info: =================================
2022-03-28 12:39:23 info: ======= ENV: development =======
2022-03-28 12:39:23 info: 🚀 App listening on the port 5000
2022-03-28 12:39:23 info: =================================
2022-03-28 12:39:28 info: =================================
2022-03-28 12:39:28 info: ======= ENV: development =======
2022-03-28 12:39:28 info: 🚀 App listening on the port 5000
2022-03-28 12:39:28 info: =================================
2022-03-28 12:44:38 info: =================================
2022-03-28 12:44:38 info: ======= ENV: development =======
2022-03-28 12:44:38 info: 🚀 App listening on the port 5000
2022-03-28 12:44:38 info: =================================
2022-03-28 12:44:51 info: [0mGET /swagger.yaml [36m304[0m 212.809 ms - -[0m
2022-03-28 12:45:07 info: [0mOPTIONS /api/admin/createEmployees [32m204[0m 0.573 ms - 0[0m
2022-03-28 12:45:09 info: [0mPOST /api/admin/createEmployees [32m201[0m 1841.272 ms - 79[0m
2022-03-28 12:47:38 info: =================================
2022-03-28 12:47:39 info: ======= ENV: development =======
2022-03-28 12:47:39 info: 🚀 App listening on the port 5000
2022-03-28 12:47:39 info: =================================
2022-03-28 12:49:15 info: =================================
2022-03-28 12:49:15 info: ======= ENV: development =======
2022-03-28 12:49:15 info: 🚀 App listening on the port 5000
2022-03-28 12:49:15 info: =================================
2022-03-28 12:50:52 info: =================================
2022-03-28 12:50:52 info: ======= ENV: development =======
2022-03-28 12:50:52 info: 🚀 App listening on the port 5000
2022-03-28 12:50:52 info: =================================
2022-03-28 12:51:04 info: [0mOPTIONS /api/admin/createEmployees [32m204[0m 2.067 ms - 0[0m
2022-03-28 12:51:06 info: [0mPOST /api/admin/createEmployees [32m201[0m 1537.847 ms - 79[0m
2022-03-28 12:53:07 info: =================================
2022-03-28 12:53:07 info: ======= ENV: development =======
2022-03-28 12:53:07 info: 🚀 App listening on the port 5000
2022-03-28 12:53:07 info: =================================
2022-03-28 12:53:21 info: =================================
2022-03-28 12:53:21 info: ======= ENV: development =======
2022-03-28 12:53:21 info: 🚀 App listening on the port 5000
2022-03-28 12:53:21 info: =================================
2022-03-28 12:53:28 info: =================================
2022-03-28 12:53:28 info: ======= ENV: development =======
2022-03-28 12:53:28 info: 🚀 App listening on the port 5000
2022-03-28 12:53:28 info: =================================
2022-03-28 12:55:03 info: [0mOPTIONS /api/admin/createEmployees [32m204[0m 2.753 ms - 0[0m
2022-03-28 12:55:03 info: [0mPOST /api/admin/createEmployees [32m201[0m 737.268 ms - 79[0m
2022-03-28 12:56:55 info: =================================
2022-03-28 12:56:55 info: ======= ENV: development =======
2022-03-28 12:56:55 info: 🚀 App listening on the port 5000
2022-03-28 12:56:55 info: =================================
2022-03-28 12:57:49 info: [0mGET / [33m404[0m 11.600 ms - 139[0m
2022-03-28 12:58:35 info: =================================
2022-03-28 12:58:35 info: ======= ENV: development =======
2022-03-28 12:58:35 info: 🚀 App listening on the port 5000
2022-03-28 12:58:35 info: =================================
2022-03-28 15:05:30 info: =================================
2022-03-28 15:05:30 info: ======= ENV: development =======
2022-03-28 15:05:30 info: 🚀 App listening on the port 5000
2022-03-28 15:05:30 info: =================================
2022-03-28 15:10:47 info: =================================
2022-03-28 15:10:47 info: ======= ENV: development =======
2022-03-28 15:10:47 info: 🚀 App listening on the port 5000
2022-03-28 15:10:47 info: =================================
2022-03-28 15:11:16 info: =================================
2022-03-28 15:11:16 info: ======= ENV: development =======
2022-03-28 15:11:16 info: 🚀 App listening on the port 5000
2022-03-28 15:11:16 info: =================================
2022-03-28 15:12:32 info: =================================
2022-03-28 15:12:32 info: ======= ENV: development =======
2022-03-28 15:12:32 info: 🚀 App listening on the port 5000
2022-03-28 15:12:32 info: =================================
2022-03-28 15:12:38 info: =================================
2022-03-28 15:12:38 info: ======= ENV: development =======
2022-03-28 15:12:38 info: 🚀 App listening on the port 5000
2022-03-28 15:12:38 info: =================================
2022-03-28 15:12:49 info: =================================
2022-03-28 15:12:49 info: ======= ENV: development =======
2022-03-28 15:12:49 info: 🚀 App listening on the port 5000
2022-03-28 15:12:49 info: =================================
2022-03-28 15:29:34 info: =================================
2022-03-28 15:29:34 info: ======= ENV: development =======
2022-03-28 15:29:34 info: 🚀 App listening on the port 5000
2022-03-28 15:29:34 info: =================================
2022-03-28 15:41:16 info: =================================
2022-03-28 15:41:16 info: ======= ENV: development =======
2022-03-28 15:41:16 info: 🚀 App listening on the port 5000
2022-03-28 15:41:16 info: =================================
2022-03-28 15:41:51 info: =================================
2022-03-28 15:41:51 info: ======= ENV: development =======
2022-03-28 15:41:51 info: 🚀 App listening on the port 5000
2022-03-28 15:41:51 info: =================================
2022-03-28 15:42:31 info: =================================
2022-03-28 15:42:31 info: ======= ENV: development =======
2022-03-28 15:42:31 info: 🚀 App listening on the port 5000
2022-03-28 15:42:31 info: =================================
2022-03-28 15:42:37 info: =================================
2022-03-28 15:42:37 info: ======= ENV: development =======
2022-03-28 15:42:37 info: 🚀 App listening on the port 5000
2022-03-28 15:42:37 info: =================================
2022-03-28 15:42:46 info: =================================
2022-03-28 15:42:46 info: ======= ENV: development =======
2022-03-28 15:42:46 info: 🚀 App listening on the port 5000
2022-03-28 15:42:46 info: =================================
2022-03-28 15:43:14 info: =================================
2022-03-28 15:43:14 info: ======= ENV: development =======
2022-03-28 15:43:14 info: 🚀 App listening on the port 5000
2022-03-28 15:43:14 info: =================================
2022-03-28 15:44:10 info: =================================
2022-03-28 15:44:10 info: ======= ENV: development =======
2022-03-28 15:44:10 info: 🚀 App listening on the port 5000
2022-03-28 15:44:10 info: =================================
2022-03-28 15:44:39 info: =================================
2022-03-28 15:44:39 info: ======= ENV: development =======
2022-03-28 15:44:39 info: 🚀 App listening on the port 5000
2022-03-28 15:44:39 info: =================================
2022-03-28 15:47:41 info: =================================
2022-03-28 15:47:41 info: ======= ENV: development =======
2022-03-28 15:47:41 info: 🚀 App listening on the port 5000
2022-03-28 15:47:41 info: =================================
2022-03-28 15:47:52 info: =================================
2022-03-28 15:47:52 info: ======= ENV: development =======
2022-03-28 15:47:52 info: 🚀 App listening on the port 5000
2022-03-28 15:47:52 info: =================================
2022-03-28 15:48:41 info: =================================
2022-03-28 15:48:41 info: ======= ENV: development =======
2022-03-28 15:48:41 info: 🚀 App listening on the port 5000
2022-03-28 15:48:41 info: =================================
2022-03-28 15:49:07 info: =================================
2022-03-28 15:49:07 info: ======= ENV: development =======
2022-03-28 15:49:07 info: 🚀 App listening on the port 5000
2022-03-28 15:49:07 info: =================================
2022-03-28 15:50:26 info: =================================
2022-03-28 15:50:26 info: ======= ENV: development =======
2022-03-28 15:50:26 info: 🚀 App listening on the port 5000
2022-03-28 15:50:26 info: =================================
2022-03-28 15:51:15 info: =================================
2022-03-28 15:51:15 info: ======= ENV: development =======
2022-03-28 15:51:15 info: 🚀 App listening on the port 5000
2022-03-28 15:51:15 info: =================================
2022-03-28 15:51:38 info: =================================
2022-03-28 15:51:38 info: ======= ENV: development =======
2022-03-28 15:51:38 info: 🚀 App listening on the port 5000
2022-03-28 15:51:38 info: =================================
2022-03-28 15:57:42 info: =================================
2022-03-28 15:57:42 info: ======= ENV: development =======
2022-03-28 15:57:42 info: 🚀 App listening on the port 5000
2022-03-28 15:57:42 info: =================================
2022-03-28 15:58:12 info: =================================
2022-03-28 15:58:12 info: ======= ENV: development =======
2022-03-28 15:58:12 info: 🚀 App listening on the port 5000
2022-03-28 15:58:12 info: =================================
2022-03-28 15:58:33 info: =================================
2022-03-28 15:58:33 info: ======= ENV: development =======
2022-03-28 15:58:33 info: 🚀 App listening on the port 5000
2022-03-28 15:58:33 info: =================================
2022-03-28 15:59:05 info: =================================
2022-03-28 15:59:05 info: ======= ENV: development =======
2022-03-28 15:59:05 info: 🚀 App listening on the port 5000
2022-03-28 15:59:05 info: =================================
2022-03-28 15:59:34 info: =================================
2022-03-28 15:59:34 info: ======= ENV: development =======
2022-03-28 15:59:34 info: 🚀 App listening on the port 5000
2022-03-28 15:59:34 info: =================================
2022-03-28 16:00:49 info: =================================
2022-03-28 16:00:49 info: ======= ENV: development =======
2022-03-28 16:00:49 info: 🚀 App listening on the port 5000
2022-03-28 16:00:49 info: =================================
2022-03-28 16:01:29 info: =================================
2022-03-28 16:01:29 info: ======= ENV: development =======
2022-03-28 16:01:29 info: 🚀 App listening on the port 5000
2022-03-28 16:01:29 info: =================================
2022-03-28 16:01:40 info: =================================
2022-03-28 16:01:40 info: ======= ENV: development =======
2022-03-28 16:01:40 info: 🚀 App listening on the port 5000
2022-03-28 16:01:40 info: =================================
2022-03-28 16:02:23 info: =================================
2022-03-28 16:02:23 info: ======= ENV: development =======
2022-03-28 16:02:23 info: 🚀 App listening on the port 5000
2022-03-28 16:02:23 info: =================================
2022-03-28 16:02:48 info: =================================
2022-03-28 16:02:48 info: ======= ENV: development =======
2022-03-28 16:02:48 info: 🚀 App listening on the port 5000
2022-03-28 16:02:48 info: =================================
2022-03-28 16:03:08 info: =================================
2022-03-28 16:03:08 info: ======= ENV: development =======
2022-03-28 16:03:08 info: 🚀 App listening on the port 5000
2022-03-28 16:03:08 info: =================================
2022-03-28 16:03:52 info: =================================
2022-03-28 16:03:52 info: ======= ENV: development =======
2022-03-28 16:03:52 info: 🚀 App listening on the port 5000
2022-03-28 16:03:52 info: =================================
2022-03-28 16:05:13 info: =================================
2022-03-28 16:05:13 info: ======= ENV: development =======
2022-03-28 16:05:13 info: 🚀 App listening on the port 5000
2022-03-28 16:05:13 info: =================================
2022-03-28 16:05:24 info: =================================
2022-03-28 16:05:24 info: ======= ENV: development =======
2022-03-28 16:05:24 info: 🚀 App listening on the port 5000
2022-03-28 16:05:24 info: =================================
2022-03-28 16:05:42 info: =================================
2022-03-28 16:05:42 info: ======= ENV: development =======
2022-03-28 16:05:42 info: 🚀 App listening on the port 5000
2022-03-28 16:05:42 info: =================================
2022-03-28 16:05:47 info: =================================
2022-03-28 16:05:47 info: ======= ENV: development =======
2022-03-28 16:05:47 info: 🚀 App listening on the port 5000
2022-03-28 16:05:47 info: =================================
2022-03-28 16:06:55 info: =================================
2022-03-28 16:06:55 info: ======= ENV: development =======
2022-03-28 16:06:55 info: 🚀 App listening on the port 5000
2022-03-28 16:06:55 info: =================================
2022-03-28 16:07:57 info: =================================
2022-03-28 16:07:57 info: ======= ENV: development =======
2022-03-28 16:07:57 info: 🚀 App listening on the port 5000
2022-03-28 16:07:57 info: =================================
2022-03-28 16:08:34 info: =================================
2022-03-28 16:08:34 info: ======= ENV: development =======
2022-03-28 16:08:34 info: 🚀 App listening on the port 5000
2022-03-28 16:08:34 info: =================================
2022-03-28 16:13:38 info: =================================
2022-03-28 16:13:38 info: ======= ENV: development =======
2022-03-28 16:13:38 info: 🚀 App listening on the port 5000
2022-03-28 16:13:38 info: =================================
2022-03-28 16:14:10 info: =================================
2022-03-28 16:14:10 info: ======= ENV: development =======
2022-03-28 16:14:10 info: 🚀 App listening on the port 5000
2022-03-28 16:14:10 info: =================================
2022-03-28 17:48:33 info: =================================
2022-03-28 17:48:33 info: ======= ENV: development =======
2022-03-28 17:48:33 info: 🚀 App listening on the port 5000
2022-03-28 17:48:33 info: =================================
2022-03-28 17:49:01 info: [0mGET /swagger.yaml [36m304[0m 183.784 ms - -[0m
2022-03-28 17:49:20 info: [0mGET /swagger.yaml [36m304[0m 2.914 ms - -[0m
2022-03-28 17:49:28 info: [0mOPTIONS /api/admin/createEmployees [32m204[0m 0.375 ms - 0[0m
2022-03-28 17:49:30 info: [0mPOST /api/admin/createEmployees [32m201[0m 2279.104 ms - 79[0m
2022-03-28 18:05:13 info: =================================
2022-03-28 18:05:13 info: ======= ENV: development =======
2022-03-28 18:05:13 info: 🚀 App listening on the port 5000
2022-03-28 18:05:13 info: =================================
2022-03-28 18:05:54 info: =================================
2022-03-28 18:05:54 info: ======= ENV: development =======
2022-03-28 18:05:54 info: 🚀 App listening on the port 5000
2022-03-28 18:05:54 info: =================================
2022-03-28 18:11:52 info: =================================
2022-03-28 18:11:52 info: ======= ENV: development =======
2022-03-28 18:11:52 info: 🚀 App listening on the port 5000
2022-03-28 18:11:52 info: =================================
2022-03-28 18:12:00 info: =================================
2022-03-28 18:12:00 info: ======= ENV: development =======
2022-03-28 18:12:00 info: 🚀 App listening on the port 5000
2022-03-28 18:12:00 info: =================================
2022-03-28 18:30:46 info: =================================
2022-03-28 18:30:46 info: ======= ENV: development =======
2022-03-28 18:30:46 info: 🚀 App listening on the port 5000
2022-03-28 18:30:46 info: =================================
2022-03-28 18:35:35 info: =================================
2022-03-28 18:35:35 info: ======= ENV: development =======
2022-03-28 18:35:35 info: 🚀 App listening on the port 5000
2022-03-28 18:35:35 info: =================================
2022-03-28 18:38:51 info: [0mGET /swagger.yaml [36m304[0m 54.405 ms - -[0m
2022-03-28 18:39:01 info: [0mOPTIONS /api/admin/createEmployees [32m204[0m 1.167 ms - 0[0m
2022-03-28 18:39:03 info: [0mPOST /api/admin/createEmployees [32m201[0m 1753.247 ms - 79[0m
