2022-04-05 14:18:23 info: =================================
2022-04-05 14:18:23 info: ======= ENV: development =======
2022-04-05 14:18:23 info: 🚀 App listening on the port 5000
2022-04-05 14:18:23 info: =================================
2022-04-05 14:19:44 info: =================================
2022-04-05 14:19:44 info: ======= ENV: development =======
2022-04-05 14:19:44 info: 🚀 App listening on the port 5000
2022-04-05 14:19:44 info: =================================
2022-04-05 14:19:51 info: =================================
2022-04-05 14:19:51 info: ======= ENV: development =======
2022-04-05 14:19:51 info: 🚀 App listening on the port 5000
2022-04-05 14:19:51 info: =================================
2022-04-05 14:20:35 info: =================================
2022-04-05 14:20:35 info: ======= ENV: development =======
2022-04-05 14:20:35 info: 🚀 App listening on the port 5000
2022-04-05 14:20:35 info: =================================
2022-04-05 14:20:53 info: =================================
2022-04-05 14:20:53 info: ======= ENV: development =======
2022-04-05 14:20:53 info: 🚀 App listening on the port 5000
2022-04-05 14:20:53 info: =================================
2022-04-05 14:21:14 info: =================================
2022-04-05 14:21:14 info: ======= ENV: development =======
2022-04-05 14:21:14 info: 🚀 App listening on the port 5000
2022-04-05 14:21:14 info: =================================
2022-04-05 14:21:21 info: =================================
2022-04-05 14:21:21 info: ======= ENV: development =======
2022-04-05 14:21:21 info: 🚀 App listening on the port 5000
2022-04-05 14:21:21 info: =================================
2022-04-05 14:21:26 info: =================================
2022-04-05 14:21:26 info: ======= ENV: development =======
2022-04-05 14:21:26 info: 🚀 App listening on the port 5000
2022-04-05 14:21:26 info: =================================
2022-04-05 14:21:40 info: =================================
2022-04-05 14:21:40 info: ======= ENV: development =======
2022-04-05 14:21:40 info: 🚀 App listening on the port 5000
2022-04-05 14:21:40 info: =================================
2022-04-05 14:21:57 info: =================================
2022-04-05 14:21:57 info: ======= ENV: development =======
2022-04-05 14:21:57 info: 🚀 App listening on the port 5000
2022-04-05 14:21:57 info: =================================
2022-04-05 14:22:04 info: =================================
2022-04-05 14:22:04 info: ======= ENV: development =======
2022-04-05 14:22:04 info: 🚀 App listening on the port 5000
2022-04-05 14:22:04 info: =================================
2022-04-05 14:22:12 info: =================================
2022-04-05 14:22:12 info: ======= ENV: development =======
2022-04-05 14:22:12 info: 🚀 App listening on the port 5000
2022-04-05 14:22:12 info: =================================
2022-04-05 14:22:19 info: =================================
2022-04-05 14:22:19 info: ======= ENV: development =======
2022-04-05 14:22:19 info: 🚀 App listening on the port 5000
2022-04-05 14:22:19 info: =================================
2022-04-05 14:22:27 info: =================================
2022-04-05 14:22:27 info: ======= ENV: development =======
2022-04-05 14:22:27 info: 🚀 App listening on the port 5000
2022-04-05 14:22:27 info: =================================
2022-04-05 14:22:59 info: =================================
2022-04-05 14:22:59 info: ======= ENV: development =======
2022-04-05 14:22:59 info: 🚀 App listening on the port 5000
2022-04-05 14:22:59 info: =================================
2022-04-05 14:23:57 info: =================================
2022-04-05 14:23:57 info: ======= ENV: development =======
2022-04-05 14:23:57 info: 🚀 App listening on the port 5000
2022-04-05 14:23:57 info: =================================
2022-04-05 14:24:38 info: =================================
2022-04-05 14:24:38 info: ======= ENV: development =======
2022-04-05 14:24:38 info: 🚀 App listening on the port 5000
2022-04-05 14:24:38 info: =================================
2022-04-05 14:25:26 info: =================================
2022-04-05 14:25:26 info: ======= ENV: development =======
2022-04-05 14:25:26 info: 🚀 App listening on the port 5000
2022-04-05 14:25:26 info: =================================
2022-04-05 14:25:47 info: =================================
2022-04-05 14:25:47 info: ======= ENV: development =======
2022-04-05 14:25:47 info: 🚀 App listening on the port 5000
2022-04-05 14:25:47 info: =================================
2022-04-05 14:26:12 info: =================================
2022-04-05 14:26:12 info: ======= ENV: development =======
2022-04-05 14:26:12 info: 🚀 App listening on the port 5000
2022-04-05 14:26:12 info: =================================
2022-04-05 14:26:52 info: =================================
2022-04-05 14:26:52 info: ======= ENV: development =======
2022-04-05 14:26:52 info: 🚀 App listening on the port 5000
2022-04-05 14:26:52 info: =================================
2022-04-05 14:27:18 info: =================================
2022-04-05 14:27:18 info: ======= ENV: development =======
2022-04-05 14:27:18 info: 🚀 App listening on the port 5000
2022-04-05 14:27:18 info: =================================
2022-04-05 14:27:22 info: =================================
2022-04-05 14:27:22 info: ======= ENV: development =======
2022-04-05 14:27:22 info: 🚀 App listening on the port 5000
2022-04-05 14:27:22 info: =================================
2022-04-05 14:28:38 info: =================================
2022-04-05 14:28:38 info: ======= ENV: development =======
2022-04-05 14:28:38 info: 🚀 App listening on the port 5000
2022-04-05 14:28:38 info: =================================
2022-04-05 14:29:00 info: =================================
2022-04-05 14:29:00 info: ======= ENV: development =======
2022-04-05 14:29:00 info: 🚀 App listening on the port 5000
2022-04-05 14:29:00 info: =================================
2022-04-05 14:29:13 info: =================================
2022-04-05 14:29:13 info: ======= ENV: development =======
2022-04-05 14:29:13 info: 🚀 App listening on the port 5000
2022-04-05 14:29:13 info: =================================
2022-04-05 14:29:33 info: =================================
2022-04-05 14:29:33 info: ======= ENV: development =======
2022-04-05 14:29:33 info: 🚀 App listening on the port 5000
2022-04-05 14:29:33 info: =================================
2022-04-05 14:29:57 info: =================================
2022-04-05 14:29:57 info: ======= ENV: development =======
2022-04-05 14:29:57 info: 🚀 App listening on the port 5000
2022-04-05 14:29:57 info: =================================
2022-04-05 14:30:09 info: =================================
2022-04-05 14:30:09 info: ======= ENV: development =======
2022-04-05 14:30:09 info: 🚀 App listening on the port 5000
2022-04-05 14:30:09 info: =================================
2022-04-05 14:30:22 info: =================================
2022-04-05 14:30:22 info: ======= ENV: development =======
2022-04-05 14:30:22 info: 🚀 App listening on the port 5000
2022-04-05 14:30:22 info: =================================
2022-04-05 14:30:31 info: =================================
2022-04-05 14:30:31 info: ======= ENV: development =======
2022-04-05 14:30:31 info: 🚀 App listening on the port 5000
2022-04-05 14:30:31 info: =================================
2022-04-05 14:30:37 info: =================================
2022-04-05 14:30:37 info: ======= ENV: development =======
2022-04-05 14:30:37 info: 🚀 App listening on the port 5000
2022-04-05 14:30:37 info: =================================
2022-04-05 14:30:47 info: =================================
2022-04-05 14:30:47 info: ======= ENV: development =======
2022-04-05 14:30:47 info: 🚀 App listening on the port 5000
2022-04-05 14:30:47 info: =================================
2022-04-05 14:32:07 info: =================================
2022-04-05 14:32:07 info: ======= ENV: development =======
2022-04-05 14:32:07 info: 🚀 App listening on the port 5000
2022-04-05 14:32:07 info: =================================
2022-04-05 14:32:56 info: =================================
2022-04-05 14:32:56 info: ======= ENV: development =======
2022-04-05 14:32:56 info: 🚀 App listening on the port 5000
2022-04-05 14:32:56 info: =================================
2022-04-05 14:33:47 info: =================================
2022-04-05 14:33:47 info: ======= ENV: development =======
2022-04-05 14:33:47 info: 🚀 App listening on the port 5000
2022-04-05 14:33:47 info: =================================
2022-04-05 14:35:19 info: =================================
2022-04-05 14:35:19 info: ======= ENV: development =======
2022-04-05 14:35:19 info: 🚀 App listening on the port 5000
2022-04-05 14:35:19 info: =================================
2022-04-05 14:35:34 info: =================================
2022-04-05 14:35:34 info: ======= ENV: development =======
2022-04-05 14:35:34 info: 🚀 App listening on the port 5000
2022-04-05 14:35:34 info: =================================
2022-04-05 14:35:57 info: =================================
2022-04-05 14:35:57 info: ======= ENV: development =======
2022-04-05 14:35:57 info: 🚀 App listening on the port 5000
2022-04-05 14:35:57 info: =================================
2022-04-05 14:36:18 info: =================================
2022-04-05 14:36:18 info: ======= ENV: development =======
2022-04-05 14:36:18 info: 🚀 App listening on the port 5000
2022-04-05 14:36:18 info: =================================
2022-04-05 14:37:49 info: =================================
2022-04-05 14:37:49 info: ======= ENV: development =======
2022-04-05 14:37:49 info: 🚀 App listening on the port 5000
2022-04-05 14:37:49 info: =================================
2022-04-05 14:38:13 info: =================================
2022-04-05 14:38:13 info: ======= ENV: development =======
2022-04-05 14:38:13 info: 🚀 App listening on the port 5000
2022-04-05 14:38:13 info: =================================
2022-04-05 14:38:20 info: =================================
2022-04-05 14:38:20 info: ======= ENV: development =======
2022-04-05 14:38:20 info: 🚀 App listening on the port 5000
2022-04-05 14:38:20 info: =================================
2022-04-05 14:39:25 info: =================================
2022-04-05 14:39:25 info: ======= ENV: development =======
2022-04-05 14:39:25 info: 🚀 App listening on the port 5000
2022-04-05 14:39:25 info: =================================
2022-04-05 14:39:36 info: =================================
2022-04-05 14:39:36 info: ======= ENV: development =======
2022-04-05 14:39:36 info: 🚀 App listening on the port 5000
2022-04-05 14:39:36 info: =================================
2022-04-05 14:41:11 info: =================================
2022-04-05 14:41:11 info: ======= ENV: development =======
2022-04-05 14:41:11 info: 🚀 App listening on the port 5000
2022-04-05 14:41:11 info: =================================
2022-04-05 14:46:35 info: =================================
2022-04-05 14:46:35 info: ======= ENV: development =======
2022-04-05 14:46:35 info: 🚀 App listening on the port 5000
2022-04-05 14:46:35 info: =================================
2022-04-05 14:47:04 info: =================================
2022-04-05 14:47:04 info: ======= ENV: development =======
2022-04-05 14:47:04 info: 🚀 App listening on the port 5000
2022-04-05 14:47:04 info: =================================
2022-04-05 14:47:15 info: =================================
2022-04-05 14:47:15 info: ======= ENV: development =======
2022-04-05 14:47:15 info: 🚀 App listening on the port 5000
2022-04-05 14:47:15 info: =================================
2022-04-05 14:47:33 info: =================================
2022-04-05 14:47:33 info: ======= ENV: development =======
2022-04-05 14:47:33 info: 🚀 App listening on the port 5000
2022-04-05 14:47:33 info: =================================
2022-04-05 14:48:06 info: =================================
2022-04-05 14:48:06 info: ======= ENV: development =======
2022-04-05 14:48:06 info: 🚀 App listening on the port 5000
2022-04-05 14:48:06 info: =================================
2022-04-05 14:48:23 info: =================================
2022-04-05 14:48:23 info: ======= ENV: development =======
2022-04-05 14:48:23 info: 🚀 App listening on the port 5000
2022-04-05 14:48:23 info: =================================
2022-04-05 14:53:42 info: [0mGET /api-docs [36m301[0m 5.480 ms - 183[0m
2022-04-05 14:53:42 info: [0mGET /api-docs/ [32m200[0m 5.335 ms - 1021[0m
2022-04-05 14:53:42 info: [0mGET /api-docs/swagger-load.js [32m200[0m 9.408 ms - 604[0m
2022-04-05 14:53:42 info: [0mGET /api-docs/swagger-ui.css [32m200[0m 14.865 ms - -[0m
2022-04-05 14:53:42 info: [0mGET /api-docs/swagger-ui-standalone-preset.js [32m200[0m 10.372 ms - -[0m
2022-04-05 14:53:42 info: [0mGET /api-docs/swagger-ui-bundle.js [32m200[0m 13.748 ms - -[0m
2022-04-05 14:53:42 info: [0mGET /swagger.yaml [32m200[0m 2.592 ms - -[0m
2022-04-05 14:53:42 info: [0mGET /api-docs/favicon-32x32.png [32m200[0m 2.928 ms - 628[0m
2022-04-05 14:55:58 info: =================================
2022-04-05 14:55:58 info: ======= ENV: development =======
2022-04-05 14:55:58 info: 🚀 App listening on the port 5000
2022-04-05 14:55:58 info: =================================
2022-04-05 14:56:02 info: [0mGET /api-docs/ [36m304[0m 6.101 ms - -[0m
2022-04-05 14:56:02 info: [0mGET /api-docs/swagger-ui.css [36m304[0m 6.862 ms - -[0m
2022-04-05 14:56:02 info: [0mGET /api-docs/swagger-ui-bundle.js [36m304[0m 4.704 ms - -[0m
2022-04-05 14:56:02 info: [0mGET /api-docs/swagger-ui-standalone-preset.js [36m304[0m 4.945 ms - -[0m
2022-04-05 14:56:02 info: [0mGET /api-docs/swagger-load.js [36m304[0m 5.155 ms - -[0m
2022-04-05 14:56:02 info: [0mGET /api-docs/favicon-32x32.png [36m304[0m 2.245 ms - -[0m
2022-04-05 14:56:02 info: [0mGET /swagger.yaml [32m200[0m 5.271 ms - -[0m
2022-04-05 14:56:12 info: [0mGET /api-docs/favicon-32x32.png [36m304[0m 1.257 ms - -[0m
2022-04-05 14:56:19 info: [0mGET /api/admin/user-details/employee [32m200[0m 18.915 ms - 952[0m
2022-04-05 14:57:12 info: =================================
2022-04-05 14:57:12 info: ======= ENV: development =======
2022-04-05 14:57:12 info: 🚀 App listening on the port 5000
2022-04-05 14:57:12 info: =================================
2022-04-05 14:57:16 info: [0mGET /api-docs/ [36m304[0m 5.528 ms - -[0m
2022-04-05 14:57:16 info: [0mGET /api-docs/swagger-ui.css [36m304[0m 2.669 ms - -[0m
2022-04-05 14:57:16 info: [0mGET /api-docs/swagger-ui-bundle.js [36m304[0m 2.931 ms - -[0m
2022-04-05 14:57:16 info: [0mGET /api-docs/swagger-ui-standalone-preset.js [36m304[0m 2.713 ms - -[0m
2022-04-05 14:57:16 info: [0mGET /api-docs/swagger-load.js [36m304[0m 3.487 ms - -[0m
2022-04-05 14:57:16 info: [0mGET /api-docs/favicon-32x32.png [36m304[0m 2.175 ms - -[0m
2022-04-05 14:57:16 info: [0mGET /swagger.yaml [32m200[0m 6.188 ms - -[0m
2022-04-05 14:57:19 info: [0mGET /api-docs/favicon-32x32.png [36m304[0m 0.781 ms - -[0m
2022-04-05 14:57:21 info: [0mGET /api-docs/favicon-32x32.png [36m304[0m 1.730 ms - -[0m
2022-04-05 14:58:15 info: =================================
2022-04-05 14:58:15 info: ======= ENV: development =======
2022-04-05 14:58:15 info: 🚀 App listening on the port 5000
2022-04-05 14:58:15 info: =================================
2022-04-05 14:58:35 info: =================================
2022-04-05 14:58:35 info: ======= ENV: development =======
2022-04-05 14:58:35 info: 🚀 App listening on the port 5000
2022-04-05 14:58:35 info: =================================
2022-04-05 14:59:34 info: =================================
2022-04-05 14:59:34 info: ======= ENV: development =======
2022-04-05 14:59:34 info: 🚀 App listening on the port 5000
2022-04-05 14:59:34 info: =================================
2022-04-05 14:59:52 info: =================================
2022-04-05 14:59:52 info: ======= ENV: development =======
2022-04-05 14:59:52 info: 🚀 App listening on the port 5000
2022-04-05 14:59:52 info: =================================
2022-04-05 15:00:03 info: =================================
2022-04-05 15:00:03 info: ======= ENV: development =======
2022-04-05 15:00:03 info: 🚀 App listening on the port 5000
2022-04-05 15:00:03 info: =================================
2022-04-05 15:00:03 info: [0mGET /api-docs/ [36m304[0m 18.584 ms - -[0m
2022-04-05 15:00:03 info: [0mGET /api-docs/swagger-ui.css [36m304[0m 4.109 ms - -[0m
2022-04-05 15:00:03 info: [0mGET /api-docs/swagger-ui-bundle.js [36m304[0m 2.618 ms - -[0m
2022-04-05 15:00:03 info: [0mGET /api-docs/swagger-ui-standalone-preset.js [36m304[0m 2.971 ms - -[0m
2022-04-05 15:00:03 info: [0mGET /api-docs/swagger-load.js [36m304[0m 1.950 ms - -[0m
2022-04-05 15:00:03 info: [0mGET /swagger.yaml [36m304[0m 0.771 ms - -[0m
2022-04-05 15:00:03 info: [0mGET /api-docs/favicon-32x32.png [36m304[0m 1.437 ms - -[0m
2022-04-05 15:00:07 info: [0mGET /api/admin/users/gererate-docs?type=welcome-letter&id=624595fb4bebb40d28f8d7db [32m200[0m 11.903 ms - 18[0m
2022-04-05 15:01:27 info: =================================
2022-04-05 15:01:27 info: ======= ENV: development =======
2022-04-05 15:01:27 info: 🚀 App listening on the port 5000
2022-04-05 15:01:27 info: =================================
2022-04-05 15:01:30 info: [0mGET /api-docs/ [36m304[0m 5.171 ms - -[0m
2022-04-05 15:01:30 info: [0mGET /api-docs/swagger-ui.css [36m304[0m 2.319 ms - -[0m
2022-04-05 15:01:30 info: [0mGET /api-docs/swagger-ui-bundle.js [36m304[0m 3.309 ms - -[0m
2022-04-05 15:01:30 info: [0mGET /api-docs/swagger-ui-standalone-preset.js [36m304[0m 3.411 ms - -[0m
2022-04-05 15:01:30 info: [0mGET /api-docs/swagger-load.js [36m304[0m 3.902 ms - -[0m
2022-04-05 15:01:30 info: [0mGET /swagger.yaml [36m304[0m 0.822 ms - -[0m
2022-04-05 15:01:30 info: [0mGET /api-docs/favicon-32x32.png [36m304[0m 1.097 ms - -[0m
2022-04-05 15:01:34 info: [0mGET /api/admin/users/gererate-docs?type=welcome-letter&id=624595fb4bebb40d28f8d7db [36m304[0m 13.604 ms - -[0m
2022-04-05 15:02:19 info: =================================
2022-04-05 15:02:19 info: ======= ENV: development =======
2022-04-05 15:02:19 info: 🚀 App listening on the port 5000
2022-04-05 15:02:19 info: =================================
2022-04-05 15:02:40 info: =================================
2022-04-05 15:02:40 info: ======= ENV: development =======
2022-04-05 15:02:40 info: 🚀 App listening on the port 5000
2022-04-05 15:02:40 info: =================================
2022-04-05 15:02:42 info: [0mGET /api/admin/users/gererate-docs?type=welcome-letter&id=624595fb4bebb40d28f8d7db [36m304[0m 17.413 ms - -[0m
2022-04-05 15:03:27 info: =================================
2022-04-05 15:03:27 info: ======= ENV: development =======
2022-04-05 15:03:27 info: 🚀 App listening on the port 5000
2022-04-05 15:03:27 info: =================================
2022-04-05 15:04:17 info: [0mGET /api-docs/ [36m304[0m 6.990 ms - -[0m
2022-04-05 15:04:17 info: [0mGET /api-docs/swagger-ui.css [36m304[0m 2.856 ms - -[0m
2022-04-05 15:04:17 info: [0mGET /api-docs/swagger-ui-bundle.js [36m304[0m 1.905 ms - -[0m
2022-04-05 15:04:17 info: [0mGET /api-docs/swagger-ui-standalone-preset.js [36m304[0m 2.249 ms - -[0m
2022-04-05 15:04:17 info: [0mGET /api-docs/swagger-load.js [36m304[0m 0.949 ms - -[0m
2022-04-05 15:04:17 info: [0mGET /swagger.yaml [36m304[0m 1.421 ms - -[0m
2022-04-05 15:04:17 info: [0mGET /api-docs/favicon-32x32.png [36m304[0m 0.903 ms - -[0m
2022-04-05 15:04:21 info: [0mGET /api/admin/users/gererate-docs?type=welcome-letter&id=624595fb4bebb40d28f8d7db [36m304[0m 12.900 ms - -[0m
2022-04-05 15:06:03 info: =================================
2022-04-05 15:06:03 info: ======= ENV: development =======
2022-04-05 15:06:03 info: 🚀 App listening on the port 5000
2022-04-05 15:06:03 info: =================================
2022-04-05 15:06:58 info: =================================
2022-04-05 15:06:58 info: ======= ENV: development =======
2022-04-05 15:06:58 info: 🚀 App listening on the port 5000
2022-04-05 15:06:58 info: =================================
2022-04-05 15:07:11 info: =================================
2022-04-05 15:07:11 info: ======= ENV: development =======
2022-04-05 15:07:11 info: 🚀 App listening on the port 5000
2022-04-05 15:07:11 info: =================================
2022-04-05 15:07:21 info: =================================
2022-04-05 15:07:21 info: ======= ENV: development =======
2022-04-05 15:07:21 info: 🚀 App listening on the port 5000
2022-04-05 15:07:21 info: =================================
2022-04-05 15:07:24 info: [0mGET /api-docs/ [36m304[0m 6.445 ms - -[0m
2022-04-05 15:07:24 info: [0mGET /api-docs/swagger-ui.css [36m304[0m 3.374 ms - -[0m
2022-04-05 15:07:24 info: [0mGET /api-docs/swagger-ui-bundle.js [36m304[0m 1.871 ms - -[0m
2022-04-05 15:07:24 info: [0mGET /api-docs/swagger-ui-standalone-preset.js [36m304[0m 2.143 ms - -[0m
2022-04-05 15:07:24 info: [0mGET /api-docs/swagger-load.js [36m304[0m 1.561 ms - -[0m
2022-04-05 15:07:24 info: [0mGET /swagger.yaml [36m304[0m 0.738 ms - -[0m
2022-04-05 15:07:24 info: [0mGET /api-docs/favicon-32x32.png [36m304[0m 2.422 ms - -[0m
2022-04-05 15:07:28 info: [0mGET /api/admin/users/gererate-docs?type=welcome-letter&id=624595fb4bebb40d28f8d7db [36m304[0m 11.813 ms - -[0m
2022-04-05 15:08:51 info: =================================
2022-04-05 15:08:51 info: ======= ENV: development =======
2022-04-05 15:08:51 info: 🚀 App listening on the port 5000
2022-04-05 15:08:51 info: =================================
2022-04-05 15:08:55 info: [0mGET /api/admin/users/gererate-docs?type=welcome-letter&id=624595fb4bebb40d28f8d7db [36m304[0m 15.722 ms - -[0m
2022-04-05 15:09:32 info: =================================
2022-04-05 15:09:32 info: ======= ENV: development =======
2022-04-05 15:09:32 info: 🚀 App listening on the port 5000
2022-04-05 15:09:32 info: =================================
2022-04-05 15:09:40 info: [0mGET /api/admin/users/gererate-docs?type=welcome-letter&id=624595fb4bebb40d28f8d7db [36m304[0m 16.334 ms - -[0m
2022-04-05 15:10:45 info: =================================
2022-04-05 15:10:45 info: ======= ENV: development =======
2022-04-05 15:10:45 info: 🚀 App listening on the port 5000
2022-04-05 15:10:45 info: =================================
2022-04-05 15:11:33 info: =================================
2022-04-05 15:11:33 info: ======= ENV: development =======
2022-04-05 15:11:33 info: 🚀 App listening on the port 5000
2022-04-05 15:11:33 info: =================================
2022-04-05 15:12:21 info: =================================
2022-04-05 15:12:21 info: ======= ENV: development =======
2022-04-05 15:12:21 info: 🚀 App listening on the port 5000
2022-04-05 15:12:21 info: =================================
2022-04-05 15:12:27 info: [0mGET /api-docs/ [36m304[0m 5.698 ms - -[0m
2022-04-05 15:12:27 info: [0mGET /api-docs/swagger-ui.css [36m304[0m 1.883 ms - -[0m
2022-04-05 15:12:27 info: [0mGET /api-docs/swagger-ui-bundle.js [36m304[0m 1.874 ms - -[0m
2022-04-05 15:12:27 info: [0mGET /api-docs/swagger-ui-standalone-preset.js [36m304[0m 2.310 ms - -[0m
2022-04-05 15:12:27 info: [0mGET /api-docs/swagger-load.js [36m304[0m 1.684 ms - -[0m
2022-04-05 15:12:27 info: [0mGET /swagger.yaml [36m304[0m 1.286 ms - -[0m
2022-04-05 15:12:27 info: [0mGET /api-docs/favicon-32x32.png [36m304[0m 1.081 ms - -[0m
2022-04-05 15:12:32 info: [0mGET /api/admin/users/gererate-docs?type=welcome-letter&id=624595fb4bebb40d28f8d7db [36m304[0m 12.193 ms - -[0m
2022-04-05 15:16:37 info: =================================
2022-04-05 15:16:37 info: ======= ENV: development =======
2022-04-05 15:16:37 info: 🚀 App listening on the port 5000
2022-04-05 15:16:37 info: =================================
2022-04-05 15:16:42 info: =================================
2022-04-05 15:16:42 info: ======= ENV: development =======
2022-04-05 15:16:42 info: 🚀 App listening on the port 5000
2022-04-05 15:16:42 info: =================================
2022-04-05 15:16:50 info: [0mGET /api-docs/ [36m304[0m 5.201 ms - -[0m
2022-04-05 15:16:50 info: [0mGET /api-docs/swagger-ui.css [36m304[0m 3.336 ms - -[0m
2022-04-05 15:16:51 info: [0mGET /api-docs/swagger-ui-bundle.js [36m304[0m 2.851 ms - -[0m
2022-04-05 15:16:51 info: [0mGET /api-docs/swagger-ui-standalone-preset.js [36m304[0m 2.899 ms - -[0m
2022-04-05 15:16:51 info: [0mGET /api-docs/swagger-load.js [36m304[0m 3.308 ms - -[0m
2022-04-05 15:16:51 info: [0mGET /swagger.yaml [36m304[0m 2.218 ms - -[0m
2022-04-05 15:16:51 info: [0mGET /api-docs/favicon-32x32.png [36m304[0m 1.419 ms - -[0m
2022-04-05 15:16:54 info: [0mGET /api/admin/users/gererate-docs?type=welcome-letter&id=624595fb4bebb40d28f8d7db [36m304[0m 11.776 ms - -[0m
2022-04-05 15:17:27 info: =================================
2022-04-05 15:17:27 info: ======= ENV: development =======
2022-04-05 15:17:27 info: 🚀 App listening on the port 5000
2022-04-05 15:17:27 info: =================================
2022-04-05 15:17:29 info: [0mGET /api/admin/users/gererate-docs?type=welcome-letter&id=624595fb4bebb40d28f8d7db [36m304[0m 15.794 ms - -[0m
2022-04-05 15:18:07 info: =================================
2022-04-05 15:18:07 info: ======= ENV: development =======
2022-04-05 15:18:07 info: 🚀 App listening on the port 5000
2022-04-05 15:18:07 info: =================================
2022-04-05 15:18:12 info: =================================
2022-04-05 15:18:12 info: ======= ENV: development =======
2022-04-05 15:18:12 info: 🚀 App listening on the port 5000
2022-04-05 15:18:12 info: =================================
2022-04-05 15:18:56 info: =================================
2022-04-05 15:18:56 info: ======= ENV: development =======
2022-04-05 15:18:56 info: 🚀 App listening on the port 5000
2022-04-05 15:18:56 info: =================================
2022-04-05 15:19:10 info: =================================
2022-04-05 15:19:10 info: ======= ENV: development =======
2022-04-05 15:19:10 info: 🚀 App listening on the port 5000
2022-04-05 15:19:10 info: =================================
2022-04-05 15:19:15 info: =================================
2022-04-05 15:19:15 info: ======= ENV: development =======
2022-04-05 15:19:15 info: 🚀 App listening on the port 5000
2022-04-05 15:19:15 info: =================================
2022-04-05 15:19:23 info: [0mGET /api-docs/ [36m304[0m 6.829 ms - -[0m
2022-04-05 15:19:23 info: [0mGET /api-docs/swagger-ui.css [36m304[0m 2.199 ms - -[0m
2022-04-05 15:19:23 info: [0mGET /api-docs/swagger-ui-bundle.js [36m304[0m 2.342 ms - -[0m
2022-04-05 15:19:23 info: [0mGET /api-docs/swagger-ui-standalone-preset.js [36m304[0m 3.341 ms - -[0m
2022-04-05 15:19:23 info: [0mGET /api-docs/swagger-load.js [36m304[0m 5.752 ms - -[0m
2022-04-05 15:19:23 info: [0mGET /swagger.yaml [36m304[0m 0.705 ms - -[0m
2022-04-05 15:19:23 info: [0mGET /api-docs/favicon-32x32.png [36m304[0m 2.119 ms - -[0m
2022-04-05 15:19:26 info: [0mGET /api/admin/users/gererate-docs?type=welcome-letter&id=624595fb4bebb40d28f8d7db [36m304[0m 11.997 ms - -[0m
2022-04-05 15:20:10 info: =================================
2022-04-05 15:20:10 info: ======= ENV: development =======
2022-04-05 15:20:10 info: 🚀 App listening on the port 5000
2022-04-05 15:20:10 info: =================================
2022-04-05 15:20:14 info: [0mGET /api-docs/ [36m304[0m 4.878 ms - -[0m
2022-04-05 15:20:14 info: [0mGET /api-docs/swagger-ui.css [36m304[0m 1.854 ms - -[0m
2022-04-05 15:20:14 info: [0mGET /api-docs/swagger-ui-bundle.js [36m304[0m 5.123 ms - -[0m
2022-04-05 15:20:14 info: [0mGET /api-docs/swagger-ui-standalone-preset.js [36m304[0m 4.591 ms - -[0m
2022-04-05 15:20:14 info: [0mGET /api-docs/swagger-load.js [36m304[0m 3.913 ms - -[0m
2022-04-05 15:20:14 info: [0mGET /swagger.yaml [36m304[0m 0.892 ms - -[0m
2022-04-05 15:20:14 info: [0mGET /api-docs/favicon-32x32.png [36m304[0m 1.003 ms - -[0m
2022-04-05 15:20:18 info: [0mGET /api/admin/users/gererate-docs?type=welcome-letter&id=624595fb4bebb40d28f8d7db [36m304[0m 11.276 ms - -[0m
2022-04-05 15:21:50 info: =================================
2022-04-05 15:21:50 info: ======= ENV: development =======
2022-04-05 15:21:50 info: 🚀 App listening on the port 5000
2022-04-05 15:21:50 info: =================================
2022-04-05 15:22:09 info: =================================
2022-04-05 15:22:09 info: ======= ENV: development =======
2022-04-05 15:22:09 info: 🚀 App listening on the port 5000
2022-04-05 15:22:09 info: =================================
2022-04-05 15:22:46 info: =================================
2022-04-05 15:22:46 info: ======= ENV: development =======
2022-04-05 15:22:46 info: 🚀 App listening on the port 5000
2022-04-05 15:22:46 info: =================================
2022-04-05 15:22:59 info: =================================
2022-04-05 15:22:59 info: ======= ENV: development =======
2022-04-05 15:22:59 info: 🚀 App listening on the port 5000
2022-04-05 15:22:59 info: =================================
2022-04-05 15:23:02 info: [0mGET /api/admin/users/gererate-docs?type=welcome-letter&id=624595fb4bebb40d28f8d7db [32m200[0m 17.377 ms - 34[0m
2022-04-05 15:23:28 info: =================================
2022-04-05 15:23:28 info: ======= ENV: development =======
2022-04-05 15:23:28 info: 🚀 App listening on the port 5000
2022-04-05 15:23:28 info: =================================
2022-04-05 15:23:47 info: =================================
2022-04-05 15:23:47 info: ======= ENV: development =======
2022-04-05 15:23:47 info: 🚀 App listening on the port 5000
2022-04-05 15:23:47 info: =================================
2022-04-05 15:24:07 info: =================================
2022-04-05 15:24:07 info: ======= ENV: development =======
2022-04-05 15:24:07 info: 🚀 App listening on the port 5000
2022-04-05 15:24:07 info: =================================
2022-04-05 15:24:23 info: =================================
2022-04-05 15:24:23 info: ======= ENV: development =======
2022-04-05 15:24:23 info: 🚀 App listening on the port 5000
2022-04-05 15:24:23 info: =================================
2022-04-05 15:24:33 info: [0mGET /api/admin/users/gererate-docs?type=welcome-letter&id=624595fb4bebb40d28f8d7db [32m200[0m 15.374 ms - 47[0m
2022-04-05 15:26:11 info: =================================
2022-04-05 15:26:11 info: ======= ENV: development =======
2022-04-05 15:26:11 info: 🚀 App listening on the port 5000
2022-04-05 15:26:11 info: =================================
2022-04-05 15:26:44 info: =================================
2022-04-05 15:26:44 info: ======= ENV: development =======
2022-04-05 15:26:44 info: 🚀 App listening on the port 5000
2022-04-05 15:26:44 info: =================================
2022-04-05 15:26:48 info: [0mGET /api/admin/users/gererate-docs?type=welcome-letter&id=624595fb4bebb40d28f8d7db [32m200[0m 19.149 ms - 48[0m
2022-04-05 15:30:24 info: =================================
2022-04-05 15:30:24 info: ======= ENV: development =======
2022-04-05 15:30:24 info: 🚀 App listening on the port 5000
2022-04-05 15:30:24 info: =================================
2022-04-05 15:30:53 info: =================================
2022-04-05 15:30:53 info: ======= ENV: development =======
2022-04-05 15:30:53 info: 🚀 App listening on the port 5000
2022-04-05 15:30:53 info: =================================
2022-04-05 15:30:59 info: =================================
2022-04-05 15:30:59 info: ======= ENV: development =======
2022-04-05 15:30:59 info: 🚀 App listening on the port 5000
2022-04-05 15:30:59 info: =================================
2022-04-05 15:31:12 info: =================================
2022-04-05 15:31:12 info: ======= ENV: development =======
2022-04-05 15:31:12 info: 🚀 App listening on the port 5000
2022-04-05 15:31:12 info: =================================
2022-04-05 15:31:18 info: =================================
2022-04-05 15:31:18 info: ======= ENV: development =======
2022-04-05 15:31:18 info: 🚀 App listening on the port 5000
2022-04-05 15:31:18 info: =================================
2022-04-05 15:31:47 info: =================================
2022-04-05 15:31:47 info: ======= ENV: development =======
2022-04-05 15:31:47 info: 🚀 App listening on the port 5000
2022-04-05 15:31:47 info: =================================
2022-04-05 15:31:52 info: =================================
2022-04-05 15:31:52 info: ======= ENV: development =======
2022-04-05 15:31:52 info: 🚀 App listening on the port 5000
2022-04-05 15:31:52 info: =================================
2022-04-05 15:32:28 info: =================================
2022-04-05 15:32:28 info: ======= ENV: development =======
2022-04-05 15:32:28 info: 🚀 App listening on the port 5000
2022-04-05 15:32:28 info: =================================
2022-04-05 15:32:33 info: [0mGET /api/admin/users/gererate-docs?type=welcome-letter&id=624595fb4bebb40d28f8d7db [32m200[0m 19.577 ms - 46[0m
2022-04-05 15:33:11 info: =================================
2022-04-05 15:33:11 info: ======= ENV: development =======
2022-04-05 15:33:11 info: 🚀 App listening on the port 5000
2022-04-05 15:33:11 info: =================================
2022-04-05 15:33:34 info: =================================
2022-04-05 15:33:34 info: ======= ENV: development =======
2022-04-05 15:33:34 info: 🚀 App listening on the port 5000
2022-04-05 15:33:34 info: =================================
2022-04-05 15:33:40 info: [0mGET /api-docs/favicon-32x32.png [36m304[0m 7.156 ms - -[0m
2022-04-05 15:33:47 info: [0mGET /api/admin/user-details/employee [36m304[0m 16.011 ms - -[0m
2022-04-05 15:34:07 info: [0mGET /api/admin/users/gererate-docs?type=welcome-letter&id=624595fb4bebb40d28f8d7db [32m200[0m 14.169 ms - 34[0m
2022-04-05 15:35:02 info: =================================
2022-04-05 15:35:02 info: ======= ENV: development =======
2022-04-05 15:35:02 info: 🚀 App listening on the port 5000
2022-04-05 15:35:02 info: =================================
2022-04-05 15:35:13 info: =================================
2022-04-05 15:35:13 info: ======= ENV: development =======
2022-04-05 15:35:13 info: 🚀 App listening on the port 5000
2022-04-05 15:35:13 info: =================================
2022-04-05 15:35:33 info: [0mGET /api-docs/ [36m304[0m 6.153 ms - -[0m
2022-04-05 15:35:33 info: [0mGET /api-docs/swagger-ui.css [36m304[0m 7.436 ms - -[0m
2022-04-05 15:35:33 info: [0mGET /api-docs/swagger-ui-bundle.js [36m304[0m 5.430 ms - -[0m
2022-04-05 15:35:33 info: [0mGET /api-docs/swagger-ui-standalone-preset.js [36m304[0m 5.353 ms - -[0m
2022-04-05 15:35:33 info: [0mGET /api-docs/swagger-load.js [36m304[0m 5.789 ms - -[0m
2022-04-05 15:35:34 info: [0mGET /swagger.yaml [36m304[0m 1.227 ms - -[0m
2022-04-05 15:35:34 info: [0mGET /api-docs/favicon-32x32.png [36m304[0m 1.707 ms - -[0m
2022-04-05 15:35:39 info: [0mGET /api-docs/favicon-32x32.png [36m304[0m 0.900 ms - -[0m
2022-04-05 15:35:43 info: [0mGET /api/admin/users/gererate-docs?type=welcome-letter&id=624595fb4bebb40d28f8d7db [32m200[0m 17.305 ms - 18[0m
2022-04-05 15:36:06 info: =================================
2022-04-05 15:36:06 info: ======= ENV: development =======
2022-04-05 15:36:06 info: 🚀 App listening on the port 5000
2022-04-05 15:36:06 info: =================================
2022-04-05 15:36:07 info: [0mGET /api-docs/favicon-32x32.png [36m304[0m 5.124 ms - -[0m
2022-04-05 15:36:23 info: [0mGET /api-docs/favicon-32x32.png [36m304[0m 1.382 ms - -[0m
2022-04-05 15:36:31 info: [0mGET /api/admin/user-details/employee [36m304[0m 16.965 ms - -[0m
2022-04-05 15:36:48 info: [0mGET /api-docs/favicon-32x32.png [36m304[0m 0.913 ms - -[0m
2022-04-05 15:36:59 info: [0mGET /api/admin/users/gererate-docs?type=welcome-letter&id=624595fb4bebb40d28f8d7db [36m304[0m 12.005 ms - -[0m
2022-04-05 15:38:06 info: =================================
2022-04-05 15:38:06 info: ======= ENV: development =======
2022-04-05 15:38:06 info: 🚀 App listening on the port 5000
2022-04-05 15:38:06 info: =================================
2022-04-05 15:38:07 info: [0mGET /api/admin/users/gererate-docs?type=welcome-letter&id=624595fb4bebb40d28f8d7db [36m304[0m 16.546 ms - -[0m
2022-04-05 15:38:59 info: [0mGET /api/admin/users/gererate-docs?type=welcome-letter&id=62458c63ac76c81e747e26cd [32m200[0m 8.595 ms - 18[0m
2022-04-05 15:49:40 info: =================================
2022-04-05 15:49:40 info: ======= ENV: development =======
2022-04-05 15:49:40 info: 🚀 App listening on the port 5000
2022-04-05 15:49:40 info: =================================
2022-04-05 15:50:15 info: =================================
2022-04-05 15:50:15 info: ======= ENV: development =======
2022-04-05 15:50:15 info: 🚀 App listening on the port 5000
2022-04-05 15:50:15 info: =================================
2022-04-05 15:50:24 info: =================================
2022-04-05 15:50:24 info: ======= ENV: development =======
2022-04-05 15:50:24 info: 🚀 App listening on the port 5000
2022-04-05 15:50:24 info: =================================
2022-04-05 15:50:32 info: =================================
2022-04-05 15:50:32 info: ======= ENV: development =======
2022-04-05 15:50:32 info: 🚀 App listening on the port 5000
2022-04-05 15:50:32 info: =================================
2022-04-05 15:50:38 info: [0mGET /api-docs/ [36m304[0m 5.345 ms - -[0m
2022-04-05 15:50:39 info: [0mGET /api-docs/swagger-ui.css [36m304[0m 2.176 ms - -[0m
2022-04-05 15:50:39 info: [0mGET /api-docs/swagger-ui-bundle.js [36m304[0m 4.040 ms - -[0m
2022-04-05 15:50:39 info: [0mGET /api-docs/swagger-ui-standalone-preset.js [36m304[0m 5.203 ms - -[0m
2022-04-05 15:50:39 info: [0mGET /api-docs/swagger-load.js [36m304[0m 5.066 ms - -[0m
2022-04-05 15:50:39 info: [0mGET /swagger.yaml [36m304[0m 0.797 ms - -[0m
2022-04-05 15:50:39 info: [0mGET /api-docs/favicon-32x32.png [36m304[0m 2.299 ms - -[0m
2022-04-05 15:50:44 info: [0mGET /api-docs/favicon-32x32.png [36m304[0m 0.828 ms - -[0m
2022-04-05 15:50:50 info: [0mGET /api/admin/users/export?role=employee [32m200[0m 100.765 ms - 10[0m
2022-04-05 18:19:51 info: =================================
2022-04-05 18:19:51 info: ======= ENV: development =======
2022-04-05 18:19:51 info: 🚀 App listening on the port 5000
2022-04-05 18:19:51 info: =================================
2022-04-05 18:20:20 info: [0mGET /api-docs/ [36m304[0m 10.644 ms - -[0m
2022-04-05 18:20:20 info: [0mGET /api-docs/swagger-ui.css [36m304[0m 4.363 ms - -[0m
2022-04-05 18:20:20 info: [0mGET /api-docs/swagger-ui-bundle.js [36m304[0m 3.593 ms - -[0m
2022-04-05 18:20:20 info: [0mGET /api-docs/swagger-load.js [36m304[0m 1.129 ms - -[0m
2022-04-05 18:20:20 info: [0mGET /api-docs/swagger-ui-standalone-preset.js [36m304[0m 0.843 ms - -[0m
2022-04-05 18:20:20 info: [0mGET /swagger.yaml [32m200[0m 5.567 ms - -[0m
2022-04-05 18:21:34 info: [0mGET /api-docs/ [36m304[0m 1.052 ms - -[0m
2022-04-05 18:21:34 info: [0mGET /api/admin/users/gererate-docs?type=welcome-letter&id=624595fb4bebb40d28f8d7db [0m-[0m - ms - -[0m
2022-04-05 18:21:34 info: [0mGET /api-docs/swagger-ui.css [36m304[0m 2.423 ms - -[0m
2022-04-05 18:21:34 info: [0mGET /api-docs/swagger-ui-bundle.js [36m304[0m 3.157 ms - -[0m
2022-04-05 18:21:34 info: [0mGET /api-docs/swagger-ui-standalone-preset.js [36m304[0m 1.763 ms - -[0m
2022-04-05 18:21:34 info: [0mGET /api-docs/swagger-load.js [36m304[0m 3.227 ms - -[0m
2022-04-05 18:21:34 info: [0mGET /swagger.yaml [36m304[0m 0.901 ms - -[0m
2022-04-05 18:21:34 info: [0mGET /api-docs/favicon-32x32.png [36m304[0m 0.933 ms - -[0m
2022-04-05 18:22:02 info: =================================
2022-04-05 18:22:02 info: ======= ENV: development =======
2022-04-05 18:22:02 info: 🚀 App listening on the port 5000
2022-04-05 18:22:02 info: =================================
2022-04-05 18:42:38 info: =================================
2022-04-05 18:42:38 info: ======= ENV: development =======
2022-04-05 18:42:38 info: 🚀 App listening on the port 5000
2022-04-05 18:42:38 info: =================================
2022-04-05 18:42:41 info: [0mGET /api-docs/ [36m304[0m 6.484 ms - -[0m
2022-04-05 18:42:41 info: [0mGET /api-docs/swagger-ui.css [36m304[0m 2.744 ms - -[0m
2022-04-05 18:42:41 info: [0mGET /api-docs/swagger-ui-bundle.js [36m304[0m 2.696 ms - -[0m
2022-04-05 18:42:41 info: [0mGET /api-docs/swagger-load.js [36m304[0m 1.021 ms - -[0m
2022-04-05 18:42:41 info: [0mGET /api-docs/swagger-ui-standalone-preset.js [36m304[0m 4.689 ms - -[0m
2022-04-05 18:42:41 info: [0mGET /swagger.yaml [36m304[0m 0.938 ms - -[0m
2022-04-05 18:42:41 info: [0mGET /api-docs/favicon-32x32.png [36m304[0m 1.092 ms - -[0m
2022-04-05 18:42:45 info: [0mGET /api/admin/users/gererate-docs?type=welcome-letter&id=624595fb4bebb40d28f8d7db [32m200[0m 11.741 ms - 18[0m
2022-04-05 18:57:47 info: =================================
2022-04-05 18:57:47 info: ======= ENV: development =======
2022-04-05 18:57:47 info: 🚀 App listening on the port 5000
2022-04-05 18:57:47 info: =================================
2022-04-05 18:58:04 info: [0mGET /api/admin/users/gererate-docs?type=welcome-letter&id=624595fb4bebb40d28f8d7db [36m304[0m 16.165 ms - -[0m
2022-04-05 18:58:41 info: =================================
2022-04-05 18:58:41 info: ======= ENV: development =======
2022-04-05 18:58:41 info: 🚀 App listening on the port 5000
2022-04-05 18:58:41 info: =================================
2022-04-05 18:58:58 info: [0mGET /api/admin/users/gererate-docs?type=welcome-letter&id=624595fb4bebb40d28f8d7db [36m304[0m 16.493 ms - -[0m
2022-04-05 18:59:34 info: =================================
2022-04-05 18:59:34 info: ======= ENV: development =======
2022-04-05 18:59:34 info: 🚀 App listening on the port 5000
2022-04-05 18:59:34 info: =================================
2022-04-05 18:59:37 info: [0mGET /api/admin/users/gererate-docs?type=welcome-letter&id=624595fb4bebb40d28f8d7db [36m304[0m 15.980 ms - -[0m
2022-04-05 19:00:07 info: =================================
2022-04-05 19:00:07 info: ======= ENV: development =======
2022-04-05 19:00:07 info: 🚀 App listening on the port 5000
2022-04-05 19:00:07 info: =================================
2022-04-05 19:00:17 info: =================================
2022-04-05 19:00:17 info: ======= ENV: development =======
2022-04-05 19:00:17 info: 🚀 App listening on the port 5000
2022-04-05 19:00:17 info: =================================
2022-04-05 19:00:35 info: =================================
2022-04-05 19:00:35 info: ======= ENV: development =======
2022-04-05 19:00:35 info: 🚀 App listening on the port 5000
2022-04-05 19:00:35 info: =================================
2022-04-05 19:00:37 info: [0mGET /api/admin/users/gererate-docs?type=welcome-letter&id=624595fb4bebb40d28f8d7db [36m304[0m 20.857 ms - -[0m
2022-04-05 19:01:04 info: =================================
2022-04-05 19:01:04 info: ======= ENV: development =======
2022-04-05 19:01:04 info: 🚀 App listening on the port 5000
2022-04-05 19:01:04 info: =================================
2022-04-05 19:01:06 info: [0mGET /api/admin/users/gererate-docs?type=welcome-letter&id=624595fb4bebb40d28f8d7db [36m304[0m 14.540 ms - -[0m
2022-04-05 19:01:26 info: =================================
2022-04-05 19:01:26 info: ======= ENV: development =======
2022-04-05 19:01:26 info: 🚀 App listening on the port 5000
2022-04-05 19:01:26 info: =================================
2022-04-05 19:01:47 info: =================================
2022-04-05 19:01:47 info: ======= ENV: development =======
2022-04-05 19:01:47 info: 🚀 App listening on the port 5000
2022-04-05 19:01:47 info: =================================
2022-04-05 19:01:52 info: =================================
2022-04-05 19:01:52 info: ======= ENV: development =======
2022-04-05 19:01:52 info: 🚀 App listening on the port 5000
2022-04-05 19:01:52 info: =================================
2022-04-05 19:01:54 info: [0mGET /api/admin/users/gererate-docs?type=welcome-letter&id=624595fb4bebb40d28f8d7db [36m304[0m 16.886 ms - -[0m
2022-04-05 19:02:39 info: =================================
2022-04-05 19:02:39 info: ======= ENV: development =======
2022-04-05 19:02:39 info: 🚀 App listening on the port 5000
2022-04-05 19:02:39 info: =================================
2022-04-05 19:02:46 info: =================================
2022-04-05 19:02:46 info: ======= ENV: development =======
2022-04-05 19:02:46 info: 🚀 App listening on the port 5000
2022-04-05 19:02:46 info: =================================
2022-04-05 19:02:53 info: [0mGET /api/admin/users/gererate-docs?type=welcome-letter&id=624595fb4bebb40d28f8d7db [36m304[0m 19.852 ms - -[0m
2022-04-05 19:03:34 info: =================================
2022-04-05 19:03:34 info: ======= ENV: development =======
2022-04-05 19:03:34 info: 🚀 App listening on the port 5000
2022-04-05 19:03:34 info: =================================
2022-04-05 19:03:47 info: [0mGET /api/admin/users/gererate-docs?type=welcome-letter&id=624595fb4bebb40d28f8d7db [36m304[0m 4985.242 ms - -[0m
2022-04-05 19:13:07 info: =================================
2022-04-05 19:13:07 info: ======= ENV: development =======
2022-04-05 19:13:07 info: 🚀 App listening on the port 5000
2022-04-05 19:13:07 info: =================================
2022-04-05 19:15:08 info: =================================
2022-04-05 19:15:08 info: ======= ENV: development =======
2022-04-05 19:15:08 info: 🚀 App listening on the port 5000
2022-04-05 19:15:08 info: =================================
2022-04-05 19:15:17 info: [0mGET /api/admin/users/gererate-docs?type=welcome-letter&id=624595fb4bebb40d28f8d7db [36m304[0m 19.577 ms - -[0m
2022-04-05 19:16:00 info: =================================
2022-04-05 19:16:00 info: ======= ENV: development =======
2022-04-05 19:16:00 info: 🚀 App listening on the port 5000
2022-04-05 19:16:00 info: =================================
2022-04-05 19:16:06 info: [0mGET /api/admin/users/gererate-docs?type=welcome-letter&id=624595fb4bebb40d28f8d7db [36m304[0m 18.517 ms - -[0m
2022-04-05 19:17:40 info: =================================
2022-04-05 19:17:40 info: ======= ENV: development =======
2022-04-05 19:17:40 info: 🚀 App listening on the port 5000
2022-04-05 19:17:40 info: =================================
2022-04-05 19:17:44 info: [0mGET /api/admin/users/gererate-docs?type=welcome-letter&id=624595fb4bebb40d28f8d7db [36m304[0m 21.595 ms - -[0m
2022-04-05 19:18:36 info: =================================
2022-04-05 19:18:36 info: ======= ENV: development =======
2022-04-05 19:18:36 info: 🚀 App listening on the port 5000
2022-04-05 19:18:36 info: =================================
2022-04-05 19:19:05 info: =================================
2022-04-05 19:19:05 info: ======= ENV: development =======
2022-04-05 19:19:05 info: 🚀 App listening on the port 5000
2022-04-05 19:19:05 info: =================================
2022-04-05 19:19:09 info: [0mGET /api-docs/ [36m304[0m 7.498 ms - -[0m
2022-04-05 19:19:09 info: [0mGET /api-docs/swagger-ui.css [36m304[0m 2.755 ms - -[0m
2022-04-05 19:19:09 info: [0mGET /api-docs/swagger-ui-bundle.js [36m304[0m 2.889 ms - -[0m
2022-04-05 19:19:09 info: [0mGET /api-docs/swagger-ui-standalone-preset.js [36m304[0m 1.717 ms - -[0m
2022-04-05 19:19:09 info: [0mGET /api-docs/swagger-load.js [36m304[0m 2.088 ms - -[0m
2022-04-05 19:19:09 info: [0mGET /swagger.yaml [36m304[0m 0.851 ms - -[0m
2022-04-05 19:19:09 info: [0mGET /api-docs/favicon-32x32.png [36m304[0m 1.288 ms - -[0m
2022-04-05 19:19:13 info: [0mGET /api/admin/users/gererate-docs?type=welcome-letter&id=624595fb4bebb40d28f8d7db [36m304[0m 18.305 ms - -[0m
2022-04-05 19:20:11 info: =================================
2022-04-05 19:20:11 info: ======= ENV: development =======
2022-04-05 19:20:11 info: 🚀 App listening on the port 5000
2022-04-05 19:20:11 info: =================================
2022-04-05 19:20:22 info: =================================
2022-04-05 19:20:22 info: ======= ENV: development =======
2022-04-05 19:20:22 info: 🚀 App listening on the port 5000
2022-04-05 19:20:22 info: =================================
2022-04-05 19:20:32 info: =================================
2022-04-05 19:20:32 info: ======= ENV: development =======
2022-04-05 19:20:32 info: 🚀 App listening on the port 5000
2022-04-05 19:20:32 info: =================================
2022-04-05 19:20:51 info: =================================
2022-04-05 19:20:51 info: ======= ENV: development =======
2022-04-05 19:20:51 info: 🚀 App listening on the port 5000
2022-04-05 19:20:51 info: =================================
2022-04-05 19:21:00 info: [0mGET /api-docs/ [36m304[0m 6.613 ms - -[0m
2022-04-05 19:21:00 info: [0mGET /api-docs/swagger-ui.css [36m304[0m 2.705 ms - -[0m
2022-04-05 19:21:00 info: [0mGET /api-docs/swagger-ui-bundle.js [36m304[0m 2.882 ms - -[0m
2022-04-05 19:21:00 info: [0mGET /api-docs/swagger-ui-standalone-preset.js [36m304[0m 2.160 ms - -[0m
2022-04-05 19:21:00 info: [0mGET /api-docs/swagger-load.js [36m304[0m 2.918 ms - -[0m
2022-04-05 19:21:00 info: [0mGET /swagger.yaml [36m304[0m 0.727 ms - -[0m
2022-04-05 19:21:00 info: [0mGET /api-docs/favicon-32x32.png [36m304[0m 1.258 ms - -[0m
2022-04-05 19:21:04 info: [0mGET /api/admin/users/gererate-docs?type=welcome-letter&id=624595fb4bebb40d28f8d7db [36m304[0m 16.167 ms - -[0m
2022-04-05 19:23:17 info: =================================
2022-04-05 19:23:17 info: ======= ENV: development =======
2022-04-05 19:23:17 info: 🚀 App listening on the port 5000
2022-04-05 19:23:17 info: =================================
2022-04-05 19:23:34 info: =================================
2022-04-05 19:23:34 info: ======= ENV: development =======
2022-04-05 19:23:34 info: 🚀 App listening on the port 5000
2022-04-05 19:23:34 info: =================================
2022-04-05 19:23:38 info: [0mGET /api/admin/users/gererate-docs?type=welcome-letter&id=624595fb4bebb40d28f8d7db [36m304[0m 23.163 ms - -[0m
2022-04-05 19:24:51 info: =================================
2022-04-05 19:24:51 info: ======= ENV: development =======
2022-04-05 19:24:51 info: 🚀 App listening on the port 5000
2022-04-05 19:24:51 info: =================================
2022-04-05 19:25:26 info: =================================
2022-04-05 19:25:26 info: ======= ENV: development =======
2022-04-05 19:25:26 info: 🚀 App listening on the port 5000
2022-04-05 19:25:26 info: =================================
2022-04-05 19:26:02 info: [0mGET /api/admin/users/gererate-docs?type=welcome-letter&id=624595fb4bebb40d28f8d7db [36m304[0m 27.855 ms - -[0m
2022-04-05 19:26:26 info: =================================
2022-04-05 19:26:26 info: ======= ENV: development =======
2022-04-05 19:26:26 info: 🚀 App listening on the port 5000
2022-04-05 19:26:26 info: =================================
2022-04-05 19:26:41 info: [0mGET /api/admin/users/gererate-docs?type=welcome-letter&id=624595fb4bebb40d28f8d7db [36m304[0m 19.556 ms - -[0m
2022-04-05 19:26:58 info: =================================
2022-04-05 19:26:58 info: ======= ENV: development =======
2022-04-05 19:26:58 info: 🚀 App listening on the port 5000
2022-04-05 19:26:58 info: =================================
2022-04-05 19:27:14 info: =================================
2022-04-05 19:27:14 info: ======= ENV: development =======
2022-04-05 19:27:14 info: 🚀 App listening on the port 5000
2022-04-05 19:27:14 info: =================================
2022-04-05 19:27:22 info: =================================
2022-04-05 19:27:22 info: ======= ENV: development =======
2022-04-05 19:27:22 info: 🚀 App listening on the port 5000
2022-04-05 19:27:22 info: =================================
2022-04-05 19:27:38 info: [0mGET /api/admin/users/gererate-docs?type=welcome-letter&id=624595fb4bebb40d28f8d7db [36m304[0m 20.155 ms - -[0m
2022-04-05 19:28:40 info: =================================
2022-04-05 19:28:40 info: ======= ENV: development =======
2022-04-05 19:28:40 info: 🚀 App listening on the port 5000
2022-04-05 19:28:40 info: =================================
2022-04-05 19:28:42 info: [0mGET /api/admin/users/gererate-docs?type=welcome-letter&id=624595fb4bebb40d28f8d7db [36m304[0m 21.176 ms - -[0m
