2022-04-07 10:16:49 info: =================================
2022-04-07 10:16:49 info: ======= ENV: development =======
2022-04-07 10:16:49 info: 🚀 App listening on the port 5000
2022-04-07 10:16:49 info: =================================
2022-04-07 10:16:51 info: [0mGET /api-docs/ [36m304[0m 6.620 ms - -[0m
2022-04-07 10:16:51 info: [0mGET /api-docs/swagger-ui.css [36m304[0m 4.344 ms - -[0m
2022-04-07 10:16:51 info: [0mGET /api-docs/swagger-ui-bundle.js [36m304[0m 3.505 ms - -[0m
2022-04-07 10:16:51 info: [0mGET /api-docs/swagger-ui-standalone-preset.js [36m304[0m 1.552 ms - -[0m
2022-04-07 10:16:51 info: [0mGET /api-docs/swagger-load.js [36m304[0m 2.221 ms - -[0m
2022-04-07 10:16:51 info: [0mGET /swagger.yaml [36m304[0m 0.588 ms - -[0m
2022-04-07 10:19:23 info: [0mOPTIONS /api/admin/create-user [32m204[0m 0.430 ms - 0[0m
2022-04-07 10:19:23 error: [POST] /api/admin/create-user >> StatusCode:: 409, Message:: User is already exist
2022-04-07 10:19:23 info: [0mPOST /api/admin/create-user [33m409[0m 72.549 ms - 35[0m
2022-04-07 10:19:37 info: [0mOPTIONS /api/admin/create-user [32m204[0m 0.272 ms - 0[0m
2022-04-07 10:19:38 info: [0mPOST /api/admin/create-user [32m201[0m 363.607 ms - 79[0m
2022-04-07 10:20:03 info: [0mGET /api/admin/user-details/employee [32m200[0m 20.843 ms - -[0m
2022-04-07 10:20:41 info: [0mOPTIONS /api/admin/user/update-role/301996rohhit%40gmail.com [32m204[0m 0.208 ms - 0[0m
2022-04-07 10:20:42 info: [0mPATCH /api/admin/user/update-role/301996rohhit%40gmail.com [32m200[0m 31.635 ms - 496[0m
2022-04-07 10:20:55 info: [0mOPTIONS /api/admin/user/update-role/301996rohhit%40gmail.com [32m204[0m 0.237 ms - 0[0m
2022-04-07 10:20:55 info: [0mPATCH /api/admin/user/update-role/301996rohhit%40gmail.com [32m200[0m 13.803 ms - 449[0m
2022-04-07 10:22:08 info: [0mOPTIONS /api/admin/user/update-profile/624e6d61b7de431418eee7ee [32m204[0m 0.169 ms - 0[0m
2022-04-07 10:22:08 info: [0mPUT /api/admin/user/update-profile/624e6d61b7de431418eee7ee [32m200[0m 15.337 ms - 443[0m
2022-04-07 10:22:44 info: [0mOPTIONS /api/admin/user/update-profile/624e6d61b7de431418eee7ee [32m204[0m 0.145 ms - 0[0m
2022-04-07 10:22:44 error: [PUT] /api/admin/user/update-profile/624e6d61b7de431418eee7ee >> StatusCode:: 409, Message:: Your email harshit.sharma2231@gmail.com already exists
2022-04-07 10:22:44 info: [0mPUT /api/admin/user/update-profile/624e6d61b7de431418eee7ee [33m409[0m 9.725 ms - 68[0m
2022-04-07 10:23:12 info: [0mOPTIONS /api/admin/user/update-profile/624e6d61b7de431418eee7ee [32m204[0m 0.170 ms - 0[0m
2022-04-07 10:23:12 info: [0mPUT /api/admin/user/update-profile/624e6d61b7de431418eee7ee [32m200[0m 12.083 ms - 442[0m
2022-04-07 10:23:51 info: [0mOPTIONS /api/admin/delete-user/624e6d61b7de431418eee7ee [32m204[0m 0.159 ms - 0[0m
2022-04-07 10:23:51 info: [0mDELETE /api/admin/delete-user/624e6d61b7de431418eee7ee [32m200[0m 11.417 ms - 56[0m
2022-04-07 10:24:01 info: [0mGET /api/admin/user-details/employee [32m200[0m 12.567 ms - 952[0m
2022-04-07 10:25:40 info: [0mGET /api/admin/users/export?role=employee [32m200[0m 108.224 ms - 10[0m
2022-04-07 10:28:45 info: [0mGET /api/admin/user-details/employee [36m304[0m 13.190 ms - -[0m
2022-04-07 10:29:11 info: [0mGET /api/admin/users/gererate-docs?type=welcome-letter&id=624595fb4bebb40d28f8d7db [36m304[0m 4781.589 ms - -[0m
2022-04-07 10:45:18 info: =================================
2022-04-07 10:45:18 info: ======= ENV: development =======
2022-04-07 10:45:18 info: 🚀 App listening on the port 5000
2022-04-07 10:45:18 info: =================================
2022-04-07 10:47:33 info: =================================
2022-04-07 10:47:33 info: ======= ENV: development =======
2022-04-07 10:47:33 info: 🚀 App listening on the port 5000
2022-04-07 10:47:33 info: =================================
2022-04-07 10:48:32 info: =================================
2022-04-07 10:48:32 info: ======= ENV: development =======
2022-04-07 10:48:32 info: 🚀 App listening on the port 5000
2022-04-07 10:48:32 info: =================================
2022-04-07 10:48:42 info: [0mOPTIONS /api/admin/create-user [32m204[0m 2.173 ms - 0[0m
2022-04-07 10:48:42 error: [POST] /api/admin/create-user >> StatusCode:: 401, Message:: Wrong authentication token
2022-04-07 10:48:42 info: [0mPOST /api/admin/create-user [33m401[0m 39.927 ms - 40[0m
2022-04-07 10:54:00 info: =================================
2022-04-07 10:54:00 info: ======= ENV: development =======
2022-04-07 10:54:00 info: 🚀 App listening on the port 5000
2022-04-07 10:54:00 info: =================================
2022-04-07 10:54:05 info: =================================
2022-04-07 10:54:05 info: ======= ENV: development =======
2022-04-07 10:54:05 info: 🚀 App listening on the port 5000
2022-04-07 10:54:05 info: =================================
2022-04-07 10:55:18 info: =================================
2022-04-07 10:55:18 info: ======= ENV: development =======
2022-04-07 10:55:18 info: 🚀 App listening on the port 5000
2022-04-07 10:55:18 info: =================================
2022-04-07 10:56:14 info: [0mGET /api-docs/ [36m304[0m 6.735 ms - -[0m
2022-04-07 10:56:14 info: [0mGET /api-docs/swagger-ui.css [36m304[0m 2.744 ms - -[0m
2022-04-07 10:56:14 info: [0mGET /api-docs/swagger-ui-bundle.js [36m304[0m 2.560 ms - -[0m
2022-04-07 10:56:14 info: [0mGET /api-docs/swagger-ui-standalone-preset.js [36m304[0m 1.657 ms - -[0m
2022-04-07 10:56:14 info: [0mGET /api-docs/swagger-load.js [36m304[0m 2.107 ms - -[0m
2022-04-07 10:56:14 info: [0mGET /swagger.yaml [36m304[0m 0.828 ms - -[0m
2022-04-07 10:56:14 info: [0mGET /api-docs/favicon-32x32.png [36m304[0m 0.957 ms - -[0m
2022-04-07 10:58:42 info: [0mGET /api-docs/ [36m304[0m 0.783 ms - -[0m
2022-04-07 10:58:42 info: [0mGET /api-docs/swagger-ui.css [36m304[0m 2.506 ms - -[0m
2022-04-07 10:58:42 info: [0mGET /api-docs/swagger-ui-bundle.js [36m304[0m 2.862 ms - -[0m
2022-04-07 10:58:42 info: [0mGET /api-docs/swagger-ui-standalone-preset.js [36m304[0m 2.675 ms - -[0m
2022-04-07 10:58:42 info: [0mGET /api-docs/swagger-load.js [36m304[0m 2.893 ms - -[0m
2022-04-07 10:58:42 info: [0mGET /api-docs/favicon-32x32.png [36m304[0m 5.716 ms - -[0m
2022-04-07 10:58:42 info: [0mGET /swagger.yaml [32m200[0m 6.682 ms - -[0m
2022-04-07 10:59:26 info: [0mOPTIONS /api/admin/users/export?role=employee [32m204[0m 0.316 ms - 0[0m
2022-04-07 10:59:26 info: [0mGET /api/admin/users/export?role=employee [32m200[0m 106.567 ms - 42[0m
2022-04-07 10:59:42 info: [0mOPTIONS /api/admin/user-details/employee [32m204[0m 0.192 ms - 0[0m
2022-04-07 10:59:42 info: [0mGET /api/admin/user-details/employee [36m304[0m 15.466 ms - -[0m
2022-04-07 11:00:05 info: [0mOPTIONS /api/admin/create-user [32m204[0m 0.152 ms - 0[0m
2022-04-07 11:00:05 error: [POST] /api/admin/create-user >> StatusCode:: 404, Message:: Authentication token missing
2022-04-07 11:00:05 info: [0mPOST /api/admin/create-user [33m404[0m 32.298 ms - 42[0m
2022-04-07 11:01:22 info: =================================
2022-04-07 11:01:22 info: ======= ENV: development =======
2022-04-07 11:01:22 info: 🚀 App listening on the port 5000
2022-04-07 11:01:22 info: =================================
2022-04-07 11:01:30 info: =================================
2022-04-07 11:01:30 info: ======= ENV: development =======
2022-04-07 11:01:30 info: 🚀 App listening on the port 5000
2022-04-07 11:01:30 info: =================================
2022-04-07 11:02:39 info: =================================
2022-04-07 11:02:39 info: ======= ENV: development =======
2022-04-07 11:02:39 info: 🚀 App listening on the port 5000
2022-04-07 11:02:39 info: =================================
2022-04-07 11:03:01 info: =================================
2022-04-07 11:03:01 info: ======= ENV: development =======
2022-04-07 11:03:01 info: 🚀 App listening on the port 5000
2022-04-07 11:03:01 info: =================================
2022-04-07 11:03:13 info: =================================
2022-04-07 11:03:13 info: ======= ENV: development =======
2022-04-07 11:03:13 info: 🚀 App listening on the port 5000
2022-04-07 11:03:13 info: =================================
2022-04-07 11:03:43 info: =================================
2022-04-07 11:03:43 info: ======= ENV: development =======
2022-04-07 11:03:43 info: 🚀 App listening on the port 5000
2022-04-07 11:03:43 info: =================================
2022-04-07 11:07:00 info: =================================
2022-04-07 11:07:00 info: ======= ENV: development =======
2022-04-07 11:07:00 info: 🚀 App listening on the port 5000
2022-04-07 11:07:00 info: =================================
2022-04-07 11:07:12 info: [0mGET /api-docs/ [36m304[0m 7.135 ms - -[0m
2022-04-07 11:07:12 info: [0mGET /api-docs/swagger-ui.css [36m304[0m 5.175 ms - -[0m
2022-04-07 11:07:12 info: [0mGET /api-docs/swagger-ui-bundle.js [36m304[0m 6.142 ms - -[0m
2022-04-07 11:07:12 info: [0mGET /api-docs/swagger-ui-standalone-preset.js [36m304[0m 9.059 ms - -[0m
2022-04-07 11:07:12 info: [0mGET /api-docs/swagger-load.js [36m304[0m 2.260 ms - -[0m
2022-04-07 11:07:12 info: [0mGET /swagger.yaml [36m304[0m 0.778 ms - -[0m
2022-04-07 11:07:12 info: [0mGET /api-docs/favicon-32x32.png [36m304[0m 2.131 ms - -[0m
2022-04-07 11:07:24 info: [0mGET /api/admin/users/gererate-docs?type=welcome-letter&id=624595fb4bebb40d28f8d7db [32m201[0m 28.557 ms - 25[0m
2022-04-07 11:09:52 info: =================================
2022-04-07 11:09:52 info: ======= ENV: development =======
2022-04-07 11:09:52 info: 🚀 App listening on the port 5000
2022-04-07 11:09:52 info: =================================
2022-04-07 11:11:31 info: =================================
2022-04-07 11:11:31 info: ======= ENV: development =======
2022-04-07 11:11:31 info: 🚀 App listening on the port 5000
2022-04-07 11:11:31 info: =================================
2022-04-07 11:12:14 info: =================================
2022-04-07 11:12:14 info: ======= ENV: development =======
2022-04-07 11:12:14 info: 🚀 App listening on the port 5000
2022-04-07 11:12:14 info: =================================
2022-04-07 11:13:00 info: =================================
2022-04-07 11:13:00 info: ======= ENV: development =======
2022-04-07 11:13:00 info: 🚀 App listening on the port 5000
2022-04-07 11:13:00 info: =================================
2022-04-07 11:13:12 info: =================================
2022-04-07 11:13:12 info: ======= ENV: development =======
2022-04-07 11:13:12 info: 🚀 App listening on the port 5000
2022-04-07 11:13:12 info: =================================
2022-04-07 11:13:21 info: =================================
2022-04-07 11:13:21 info: ======= ENV: development =======
2022-04-07 11:13:21 info: 🚀 App listening on the port 5000
2022-04-07 11:13:21 info: =================================
2022-04-07 11:14:27 info: =================================
2022-04-07 11:14:27 info: ======= ENV: development =======
2022-04-07 11:14:27 info: 🚀 App listening on the port 5000
2022-04-07 11:14:27 info: =================================
2022-04-07 11:15:03 info: =================================
2022-04-07 11:15:03 info: ======= ENV: development =======
2022-04-07 11:15:03 info: 🚀 App listening on the port 5000
2022-04-07 11:15:03 info: =================================
2022-04-07 11:15:11 info: =================================
2022-04-07 11:15:11 info: ======= ENV: development =======
2022-04-07 11:15:11 info: 🚀 App listening on the port 5000
2022-04-07 11:15:11 info: =================================
2022-04-07 11:15:29 info: =================================
2022-04-07 11:15:29 info: ======= ENV: development =======
2022-04-07 11:15:29 info: 🚀 App listening on the port 5000
2022-04-07 11:15:29 info: =================================
2022-04-07 11:15:45 info: =================================
2022-04-07 11:15:45 info: ======= ENV: development =======
2022-04-07 11:15:45 info: 🚀 App listening on the port 5000
2022-04-07 11:15:45 info: =================================
2022-04-07 11:16:04 info: =================================
2022-04-07 11:16:04 info: ======= ENV: development =======
2022-04-07 11:16:04 info: 🚀 App listening on the port 5000
2022-04-07 11:16:04 info: =================================
2022-04-07 11:16:37 info: =================================
2022-04-07 11:16:37 info: ======= ENV: development =======
2022-04-07 11:16:37 info: 🚀 App listening on the port 5000
2022-04-07 11:16:37 info: =================================
2022-04-07 11:19:31 info: =================================
2022-04-07 11:19:31 info: ======= ENV: development =======
2022-04-07 11:19:31 info: 🚀 App listening on the port 5000
2022-04-07 11:19:31 info: =================================
2022-04-07 11:20:11 info: =================================
2022-04-07 11:20:11 info: ======= ENV: development =======
2022-04-07 11:20:11 info: 🚀 App listening on the port 5000
2022-04-07 11:20:11 info: =================================
2022-04-07 11:20:20 info: =================================
2022-04-07 11:20:20 info: ======= ENV: development =======
2022-04-07 11:20:20 info: 🚀 App listening on the port 5000
2022-04-07 11:20:20 info: =================================
2022-04-07 11:21:17 info: =================================
2022-04-07 11:21:17 info: ======= ENV: development =======
2022-04-07 11:21:17 info: 🚀 App listening on the port 5000
2022-04-07 11:21:17 info: =================================
2022-04-07 11:21:35 info: =================================
2022-04-07 11:21:35 info: ======= ENV: development =======
2022-04-07 11:21:35 info: 🚀 App listening on the port 5000
2022-04-07 11:21:35 info: =================================
2022-04-07 11:23:40 info: =================================
2022-04-07 11:23:40 info: ======= ENV: development =======
2022-04-07 11:23:40 info: 🚀 App listening on the port 5000
2022-04-07 11:23:40 info: =================================
2022-04-07 11:24:17 info: =================================
2022-04-07 11:24:17 info: ======= ENV: development =======
2022-04-07 11:24:17 info: 🚀 App listening on the port 5000
2022-04-07 11:24:17 info: =================================
2022-04-07 11:25:06 info: =================================
2022-04-07 11:25:06 info: ======= ENV: development =======
2022-04-07 11:25:06 info: 🚀 App listening on the port 5000
2022-04-07 11:25:06 info: =================================
2022-04-07 11:25:51 info: [0mGET /api-docs/ [36m304[0m 6.407 ms - -[0m
2022-04-07 11:25:51 info: [0mGET /api-docs/swagger-ui.css [36m304[0m 2.580 ms - -[0m
2022-04-07 11:25:51 info: [0mGET /api-docs/swagger-ui-bundle.js [36m304[0m 2.740 ms - -[0m
2022-04-07 11:25:51 info: [0mGET /api-docs/swagger-ui-standalone-preset.js [36m304[0m 1.558 ms - -[0m
2022-04-07 11:25:51 info: [0mGET /api-docs/swagger-load.js [36m304[0m 2.329 ms - -[0m
2022-04-07 11:25:52 info: [0mGET /api-docs/favicon-32x32.png [36m304[0m 1.990 ms - -[0m
2022-04-07 11:25:52 info: [0mGET /swagger.yaml [32m200[0m 7.246 ms - -[0m
2022-04-07 11:25:57 info: [0mOPTIONS /api/auth/login [32m204[0m 0.331 ms - 0[0m
2022-04-07 11:25:57 error: [POST] /api/auth/login >> StatusCode:: 409, Message:: You are registered as Admin
2022-04-07 11:25:57 info: [0mPOST /api/auth/login [33m409[0m 40.133 ms - 41[0m
2022-04-07 11:26:57 info: =================================
2022-04-07 11:26:57 info: ======= ENV: development =======
2022-04-07 11:26:57 info: 🚀 App listening on the port 5000
2022-04-07 11:26:57 info: =================================
2022-04-07 11:28:11 info: =================================
2022-04-07 11:28:11 info: ======= ENV: development =======
2022-04-07 11:28:11 info: 🚀 App listening on the port 5000
2022-04-07 11:28:11 info: =================================
2022-04-07 11:33:59 info: =================================
2022-04-07 11:33:59 info: ======= ENV: development =======
2022-04-07 11:33:59 info: 🚀 App listening on the port 5000
2022-04-07 11:33:59 info: =================================
2022-04-07 11:34:51 info: =================================
2022-04-07 11:34:51 info: ======= ENV: development =======
2022-04-07 11:34:51 info: 🚀 App listening on the port 5000
2022-04-07 11:34:51 info: =================================
2022-04-07 11:35:00 info: =================================
2022-04-07 11:35:00 info: ======= ENV: development =======
2022-04-07 11:35:00 info: 🚀 App listening on the port 5000
2022-04-07 11:35:00 info: =================================
2022-04-07 11:35:38 info: =================================
2022-04-07 11:35:38 info: ======= ENV: development =======
2022-04-07 11:35:38 info: 🚀 App listening on the port 5000
2022-04-07 11:35:38 info: =================================
2022-04-07 11:35:48 info: =================================
2022-04-07 11:35:48 info: ======= ENV: development =======
2022-04-07 11:35:48 info: 🚀 App listening on the port 5000
2022-04-07 11:35:48 info: =================================
2022-04-07 11:35:54 info: =================================
2022-04-07 11:35:54 info: ======= ENV: development =======
2022-04-07 11:35:54 info: 🚀 App listening on the port 5000
2022-04-07 11:35:54 info: =================================
2022-04-07 11:36:03 info: =================================
2022-04-07 11:36:03 info: ======= ENV: development =======
2022-04-07 11:36:03 info: 🚀 App listening on the port 5000
2022-04-07 11:36:03 info: =================================
2022-04-07 11:36:22 info: =================================
2022-04-07 11:36:22 info: ======= ENV: development =======
2022-04-07 11:36:22 info: 🚀 App listening on the port 5000
2022-04-07 11:36:22 info: =================================
2022-04-07 11:36:34 info: =================================
2022-04-07 11:36:34 info: ======= ENV: development =======
2022-04-07 11:36:34 info: 🚀 App listening on the port 5000
2022-04-07 11:36:34 info: =================================
2022-04-07 11:36:52 info: =================================
2022-04-07 11:36:52 info: ======= ENV: development =======
2022-04-07 11:36:52 info: 🚀 App listening on the port 5000
2022-04-07 11:36:52 info: =================================
2022-04-07 11:37:19 info: [0mGET /api-docs/ [36m304[0m 6.549 ms - -[0m
2022-04-07 11:37:19 info: [0mGET /api-docs/swagger-ui.css [36m304[0m 2.901 ms - -[0m
2022-04-07 11:37:19 info: [0mGET /api-docs/swagger-ui-bundle.js [36m304[0m 3.200 ms - -[0m
2022-04-07 11:37:19 info: [0mGET /api-docs/swagger-ui-standalone-preset.js [36m304[0m 3.825 ms - -[0m
2022-04-07 11:37:19 info: [0mGET /api-docs/swagger-load.js [36m304[0m 2.060 ms - -[0m
2022-04-07 11:37:19 info: [0mGET /swagger.yaml [36m304[0m 0.753 ms - -[0m
2022-04-07 11:37:19 info: [0mGET /api-docs/favicon-32x32.png [36m304[0m 1.008 ms - -[0m
2022-04-07 11:37:23 info: [0mOPTIONS /api/auth/login [32m204[0m 0.345 ms - 0[0m
2022-04-07 11:37:23 error: [POST] /api/auth/login >> StatusCode:: 409, Message:: You are registered as Admin
2022-04-07 11:37:23 info: [0mPOST /api/auth/login [33m409[0m 40.840 ms - 41[0m
2022-04-07 11:37:47 info: =================================
2022-04-07 11:37:47 info: ======= ENV: development =======
2022-04-07 11:37:47 info: 🚀 App listening on the port 5000
2022-04-07 11:37:47 info: =================================
2022-04-07 11:37:47 info: [0mGET /api-docs/ [36m304[0m 19.236 ms - -[0m
2022-04-07 11:37:47 info: [0mGET /api-docs/swagger-ui.css [36m304[0m 6.723 ms - -[0m
2022-04-07 11:37:47 info: [0mGET /api-docs/swagger-ui-bundle.js [36m304[0m 6.056 ms - -[0m
2022-04-07 11:37:47 info: [0mGET /api-docs/swagger-ui-standalone-preset.js [36m304[0m 6.293 ms - -[0m
2022-04-07 11:37:47 info: [0mGET /api-docs/swagger-load.js [36m304[0m 2.554 ms - -[0m
2022-04-07 11:37:48 info: [0mGET /swagger.yaml [36m304[0m 0.718 ms - -[0m
2022-04-07 11:37:48 info: [0mGET /api-docs/favicon-32x32.png [36m304[0m 1.899 ms - -[0m
2022-04-07 11:37:51 info: [0mOPTIONS /api/auth/login [32m204[0m 0.300 ms - 0[0m
2022-04-07 11:37:51 error: [POST] /api/auth/login >> StatusCode:: 500, Message:: console is not a function
2022-04-07 11:37:51 info: [0mPOST /api/auth/login [31m500[0m 35.977 ms - 39[0m
2022-04-07 11:38:20 info: =================================
2022-04-07 11:38:20 info: ======= ENV: development =======
2022-04-07 11:38:20 info: 🚀 App listening on the port 5000
2022-04-07 11:38:20 info: =================================
2022-04-07 11:38:24 info: [0mOPTIONS /api/auth/login [32m204[0m 2.633 ms - 0[0m
2022-04-07 11:38:24 error: [POST] /api/auth/login >> StatusCode:: 409, Message:: You are registered as Admin
2022-04-07 11:38:24 info: [0mPOST /api/auth/login [33m409[0m 47.326 ms - 41[0m
2022-04-07 11:38:52 info: =================================
2022-04-07 11:38:52 info: ======= ENV: development =======
2022-04-07 11:38:52 info: 🚀 App listening on the port 5000
2022-04-07 11:38:52 info: =================================
2022-04-07 11:39:38 info: =================================
2022-04-07 11:39:38 info: ======= ENV: development =======
2022-04-07 11:39:38 info: 🚀 App listening on the port 5000
2022-04-07 11:39:38 info: =================================
2022-04-07 11:39:58 info: =================================
2022-04-07 11:39:58 info: ======= ENV: development =======
2022-04-07 11:39:58 info: 🚀 App listening on the port 5000
2022-04-07 11:39:58 info: =================================
2022-04-07 11:40:05 info: =================================
2022-04-07 11:40:05 info: ======= ENV: development =======
2022-04-07 11:40:05 info: 🚀 App listening on the port 5000
2022-04-07 11:40:05 info: =================================
2022-04-07 11:40:34 info: =================================
2022-04-07 11:40:34 info: ======= ENV: development =======
2022-04-07 11:40:34 info: 🚀 App listening on the port 5000
2022-04-07 11:40:34 info: =================================
2022-04-07 11:40:52 info: =================================
2022-04-07 11:40:52 info: ======= ENV: development =======
2022-04-07 11:40:52 info: 🚀 App listening on the port 5000
2022-04-07 11:40:52 info: =================================
2022-04-07 11:40:57 info: =================================
2022-04-07 11:40:57 info: ======= ENV: development =======
2022-04-07 11:40:57 info: 🚀 App listening on the port 5000
2022-04-07 11:40:57 info: =================================
2022-04-07 11:41:06 info: [0mOPTIONS /api/auth/login [32m204[0m 2.309 ms - 0[0m
2022-04-07 11:41:07 info: [0mPOST /api/auth/login [32m200[0m 191.690 ms - 468[0m
2022-04-07 11:41:56 info: [0mOPTIONS /api/auth/login [32m204[0m 0.476 ms - 0[0m
2022-04-07 11:41:56 error: [POST] /api/auth/login >> StatusCode:: 409, Message:: You are registered as Admin
2022-04-07 11:41:56 info: [0mPOST /api/auth/login [33m409[0m 10.029 ms - 41[0m
2022-04-07 11:42:02 info: [0mOPTIONS /api/auth/login [32m204[0m 0.425 ms - 0[0m
2022-04-07 11:42:02 info: [0mPOST /api/auth/login [32m200[0m 138.358 ms - 468[0m
2022-04-07 11:42:59 info: [0mOPTIONS /api/admin/create-user [32m204[0m 0.193 ms - 0[0m
2022-04-07 11:42:59 error: [POST] /api/admin/create-user >> StatusCode:: 401, Message:: Wrong authentication token
2022-04-07 11:42:59 info: [0mPOST /api/admin/create-user [33m401[0m 3.579 ms - 40[0m
2022-04-07 11:43:14 info: [0mOPTIONS /api/admin/create-user [32m204[0m 0.176 ms - 0[0m
2022-04-07 11:43:14 error: [POST] /api/admin/create-user >> StatusCode:: 409, Message:: User is already exist
2022-04-07 11:43:14 info: [0mPOST /api/admin/create-user [33m409[0m 16.772 ms - 35[0m
2022-04-07 11:43:25 info: [0mOPTIONS /api/admin/create-user [32m204[0m 0.163 ms - 0[0m
2022-04-07 11:43:25 info: [0mPOST /api/admin/create-user [32m201[0m 253.957 ms - 79[0m
2022-04-07 11:44:10 info: [0mOPTIONS /api/admin/user/update-role/301996rohit%40gmail.com [32m204[0m 0.174 ms - 0[0m
2022-04-07 11:44:10 info: [0mPATCH /api/admin/user/update-role/301996rohit%40gmail.com [32m200[0m 19.543 ms - 496[0m
2022-04-07 11:44:19 info: [0mOPTIONS /api/admin/user/update-role/301996rohit%40gmail.com [32m204[0m 0.167 ms - 0[0m
2022-04-07 11:44:19 info: [0mPATCH /api/admin/user/update-role/301996rohit%40gmail.com [32m200[0m 14.885 ms - 543[0m
2022-04-07 11:45:31 info: =================================
2022-04-07 11:45:31 info: ======= ENV: development =======
2022-04-07 11:45:31 info: 🚀 App listening on the port 5000
2022-04-07 11:45:31 info: =================================
2022-04-07 11:45:39 info: [0mGET /api-docs/ [36m304[0m 5.364 ms - -[0m
2022-04-07 11:45:39 info: [0mGET /api-docs/swagger-ui.css [36m304[0m 2.400 ms - -[0m
2022-04-07 11:45:39 info: [0mGET /api-docs/swagger-ui-bundle.js [36m304[0m 3.742 ms - -[0m
2022-04-07 11:45:39 info: [0mGET /api-docs/swagger-ui-standalone-preset.js [36m304[0m 2.159 ms - -[0m
2022-04-07 11:45:39 info: [0mGET /api-docs/swagger-load.js [36m304[0m 2.132 ms - -[0m
2022-04-07 11:45:39 info: [0mGET /api-docs/favicon-32x32.png [36m304[0m 1.956 ms - -[0m
2022-04-07 11:45:39 info: [0mGET /swagger.yaml [32m200[0m 6.122 ms - -[0m
2022-04-07 11:46:49 info: =================================
2022-04-07 11:46:49 info: ======= ENV: development =======
2022-04-07 11:46:49 info: 🚀 App listening on the port 5000
2022-04-07 11:46:49 info: =================================
2022-04-07 11:47:09 info: =================================
2022-04-07 11:47:09 info: ======= ENV: development =======
2022-04-07 11:47:09 info: 🚀 App listening on the port 5000
2022-04-07 11:47:09 info: =================================
2022-04-07 11:47:29 info: =================================
2022-04-07 11:47:29 info: ======= ENV: development =======
2022-04-07 11:47:29 info: 🚀 App listening on the port 5000
2022-04-07 11:47:29 info: =================================
2022-04-07 11:47:31 info: [0mGET /api-docs/ [36m304[0m 6.803 ms - -[0m
2022-04-07 11:47:31 info: [0mGET /api-docs/swagger-ui-standalone-preset.js [36m304[0m 3.158 ms - -[0m
2022-04-07 11:47:31 info: [0mGET /api-docs/swagger-ui.css [36m304[0m 3.489 ms - -[0m
2022-04-07 11:47:31 info: [0mGET /api-docs/swagger-ui-bundle.js [36m304[0m 4.106 ms - -[0m
2022-04-07 11:47:31 info: [0mGET /api-docs/swagger-load.js [36m304[0m 0.812 ms - -[0m
2022-04-07 11:47:31 info: [0mGET /api-docs/favicon-32x32.png [36m304[0m 1.876 ms - -[0m
2022-04-07 11:47:31 info: [0mGET /swagger.yaml [32m200[0m 9.217 ms - -[0m
2022-04-07 11:47:51 info: [0mGET /api/admin/user-details/employee [32m200[0m 28.455 ms - -[0m
2022-04-07 11:48:35 info: [0mOPTIONS /api/admin/user/update-role/%7Bid%7D [32m204[0m 0.386 ms - 0[0m
2022-04-07 11:48:35 error: [PATCH] /api/admin/user/update-role/%7Bid%7D >> StatusCode:: 500, Message:: Cast to ObjectId failed for value "{id}" (type string) at path "_id" for model "User"
2022-04-07 11:48:35 info: [0mPATCH /api/admin/user/update-role/%7Bid%7D [31m500[0m 36.400 ms - 105[0m
2022-04-07 11:50:21 info: =================================
2022-04-07 11:50:21 info: ======= ENV: development =======
2022-04-07 11:50:21 info: 🚀 App listening on the port 5000
2022-04-07 11:50:21 info: =================================
2022-04-07 11:51:13 info: =================================
2022-04-07 11:51:13 info: ======= ENV: development =======
2022-04-07 11:51:13 info: 🚀 App listening on the port 5000
2022-04-07 11:51:13 info: =================================
2022-04-07 11:51:18 info: =================================
2022-04-07 11:51:18 info: ======= ENV: development =======
2022-04-07 11:51:18 info: 🚀 App listening on the port 5000
2022-04-07 11:51:18 info: =================================
2022-04-07 11:51:30 info: =================================
2022-04-07 11:51:30 info: ======= ENV: development =======
2022-04-07 11:51:30 info: 🚀 App listening on the port 5000
2022-04-07 11:51:30 info: =================================
2022-04-07 11:51:50 info: [0mGET /api-docs/ [36m304[0m 5.467 ms - -[0m
2022-04-07 11:51:50 info: [0mGET /api-docs/swagger-ui.css [36m304[0m 4.005 ms - -[0m
2022-04-07 11:51:50 info: [0mGET /api-docs/swagger-ui-bundle.js [36m304[0m 3.828 ms - -[0m
2022-04-07 11:51:50 info: [0mGET /api-docs/swagger-load.js [36m304[0m 1.575 ms - -[0m
2022-04-07 11:51:50 info: [0mGET /api-docs/swagger-ui-standalone-preset.js [36m304[0m 2.024 ms - -[0m
2022-04-07 11:51:50 info: [0mGET /swagger.yaml [36m304[0m 1.005 ms - -[0m
2022-04-07 11:51:50 info: [0mGET /api-docs/favicon-32x32.png [36m304[0m 0.800 ms - -[0m
2022-04-07 11:52:24 info: [0mGET /api-docs/ [36m304[0m 0.749 ms - -[0m
2022-04-07 11:52:24 info: [0mGET /api-docs/swagger-ui.css [36m304[0m 3.996 ms - -[0m
2022-04-07 11:52:24 info: [0mGET /api-docs/swagger-ui-bundle.js [36m304[0m 4.444 ms - -[0m
2022-04-07 11:52:24 info: [0mGET /api-docs/swagger-ui-standalone-preset.js [36m304[0m 4.191 ms - -[0m
2022-04-07 11:52:25 info: [0mGET /api-docs/swagger-load.js [36m304[0m 1.236 ms - -[0m
2022-04-07 11:52:25 info: [0mGET /api-docs/favicon-32x32.png [36m304[0m 2.087 ms - -[0m
2022-04-07 11:52:25 info: [0mGET /swagger.yaml [32m200[0m 6.484 ms - -[0m
2022-04-07 11:52:28 info: [0mGET /api/admin/user-details/employee [36m304[0m 18.026 ms - -[0m
2022-04-07 11:53:01 info: [0mOPTIONS /api/admin/user/update-role/%7Bid%7D [32m204[0m 0.341 ms - 0[0m
2022-04-07 11:53:01 error: [PATCH] /api/admin/user/update-role/%7Bid%7D >> StatusCode:: 500, Message:: Cast to ObjectId failed for value "{id}" (type string) at path "_id" for model "User"
2022-04-07 11:53:01 info: [0mPATCH /api/admin/user/update-role/%7Bid%7D [31m500[0m 36.477 ms - 105[0m
2022-04-07 11:53:35 info: [0mOPTIONS /api/admin/user/update-role/%7Bid%7D [32m204[0m 0.178 ms - 0[0m
2022-04-07 11:53:35 error: [PATCH] /api/admin/user/update-role/%7Bid%7D >> StatusCode:: 500, Message:: Cast to ObjectId failed for value "{id}" (type string) at path "_id" for model "User"
2022-04-07 11:53:35 info: [0mPATCH /api/admin/user/update-role/%7Bid%7D [31m500[0m 3.250 ms - 105[0m
2022-04-07 11:54:36 info: =================================
2022-04-07 11:54:36 info: ======= ENV: development =======
2022-04-07 11:54:36 info: 🚀 App listening on the port 5000
2022-04-07 11:54:36 info: =================================
2022-04-07 11:55:00 info: =================================
2022-04-07 11:55:00 info: ======= ENV: development =======
2022-04-07 11:55:00 info: 🚀 App listening on the port 5000
2022-04-07 11:55:00 info: =================================
2022-04-07 11:55:25 info: [0mOPTIONS /api/admin/user/update-role/%7Bid%7D [32m204[0m 2.726 ms - 0[0m
2022-04-07 11:55:25 error: [PATCH] /api/admin/user/update-role/%7Bid%7D >> StatusCode:: 500, Message:: Cast to ObjectId failed for value "{id}" (type string) at path "_id" for model "User"
2022-04-07 11:55:25 info: [0mPATCH /api/admin/user/update-role/%7Bid%7D [31m500[0m 34.941 ms - 105[0m
2022-04-07 11:56:21 info: =================================
2022-04-07 11:56:21 info: ======= ENV: development =======
2022-04-07 11:56:21 info: 🚀 App listening on the port 5000
2022-04-07 11:56:21 info: =================================
2022-04-07 11:56:24 info: [0mGET /api-docs/ [36m304[0m 5.034 ms - -[0m
2022-04-07 11:56:24 info: [0mGET /api-docs/swagger-ui.css [36m304[0m 4.783 ms - -[0m
2022-04-07 11:56:24 info: [0mGET /api-docs/swagger-ui-bundle.js [36m304[0m 4.227 ms - -[0m
2022-04-07 11:56:24 info: [0mGET /api-docs/swagger-ui-standalone-preset.js [36m304[0m 4.359 ms - -[0m
2022-04-07 11:56:24 info: [0mGET /api-docs/swagger-load.js [36m304[0m 0.768 ms - -[0m
2022-04-07 11:56:24 info: [0mGET /api-docs/favicon-32x32.png [36m304[0m 1.776 ms - -[0m
2022-04-07 11:56:24 info: [0mGET /swagger.yaml [32m200[0m 6.535 ms - -[0m
2022-04-07 11:56:34 info: [0mGET /api/admin/user-details/employee [36m304[0m 20.237 ms - -[0m
2022-04-07 11:57:03 info: [0mOPTIONS /api/admin/user/update-role/624595fb4bebb40d28f8d7db [32m204[0m 0.601 ms - 0[0m
2022-04-07 11:57:03 info: [0mPATCH /api/admin/user/update-role/624595fb4bebb40d28f8d7db [32m200[0m 55.564 ms - 496[0m
2022-04-07 14:02:29 info: =================================
2022-04-07 14:02:29 info: ======= ENV: development =======
2022-04-07 14:02:29 info: 🚀 App listening on the port 5000
2022-04-07 14:02:29 info: =================================
2022-04-07 14:27:14 info: =================================
2022-04-07 14:27:14 info: ======= ENV: development =======
2022-04-07 14:27:14 info: 🚀 App listening on the port 5000
2022-04-07 14:27:14 info: =================================
2022-04-07 15:03:37 info: =================================
2022-04-07 15:03:37 info: ======= ENV: development =======
2022-04-07 15:03:37 info: 🚀 App listening on the port 5000
2022-04-07 15:03:37 info: =================================
2022-04-07 15:03:52 info: =================================
2022-04-07 15:03:52 info: ======= ENV: development =======
2022-04-07 15:03:52 info: 🚀 App listening on the port 5000
2022-04-07 15:03:52 info: =================================
2022-04-07 15:03:58 info: [0mGET /api-docs/ [36m304[0m 6.526 ms - -[0m
2022-04-07 15:03:58 info: [0mGET /api-docs/swagger-ui.css [36m304[0m 2.757 ms - -[0m
2022-04-07 15:03:58 info: [0mGET /api-docs/swagger-ui-bundle.js [36m304[0m 1.190 ms - -[0m
2022-04-07 15:03:58 info: [0mGET /api-docs/swagger-ui-standalone-preset.js [36m304[0m 1.321 ms - -[0m
2022-04-07 15:03:58 info: [0mGET /api-docs/swagger-load.js [32m200[0m 4.455 ms - 604[0m
2022-04-07 15:03:58 info: [0mGET /swagger.yaml [36m304[0m 1.366 ms - -[0m
2022-04-07 15:03:58 info: [0mGET /api-docs/favicon-32x32.png [36m304[0m 0.817 ms - -[0m
